#
# There is insufficient memory for the Java Runtime Environment to continue.
# Native memory allocation (malloc) failed to allocate 1902576 bytes. Error detail: Chunk::new
# Possible reasons:
#   The system is out of physical RAM or swap space
#   This process is running with CompressedOops enabled, and the Java Heap may be blocking the growth of the native heap
# Possible solutions:
#   Reduce memory load on the system
#   Increase physical memory or swap space
#   Check if swap backing store is full
#   Decrease Java heap size (-Xmx/-Xms)
#   Decrease number of Java threads
#   Decrease Java thread stack sizes (-Xss)
#   Set larger code cache with -XX:ReservedCodeCacheSize=
#   JVM is running with Unscaled Compressed Oops mode in which the Java heap is
#     placed in the first 4GB address space. The Java Heap base address is the
#     maximum limit for the native heap growth. Please use -XX:HeapBaseMinAddress
#     to set the Java Heap base and to place the Java Heap above 4GB virtual address.
# This output file may be truncated or incomplete.
#
#  Out of Memory Error (arena.cpp:168), pid=12764, tid=26688
#
# JRE version: OpenJDK Runtime Environment Temurin-21.0.9+10 (21.0.9+10) (build 21.0.9+10-LTS)
# Java VM: OpenJDK 64-Bit Server VM Temurin-21.0.9+10 (21.0.9+10-LTS, mixed mode, sharing, tiered, compressed oops, compressed class ptrs, parallel gc, windows-amd64)
# No core dump will be written. Minidumps are not enabled by default on client versions of Windows
#

---------------  S U M M A R Y ------------

Command Line: --add-modules=ALL-SYSTEM --add-opens=java.base/java.util=ALL-UNNAMED --add-opens=java.base/java.lang=ALL-UNNAMED --add-opens=java.base/sun.nio.fs=ALL-UNNAMED -Declipse.application=org.eclipse.jdt.ls.core.id1 -Dosgi.bundles.defaultStartLevel=4 -Declipse.product=org.eclipse.jdt.ls.core.product -Djava.import.generatesMetadataFilesAtProjectRoot=false -DDetectVMInstallationsJob.disabled=true -Dfile.encoding=utf8 -XX:+UseParallelGC -XX:GCTimeRatio=4 -XX:AdaptiveSizePolicyWeight=90 -Dsun.zip.disableMemoryMapping=true -Xmx2G -Xms100m -Xlog:disable -javaagent:c:\Users\TUF GAMING A15\.vscode\extensions\redhat.java-1.50.0-win32-x64\lombok\lombok-1.18.39-4050.jar c:\Users\TUF GAMING A15\.vscode\extensions\redhat.java-1.50.0-win32-x64\server\plugins\org.eclipse.equinox.launcher_1.7.100.v20251111-0406.jar -configuration c:\Users\TUF GAMING A15\AppData\Roaming\Code\User\globalStorage\redhat.java\1.50.0\config_ss_win -data c:\Users\TUF GAMING A15\AppData\Roaming\Code\User\workspaceStorage\783189d7cd1747ae1099046a795e131d\redhat.java\ss_ws --pipe=\\.\pipe\lsp-651835e70aced9e78ba7751581ff422a-sock

Host: 11th Gen Intel(R) Core(TM) i5-11400H @ 2.70GHz, 12 cores, 15G,  Windows 11 , 64 bit Build 26100 (10.0.26100.7019)
Time: Thu Dec  4 11:14:03 2025 SE Asia Standard Time elapsed time: 11.056412 seconds (0d 0h 0m 11s)

---------------  T H R E A D  ---------------

Current thread (0x000002d1f552a7a0):  JavaThread "C2 CompilerThread1" daemon [_thread_in_native, id=26688, stack(0x000000d7c1400000,0x000000d7c1500000) (1024K)]


Current CompileTask:
C2:11056 6534       4       org.lombokweb.asm.ClassReader::readMethod (1070 bytes)

Stack: [0x000000d7c1400000,0x000000d7c1500000]
Native frames: (J=compiled Java code, j=interpreted, Vv=VM code, C=native code)
V  [jvm.dll+0x6d6e29]
V  [jvm.dll+0x8b4b76]
V  [jvm.dll+0x8b712e]
V  [jvm.dll+0x8b7813]
V  [jvm.dll+0x283d86]
V  [jvm.dll+0xc66ed]
V  [jvm.dll+0xc6c31]
V  [jvm.dll+0x3be53b]
V  [jvm.dll+0x1e3d59]
V  [jvm.dll+0x24c0f3]
V  [jvm.dll+0x24b580]
V  [jvm.dll+0x1cb13e]
V  [jvm.dll+0x25b29d]
V  [jvm.dll+0x25982a]
V  [jvm.dll+0x3f7ea6]
V  [jvm.dll+0x85e9ad]
V  [jvm.dll+0x6d565d]
C  [ucrtbase.dll+0x37b0]
C  [KERNEL32.DLL+0x2e8d7]
C  [ntdll.dll+0x8c53c]


---------------  P R O C E S S  ---------------

Threads class SMR info:
_java_thread_list=0x000002d1e924acf0, length=45, elements={
0x000002d18aceb980, 0x000002d18ad93390, 0x000002d18ac9df20, 0x000002d18ad9dc40,
0x000002d18ada2a40, 0x000002d18ada08c0, 0x000002d18ada2080, 0x000002d1e3aca530,
0x000002d1e3aeb5e0, 0x000002d1e3cbc7b0, 0x000002d1e3e37f00, 0x000002d1e98be730,
0x000002d1e9895760, 0x000002d1e9895dc0, 0x000002d1e9178ef0, 0x000002d1e978e290,
0x000002d1e3cb54d0, 0x000002d1e9c6d6e0, 0x000002d1e9c9e040, 0x000002d1eae225f0,
0x000002d1eae239a0, 0x000002d1eae20520, 0x000002d1eae218d0, 0x000002d1eae20bb0,
0x000002d1eae22c80, 0x000002d1eae23310, 0x000002d1eae21240, 0x000002d1eae21f60,
0x000002d1eb972bf0, 0x000002d1eb972560, 0x000002d1eb973280, 0x000002d1eb9711b0,
0x000002d1eb971840, 0x000002d1eb973910, 0x000002d1eb970b20, 0x000002d1eb974630,
0x000002d1eb973fa0, 0x000002d1eb974cc0, 0x000002d1eb975350, 0x000002d1eb971ed0,
0x000002d1eb978140, 0x000002d1eb977ab0, 0x000002d1eb9759e0, 0x000002d1f552a7a0,
0x000002d1ea0f6f60
}

Java Threads: ( => current thread )
  0x000002d18aceb980 JavaThread "main"                              [_thread_blocked, id=16492, stack(0x000000d7bf500000,0x000000d7bf600000) (1024K)]
  0x000002d18ad93390 JavaThread "Reference Handler"          daemon [_thread_blocked, id=21640, stack(0x000000d7bf900000,0x000000d7bfa00000) (1024K)]
  0x000002d18ac9df20 JavaThread "Finalizer"                  daemon [_thread_blocked, id=27032, stack(0x000000d7bfa00000,0x000000d7bfb00000) (1024K)]
  0x000002d18ad9dc40 JavaThread "Signal Dispatcher"          daemon [_thread_blocked, id=21032, stack(0x000000d7bfb00000,0x000000d7bfc00000) (1024K)]
  0x000002d18ada2a40 JavaThread "Attach Listener"            daemon [_thread_blocked, id=3944, stack(0x000000d7bfc00000,0x000000d7bfd00000) (1024K)]
  0x000002d18ada08c0 JavaThread "Service Thread"             daemon [_thread_blocked, id=23672, stack(0x000000d7bfd00000,0x000000d7bfe00000) (1024K)]
  0x000002d18ada2080 JavaThread "Monitor Deflation Thread"   daemon [_thread_blocked, id=19016, stack(0x000000d7bfe00000,0x000000d7bff00000) (1024K)]
  0x000002d1e3aca530 JavaThread "C2 CompilerThread0"         daemon [_thread_in_native, id=4680, stack(0x000000d7bff00000,0x000000d7c0000000) (1024K)]
  0x000002d1e3aeb5e0 JavaThread "C1 CompilerThread0"         daemon [_thread_in_native, id=1748, stack(0x000000d7c0000000,0x000000d7c0100000) (1024K)]
  0x000002d1e3cbc7b0 JavaThread "Common-Cleaner"             daemon [_thread_blocked, id=18240, stack(0x000000d7c0200000,0x000000d7c0300000) (1024K)]
  0x000002d1e3e37f00 JavaThread "Notification Thread"        daemon [_thread_blocked, id=9340, stack(0x000000d7c0300000,0x000000d7c0400000) (1024K)]
  0x000002d1e98be730 JavaThread "Active Thread: Equinox Container: 33ead01b-4f0a-4ca5-a094-adc63cfc0629"        [_thread_blocked, id=3028, stack(0x000000d7c0b00000,0x000000d7c0c00000) (1024K)]
  0x000002d1e9895760 JavaThread "Framework Event Dispatcher: Equinox Container: 33ead01b-4f0a-4ca5-a094-adc63cfc0629" daemon [_thread_blocked, id=25280, stack(0x000000d7c0400000,0x000000d7c0500000) (1024K)]
  0x000002d1e9895dc0 JavaThread "Start Level: Equinox Container: 33ead01b-4f0a-4ca5-a094-adc63cfc0629" daemon [_thread_blocked, id=9860, stack(0x000000d7c0c00000,0x000000d7c0d00000) (1024K)]
  0x000002d1e9178ef0 JavaThread "SCR Component Actor"        daemon [_thread_blocked, id=25456, stack(0x000000d7c0e00000,0x000000d7c0f00000) (1024K)]
  0x000002d1e978e290 JavaThread "Worker-JM"                         [_thread_blocked, id=18104, stack(0x000000d7c1000000,0x000000d7c1100000) (1024K)]
  0x000002d1e3cb54d0 JavaThread "JNA Cleaner"                daemon [_thread_blocked, id=8328, stack(0x000000d7c0100000,0x000000d7c0200000) (1024K)]
  0x000002d1e9c6d6e0 JavaThread "Worker-0"                          [_thread_blocked, id=10144, stack(0x000000d7c1200000,0x000000d7c1300000) (1024K)]
  0x000002d1e9c9e040 JavaThread "Worker-1"                          [_thread_blocked, id=26472, stack(0x000000d7c1300000,0x000000d7c1400000) (1024K)]
  0x000002d1eae225f0 JavaThread "Thread-1"                   daemon [_thread_in_native, id=25276, stack(0x000000d7c1800000,0x000000d7c1900000) (1024K)]
  0x000002d1eae239a0 JavaThread "Thread-2"                   daemon [_thread_in_native, id=22624, stack(0x000000d7c1900000,0x000000d7c1a00000) (1024K)]
  0x000002d1eae20520 JavaThread "Thread-3"                   daemon [_thread_in_native, id=3892, stack(0x000000d7c1a00000,0x000000d7c1b00000) (1024K)]
  0x000002d1eae218d0 JavaThread "Thread-4"                   daemon [_thread_in_native, id=15964, stack(0x000000d7c1b00000,0x000000d7c1c00000) (1024K)]
  0x000002d1eae20bb0 JavaThread "Thread-5"                   daemon [_thread_in_native, id=2964, stack(0x000000d7c1c00000,0x000000d7c1d00000) (1024K)]
  0x000002d1eae22c80 JavaThread "Thread-6"                   daemon [_thread_in_native, id=21588, stack(0x000000d7c1d00000,0x000000d7c1e00000) (1024K)]
  0x000002d1eae23310 JavaThread "Thread-7"                   daemon [_thread_in_native, id=3868, stack(0x000000d7c1e00000,0x000000d7c1f00000) (1024K)]
  0x000002d1eae21240 JavaThread "Thread-8"                   daemon [_thread_in_native, id=19604, stack(0x000000d7c1f00000,0x000000d7c2000000) (1024K)]
  0x000002d1eae21f60 JavaThread "Thread-9"                   daemon [_thread_in_native, id=27084, stack(0x000000d7c2000000,0x000000d7c2100000) (1024K)]
  0x000002d1eb972bf0 JavaThread "Thread-10"                  daemon [_thread_in_native, id=13684, stack(0x000000d7c2100000,0x000000d7c2200000) (1024K)]
  0x000002d1eb972560 JavaThread "Thread-11"                  daemon [_thread_in_native, id=14296, stack(0x000000d7c2200000,0x000000d7c2300000) (1024K)]
  0x000002d1eb973280 JavaThread "Thread-12"                  daemon [_thread_in_native, id=22028, stack(0x000000d7c2300000,0x000000d7c2400000) (1024K)]
  0x000002d1eb9711b0 JavaThread "Thread-13"                  daemon [_thread_in_native, id=960, stack(0x000000d7c2400000,0x000000d7c2500000) (1024K)]
  0x000002d1eb971840 JavaThread "pool-2-thread-1"                   [_thread_blocked, id=25480, stack(0x000000d7c2500000,0x000000d7c2600000) (1024K)]
  0x000002d1eb973910 JavaThread "Worker-2: Publish Diagnostics"        [_thread_in_Java, id=19116, stack(0x000000d7c2600000,0x000000d7c2700000) (1024K)]
  0x000002d1eb970b20 JavaThread "WorkspaceEventsHandler"            [_thread_blocked, id=25716, stack(0x000000d7c2700000,0x000000d7c2800000) (1024K)]
  0x000002d1eb974630 JavaThread "pool-1-thread-1"                   [_thread_blocked, id=13568, stack(0x000000d7c2800000,0x000000d7c2900000) (1024K)]
  0x000002d1eb973fa0 JavaThread "ForkJoinPool.commonPool-worker-1" daemon [_thread_blocked, id=21148, stack(0x000000d7c2900000,0x000000d7c2a00000) (1024K)]
  0x000002d1eb974cc0 JavaThread "ForkJoinPool.commonPool-worker-2" daemon [_thread_blocked, id=25808, stack(0x000000d7c2a00000,0x000000d7c2b00000) (1024K)]
  0x000002d1eb975350 JavaThread "ForkJoinPool.commonPool-worker-3" daemon [_thread_blocked, id=16892, stack(0x000000d7c2b00000,0x000000d7c2c00000) (1024K)]
  0x000002d1eb971ed0 JavaThread "ForkJoinPool.commonPool-worker-4" daemon [_thread_blocked, id=10716, stack(0x000000d7c2c00000,0x000000d7c2d00000) (1024K)]
  0x000002d1eb978140 JavaThread "ForkJoinPool.commonPool-worker-5" daemon [_thread_blocked, id=19628, stack(0x000000d7c2d00000,0x000000d7c2e00000) (1024K)]
  0x000002d1eb977ab0 JavaThread "ForkJoinPool.commonPool-worker-6" daemon [_thread_blocked, id=23360, stack(0x000000d7c2e00000,0x000000d7c2f00000) (1024K)]
  0x000002d1eb9759e0 JavaThread "ForkJoinPool.commonPool-worker-7" daemon [_thread_blocked, id=7580, stack(0x000000d7c2f00000,0x000000d7c3000000) (1024K)]
=>0x000002d1f552a7a0 JavaThread "C2 CompilerThread1"         daemon [_thread_in_native, id=26688, stack(0x000000d7c1400000,0x000000d7c1500000) (1024K)]
  0x000002d1ea0f6f60 JavaThread "C2 CompilerThread2"         daemon [_thread_in_native, id=16868, stack(0x000000d7c1500000,0x000000d7c1600000) (1024K)]
Total: 45

Other Threads:
  0x000002d18ac845c0 VMThread "VM Thread"                           [id=27416, stack(0x000000d7bf800000,0x000000d7bf900000) (1024K)]
  0x000002d18ad59920 WatcherThread "VM Periodic Task Thread"        [id=28208, stack(0x000000d7bf700000,0x000000d7bf800000) (1024K)]
  0x000002d18ad0b770 WorkerThread "GC Thread#0"                     [id=16356, stack(0x000000d7bf600000,0x000000d7bf700000) (1024K)]
  0x000002d1e974a9c0 WorkerThread "GC Thread#1"                     [id=13416, stack(0x000000d7c0500000,0x000000d7c0600000) (1024K)]
  0x000002d1e974ad60 WorkerThread "GC Thread#2"                     [id=25412, stack(0x000000d7c0600000,0x000000d7c0700000) (1024K)]
  0x000002d1e9593de0 WorkerThread "GC Thread#3"                     [id=16348, stack(0x000000d7c0700000,0x000000d7c0800000) (1024K)]
  0x000002d1e9594180 WorkerThread "GC Thread#4"                     [id=19084, stack(0x000000d7c0800000,0x000000d7c0900000) (1024K)]
  0x000002d1e9594520 WorkerThread "GC Thread#5"                     [id=20860, stack(0x000000d7c0900000,0x000000d7c0a00000) (1024K)]
  0x000002d1e95948c0 WorkerThread "GC Thread#6"                     [id=23420, stack(0x000000d7c0a00000,0x000000d7c0b00000) (1024K)]
  0x000002d1e91a9500 WorkerThread "GC Thread#7"                     [id=26420, stack(0x000000d7c0d00000,0x000000d7c0e00000) (1024K)]
  0x000002d1e9995010 WorkerThread "GC Thread#8"                     [id=19068, stack(0x000000d7c0f00000,0x000000d7c1000000) (1024K)]
  0x000002d1e9993a50 WorkerThread "GC Thread#9"                     [id=7936, stack(0x000000d7c1100000,0x000000d7c1200000) (1024K)]
Total: 12

Threads with active compile tasks:
C2 CompilerThread0  11080 7026       4       org.eclipse.jdt.internal.compiler.parser.Parser::consumeToken (2264 bytes)
C1 CompilerThread0  11080 7223   !   3       org.eclipse.jdt.internal.core.JavaProject$ModuleLookup::getModule (102 bytes)
C2 CompilerThread1  11080 6534       4       org.lombokweb.asm.ClassReader::readMethod (1070 bytes)
C2 CompilerThread2  11080 6550 %     4       org.lombokweb.asm.ClassReader::readCode @ 2037 (5117 bytes)
Total: 4

VM state: not at safepoint (normal execution)

VM Mutex/Monitor currently owned by a thread: None

Heap address: 0x0000000080000000, size: 2048 MB, Compressed Oops mode: 32-bit

CDS archive(s) mapped at: [0x000002d1a2000000-0x000002d1a2ba0000-0x000002d1a2ba0000), size 12189696, SharedBaseAddress: 0x000002d1a2000000, ArchiveRelocationMode: 1.
Compressed class space mapped at: 0x000002d1a3000000-0x000002d1e3000000, reserved size: 1073741824
Narrow klass base: 0x000002d1a2000000, Narrow klass shift: 0, Narrow klass range: 0x100000000

GC Precious Log:
 CardTable entry size: 512
 CPUs: 12 total, 12 available
 Memory: 16105M
 Large Page Support: Disabled
 NUMA Support: Disabled
 Compressed Oops: Enabled (32-bit)
 Alignments: Space 512K, Generation 512K, Heap 2M
 Heap Min Capacity: 100M
 Heap Initial Capacity: 100M
 Heap Max Capacity: 2G
 Pre-touch: Disabled
 Parallel Workers: 10

Heap:
 PSYoungGen      total 19456K, used 5310K [0x00000000d5580000, 0x00000000d7500000, 0x0000000100000000)
  eden space 17920K, 21% used [0x00000000d5580000,0x00000000d59368f8,0x00000000d6700000)
  from space 1536K, 98% used [0x00000000d6c80000,0x00000000d6df9170,0x00000000d6e00000)
  to   space 5632K, 0% used [0x00000000d6700000,0x00000000d6700000,0x00000000d6c80000)
 ParOldGen       total 68608K, used 37334K [0x0000000080000000, 0x0000000084300000, 0x00000000d5580000)
  object space 68608K, 54% used [0x0000000080000000,0x0000000082475830,0x0000000084300000)
 Metaspace       used 44325K, committed 45440K, reserved 1114112K
  class space    used 4402K, committed 4928K, reserved 1048576K

Card table byte_map: [0x000002d18a690000,0x000002d18aaa0000] _byte_map_base: 0x000002d18a290000

Marking Bits: (ParMarkBitMap*) 0x00007ffb6dc82460
 Begin Bits: [0x000002d19d1a0000, 0x000002d19f1a0000)
 End Bits:   [0x000002d19f1a0000, 0x000002d1a11a0000)

Polling page: 0x000002d188b30000

Metaspace:

Usage:
  Non-class:     38.99 MB used.
      Class:      4.30 MB used.
       Both:     43.29 MB used.

Virtual space:
  Non-class space:       64.00 MB reserved,      39.56 MB ( 62%) committed,  1 nodes.
      Class space:        1.00 GB reserved,       4.81 MB ( <1%) committed,  1 nodes.
             Both:        1.06 GB reserved,      44.38 MB (  4%) committed. 

Chunk freelists:
   Non-Class:  7.67 MB
       Class:  11.23 MB
        Both:  18.90 MB

MaxMetaspaceSize: unlimited
CompressedClassSpaceSize: 1.00 GB
Initial GC threshold: 21.00 MB
Current GC threshold: 58.38 MB
CDS: on
 - commit_granule_bytes: 65536.
 - commit_granule_words: 8192.
 - virtual_space_node_default_size: 8388608.
 - enlarge_chunks_in_place: 1.
 - use_allocation_guard: 0.


Internal statistics:

num_allocs_failed_limit: 6.
num_arena_births: 1236.
num_arena_deaths: 326.
num_vsnodes_births: 2.
num_vsnodes_deaths: 0.
num_space_committed: 710.
num_space_uncommitted: 0.
num_chunks_returned_to_freelist: 467.
num_chunks_taken_from_freelist: 3431.
num_chunk_merges: 201.
num_chunk_splits: 1993.
num_chunks_enlarged: 1068.
num_inconsistent_stats: 0.

CodeHeap 'non-profiled nmethods': size=120000Kb used=4214Kb max_used=4214Kb free=115785Kb
 bounds [0x000002d1959c0000, 0x000002d195de0000, 0x000002d19cef0000]
CodeHeap 'profiled nmethods': size=120000Kb used=15335Kb max_used=15335Kb free=104665Kb
 bounds [0x000002d18def0000, 0x000002d18edf0000, 0x000002d195420000]
CodeHeap 'non-nmethods': size=5760Kb used=1416Kb max_used=1469Kb free=4344Kb
 bounds [0x000002d195420000, 0x000002d195690000, 0x000002d1959c0000]
CodeCache: size=245760Kb, used=20965Kb, max_used=21018Kb, free=224794Kb
 total_blobs=7490, nmethods=6773, adapters=622, full_count=0
Compilation: enabled, stopped_count=0, restarted_count=0

Compilation events (20 events):
Event: 10.026 Thread 0x000002d1e3aeb5e0 nmethod 7197 0x000002d18eddac10 code [0x000002d18eddadc0, 0x000002d18eddafe8]
Event: 10.026 Thread 0x000002d1e3aeb5e0 7198       2       org.eclipse.jdt.internal.compiler.lookup.ClassScope::buildComponents (321 bytes)
Event: 10.028 Thread 0x000002d1e3aeb5e0 nmethod 7198 0x000002d18eddb110 code [0x000002d18eddb420, 0x000002d18eddc390]
Event: 10.028 Thread 0x000002d1e3aeb5e0 7202       2       org.eclipse.jdt.internal.compiler.lookup.ReferenceBinding::getMemberType (21 bytes)
Event: 10.028 Thread 0x000002d1e3aeb5e0 nmethod 7202 0x000002d18eddd010 code [0x000002d18eddd1e0, 0x000002d18eddd3b0]
Event: 10.028 Thread 0x000002d1e3aeb5e0 7203       2       org.eclipse.jdt.internal.compiler.lookup.SourceTypeBinding::memberTypes (109 bytes)
Event: 10.028 Thread 0x000002d1e3aeb5e0 nmethod 7203 0x000002d18eddd510 code [0x000002d18eddd700, 0x000002d18edddbc0]
Event: 10.028 Thread 0x000002d1e3aeb5e0 7204       3       org.eclipse.jdt.internal.compiler.lookup.Scope::compilerOptions (11 bytes)
Event: 10.029 Thread 0x000002d1e3aeb5e0 nmethod 7204 0x000002d18eddde90 code [0x000002d18edde040, 0x000002d18edde170]
Event: 10.029 Thread 0x000002d1e3aeb5e0 7200       1       org.eclipse.jdt.internal.compiler.lookup.ReferenceBinding::getPackage (5 bytes)
Event: 10.029 Thread 0x000002d1e3aeb5e0 nmethod 7200 0x000002d195ddcf90 code [0x000002d195ddd120, 0x000002d195ddd1e8]
Event: 10.029 Thread 0x000002d1e3aeb5e0 7199       2       org.eclipse.jdt.internal.compiler.lookup.SourceTypeBinding::areComponentsInitialized (29 bytes)
Event: 10.029 Thread 0x000002d1e3aeb5e0 nmethod 7199 0x000002d18edde290 code [0x000002d18edde440, 0x000002d18edde668]
Event: 10.029 Thread 0x000002d1e3aeb5e0 7205       2       org.eclipse.jdt.internal.compiler.lookup.LookupEnvironment::getResolvedJavaBaseType (12 bytes)
Event: 10.029 Thread 0x000002d1e3aeb5e0 nmethod 7205 0x000002d18edde790 code [0x000002d18edde940, 0x000002d18eddeab8]
Event: 10.029 Thread 0x000002d1e3aeb5e0 7185       1       org.eclipse.jdt.internal.compiler.lookup.MethodBinding::getTypeAnnotations (5 bytes)
Event: 10.029 Thread 0x000002d1e3aeb5e0 nmethod 7185 0x000002d195ddd290 code [0x000002d195ddd420, 0x000002d195ddd4e8]
Event: 10.036 Thread 0x000002d1e3aeb5e0 7206       2       java.lang.Class::getDeclaringClass (31 bytes)
Event: 10.037 Thread 0x000002d1e3aeb5e0 nmethod 7206 0x000002d18eddeb90 code [0x000002d18edded40, 0x000002d18eddee68]
Event: 10.041 Thread 0x000002d1e3aeb5e0 7207 % !   2       org.eclipse.jdt.internal.compiler.parser.Parser::parse @ 52 (946 bytes)

GC Heap History (20 events):
Event: 6.029 GC heap before
{Heap before GC invocations=19 (full 1):
 PSYoungGen      total 23552K, used 21129K [0x00000000d5580000, 0x00000000d6f00000, 0x0000000100000000)
  eden space 20992K, 91% used [0x00000000d5580000,0x00000000d6832428,0x00000000d6a00000)
  from space 2560K, 77% used [0x00000000d6a00000,0x00000000d6bf0000,0x00000000d6c80000)
  to   space 2560K, 0% used [0x00000000d6c80000,0x00000000d6c80000,0x00000000d6f00000)
 ParOldGen       total 68608K, used 29207K [0x0000000080000000, 0x0000000084300000, 0x00000000d5580000)
  object space 68608K, 42% used [0x0000000080000000,0x0000000081c85e10,0x0000000084300000)
 Metaspace       used 34778K, committed 35840K, reserved 1114112K
  class space    used 3586K, committed 4032K, reserved 1048576K
}
Event: 6.032 GC heap after
{Heap after GC invocations=19 (full 1):
 PSYoungGen      total 22528K, used 1477K [0x00000000d5580000, 0x00000000d6e00000, 0x0000000100000000)
  eden space 20992K, 0% used [0x00000000d5580000,0x00000000d5580000,0x00000000d6a00000)
  from space 1536K, 96% used [0x00000000d6c80000,0x00000000d6df1568,0x00000000d6e00000)
  to   space 2048K, 0% used [0x00000000d6a00000,0x00000000d6a00000,0x00000000d6c00000)
 ParOldGen       total 68608K, used 31044K [0x0000000080000000, 0x0000000084300000, 0x00000000d5580000)
  object space 68608K, 45% used [0x0000000080000000,0x0000000081e51368,0x0000000084300000)
 Metaspace       used 34778K, committed 35840K, reserved 1114112K
  class space    used 3586K, committed 4032K, reserved 1048576K
}
Event: 6.032 GC heap before
{Heap before GC invocations=20 (full 2):
 PSYoungGen      total 22528K, used 1477K [0x00000000d5580000, 0x00000000d6e00000, 0x0000000100000000)
  eden space 20992K, 0% used [0x00000000d5580000,0x00000000d5580000,0x00000000d6a00000)
  from space 1536K, 96% used [0x00000000d6c80000,0x00000000d6df1568,0x00000000d6e00000)
  to   space 2048K, 0% used [0x00000000d6a00000,0x00000000d6a00000,0x00000000d6c00000)
 ParOldGen       total 68608K, used 31044K [0x0000000080000000, 0x0000000084300000, 0x00000000d5580000)
  object space 68608K, 45% used [0x0000000080000000,0x0000000081e51368,0x0000000084300000)
 Metaspace       used 34778K, committed 35840K, reserved 1114112K
  class space    used 3586K, committed 4032K, reserved 1048576K
}
Event: 6.085 GC heap after
{Heap after GC invocations=20 (full 2):
 PSYoungGen      total 22528K, used 0K [0x00000000d5580000, 0x00000000d6e00000, 0x0000000100000000)
  eden space 20992K, 0% used [0x00000000d5580000,0x00000000d5580000,0x00000000d6a00000)
  from space 1536K, 0% used [0x00000000d6c80000,0x00000000d6c80000,0x00000000d6e00000)
  to   space 2048K, 0% used [0x00000000d6a00000,0x00000000d6a00000,0x00000000d6c00000)
 ParOldGen       total 68608K, used 29273K [0x0000000080000000, 0x0000000084300000, 0x00000000d5580000)
  object space 68608K, 42% used [0x0000000080000000,0x0000000081c966a0,0x0000000084300000)
 Metaspace       used 34504K, committed 35840K, reserved 1114112K
  class space    used 3507K, committed 4032K, reserved 1048576K
}
Event: 6.742 GC heap before
{Heap before GC invocations=21 (full 2):
 PSYoungGen      total 22528K, used 20992K [0x00000000d5580000, 0x00000000d6e00000, 0x0000000100000000)
  eden space 20992K, 100% used [0x00000000d5580000,0x00000000d6a00000,0x00000000d6a00000)
  from space 1536K, 0% used [0x00000000d6c80000,0x00000000d6c80000,0x00000000d6e00000)
  to   space 2048K, 0% used [0x00000000d6a00000,0x00000000d6a00000,0x00000000d6c00000)
 ParOldGen       total 68608K, used 29273K [0x0000000080000000, 0x0000000084300000, 0x00000000d5580000)
  object space 68608K, 42% used [0x0000000080000000,0x0000000081c966a0,0x0000000084300000)
 Metaspace       used 35757K, committed 36736K, reserved 1114112K
  class space    used 3654K, committed 4096K, reserved 1048576K
}
Event: 6.743 GC heap after
{Heap after GC invocations=21 (full 2):
 PSYoungGen      total 23040K, used 480K [0x00000000d5580000, 0x00000000d6d00000, 0x0000000100000000)
  eden space 20992K, 0% used [0x00000000d5580000,0x00000000d5580000,0x00000000d6a00000)
  from space 2048K, 23% used [0x00000000d6a00000,0x00000000d6a78000,0x00000000d6c00000)
  to   space 1024K, 0% used [0x00000000d6c00000,0x00000000d6c00000,0x00000000d6d00000)
 ParOldGen       total 68608K, used 29281K [0x0000000080000000, 0x0000000084300000, 0x00000000d5580000)
  object space 68608K, 42% used [0x0000000080000000,0x0000000081c986a0,0x0000000084300000)
 Metaspace       used 35757K, committed 36736K, reserved 1114112K
  class space    used 3654K, committed 4096K, reserved 1048576K
}
Event: 7.116 GC heap before
{Heap before GC invocations=22 (full 2):
 PSYoungGen      total 23040K, used 21472K [0x00000000d5580000, 0x00000000d6d00000, 0x0000000100000000)
  eden space 20992K, 100% used [0x00000000d5580000,0x00000000d6a00000,0x00000000d6a00000)
  from space 2048K, 23% used [0x00000000d6a00000,0x00000000d6a78000,0x00000000d6c00000)
  to   space 1024K, 0% used [0x00000000d6c00000,0x00000000d6c00000,0x00000000d6d00000)
 ParOldGen       total 68608K, used 29281K [0x0000000080000000, 0x0000000084300000, 0x00000000d5580000)
  object space 68608K, 42% used [0x0000000080000000,0x0000000081c986a0,0x0000000084300000)
 Metaspace       used 37295K, committed 38272K, reserved 1114112K
  class space    used 3818K, committed 4224K, reserved 1048576K
}
Event: 7.118 GC heap after
{Heap after GC invocations=22 (full 2):
 PSYoungGen      total 22016K, used 1024K [0x00000000d5580000, 0x00000000d6e00000, 0x0000000100000000)
  eden space 20992K, 0% used [0x00000000d5580000,0x00000000d5580000,0x00000000d6a00000)
  from space 1024K, 100% used [0x00000000d6c00000,0x00000000d6d00000,0x00000000d6d00000)
  to   space 2048K, 0% used [0x00000000d6a00000,0x00000000d6a00000,0x00000000d6c00000)
 ParOldGen       total 68608K, used 29645K [0x0000000080000000, 0x0000000084300000, 0x00000000d5580000)
  object space 68608K, 43% used [0x0000000080000000,0x0000000081cf36b0,0x0000000084300000)
 Metaspace       used 37295K, committed 38272K, reserved 1114112K
  class space    used 3818K, committed 4224K, reserved 1048576K
}
Event: 7.580 GC heap before
{Heap before GC invocations=23 (full 2):
 PSYoungGen      total 22016K, used 22016K [0x00000000d5580000, 0x00000000d6e00000, 0x0000000100000000)
  eden space 20992K, 100% used [0x00000000d5580000,0x00000000d6a00000,0x00000000d6a00000)
  from space 1024K, 100% used [0x00000000d6c00000,0x00000000d6d00000,0x00000000d6d00000)
  to   space 2048K, 0% used [0x00000000d6a00000,0x00000000d6a00000,0x00000000d6c00000)
 ParOldGen       total 68608K, used 29645K [0x0000000080000000, 0x0000000084300000, 0x00000000d5580000)
  object space 68608K, 43% used [0x0000000080000000,0x0000000081cf36b0,0x0000000084300000)
 Metaspace       used 38439K, committed 39424K, reserved 1114112K
  class space    used 3930K, committed 4352K, reserved 1048576K
}
Event: 7.583 GC heap after
{Heap after GC invocations=23 (full 2):
 PSYoungGen      total 22016K, used 608K [0x00000000d5580000, 0x00000000d6c80000, 0x0000000100000000)
  eden space 20992K, 0% used [0x00000000d5580000,0x00000000d5580000,0x00000000d6a00000)
  from space 1024K, 59% used [0x00000000d6a00000,0x00000000d6a98000,0x00000000d6b00000)
  to   space 1024K, 0% used [0x00000000d6b80000,0x00000000d6b80000,0x00000000d6c80000)
 ParOldGen       total 68608K, used 30585K [0x0000000080000000, 0x0000000084300000, 0x00000000d5580000)
  object space 68608K, 44% used [0x0000000080000000,0x0000000081dde760,0x0000000084300000)
 Metaspace       used 38439K, committed 39424K, reserved 1114112K
  class space    used 3930K, committed 4352K, reserved 1048576K
}
Event: 8.355 GC heap before
{Heap before GC invocations=24 (full 2):
 PSYoungGen      total 22016K, used 21600K [0x00000000d5580000, 0x00000000d6c80000, 0x0000000100000000)
  eden space 20992K, 100% used [0x00000000d5580000,0x00000000d6a00000,0x00000000d6a00000)
  from space 1024K, 59% used [0x00000000d6a00000,0x00000000d6a98000,0x00000000d6b00000)
  to   space 1024K, 0% used [0x00000000d6b80000,0x00000000d6b80000,0x00000000d6c80000)
 ParOldGen       total 68608K, used 30585K [0x0000000080000000, 0x0000000084300000, 0x00000000d5580000)
  object space 68608K, 44% used [0x0000000080000000,0x0000000081dde760,0x0000000084300000)
 Metaspace       used 38831K, committed 39808K, reserved 1114112K
  class space    used 3935K, committed 4416K, reserved 1048576K
}
Event: 8.357 GC heap after
{Heap after GC invocations=24 (full 2):
 PSYoungGen      total 22016K, used 991K [0x00000000d5580000, 0x00000000d6d00000, 0x0000000100000000)
  eden space 20992K, 0% used [0x00000000d5580000,0x00000000d5580000,0x00000000d6a00000)
  from space 1024K, 96% used [0x00000000d6b80000,0x00000000d6c77fc8,0x00000000d6c80000)
  to   space 1536K, 0% used [0x00000000d6a00000,0x00000000d6a00000,0x00000000d6b80000)
 ParOldGen       total 68608K, used 30936K [0x0000000080000000, 0x0000000084300000, 0x00000000d5580000)
  object space 68608K, 45% used [0x0000000080000000,0x0000000081e36058,0x0000000084300000)
 Metaspace       used 38831K, committed 39808K, reserved 1114112K
  class space    used 3935K, committed 4416K, reserved 1048576K
}
Event: 9.396 GC heap before
{Heap before GC invocations=25 (full 2):
 PSYoungGen      total 22016K, used 21983K [0x00000000d5580000, 0x00000000d6d00000, 0x0000000100000000)
  eden space 20992K, 100% used [0x00000000d5580000,0x00000000d6a00000,0x00000000d6a00000)
  from space 1024K, 96% used [0x00000000d6b80000,0x00000000d6c77fc8,0x00000000d6c80000)
  to   space 1536K, 0% used [0x00000000d6a00000,0x00000000d6a00000,0x00000000d6b80000)
 ParOldGen       total 68608K, used 30936K [0x0000000080000000, 0x0000000084300000, 0x00000000d5580000)
  object space 68608K, 45% used [0x0000000080000000,0x0000000081e36058,0x0000000084300000)
 Metaspace       used 41427K, committed 42432K, reserved 1114112K
  class space    used 4176K, committed 4608K, reserved 1048576K
}
Event: 9.398 GC heap after
{Heap after GC invocations=25 (full 2):
 PSYoungGen      total 22528K, used 1532K [0x00000000d5580000, 0x00000000d7100000, 0x0000000100000000)
  eden space 20992K, 0% used [0x00000000d5580000,0x00000000d5580000,0x00000000d6a00000)
  from space 1536K, 99% used [0x00000000d6a00000,0x00000000d6b7f258,0x00000000d6b80000)
  to   space 3584K, 0% used [0x00000000d6d80000,0x00000000d6d80000,0x00000000d7100000)
 ParOldGen       total 68608K, used 32355K [0x0000000080000000, 0x0000000084300000, 0x00000000d5580000)
  object space 68608K, 47% used [0x0000000080000000,0x0000000081f98c48,0x0000000084300000)
 Metaspace       used 41427K, committed 42432K, reserved 1114112K
  class space    used 4176K, committed 4608K, reserved 1048576K
}
Event: 9.497 GC heap before
{Heap before GC invocations=26 (full 2):
 PSYoungGen      total 22528K, used 22524K [0x00000000d5580000, 0x00000000d7100000, 0x0000000100000000)
  eden space 20992K, 100% used [0x00000000d5580000,0x00000000d6a00000,0x00000000d6a00000)
  from space 1536K, 99% used [0x00000000d6a00000,0x00000000d6b7f258,0x00000000d6b80000)
  to   space 3584K, 0% used [0x00000000d6d80000,0x00000000d6d80000,0x00000000d7100000)
 ParOldGen       total 68608K, used 32355K [0x0000000080000000, 0x0000000084300000, 0x00000000d5580000)
  object space 68608K, 47% used [0x0000000080000000,0x0000000081f98c48,0x0000000084300000)
 Metaspace       used 41611K, committed 42624K, reserved 1114112K
  class space    used 4198K, committed 4672K, reserved 1048576K
}
Event: 9.499 GC heap after
{Heap after GC invocations=26 (full 2):
 PSYoungGen      total 22528K, used 1098K [0x00000000d5580000, 0x00000000d6f00000, 0x0000000100000000)
  eden space 20992K, 0% used [0x00000000d5580000,0x00000000d5580000,0x00000000d6a00000)
  from space 1536K, 71% used [0x00000000d6d80000,0x00000000d6e92b90,0x00000000d6f00000)
  to   space 2048K, 0% used [0x00000000d6b00000,0x00000000d6b00000,0x00000000d6d00000)
 ParOldGen       total 68608K, used 33930K [0x0000000080000000, 0x0000000084300000, 0x00000000d5580000)
  object space 68608K, 49% used [0x0000000080000000,0x0000000082122b90,0x0000000084300000)
 Metaspace       used 41611K, committed 42624K, reserved 1114112K
  class space    used 4198K, committed 4672K, reserved 1048576K
}
Event: 9.565 GC heap before
{Heap before GC invocations=27 (full 2):
 PSYoungGen      total 22528K, used 22038K [0x00000000d5580000, 0x00000000d6f00000, 0x0000000100000000)
  eden space 20992K, 99% used [0x00000000d5580000,0x00000000d69f2f98,0x00000000d6a00000)
  from space 1536K, 71% used [0x00000000d6d80000,0x00000000d6e92b90,0x00000000d6f00000)
  to   space 2048K, 0% used [0x00000000d6b00000,0x00000000d6b00000,0x00000000d6d00000)
 ParOldGen       total 68608K, used 33930K [0x0000000080000000, 0x0000000084300000, 0x00000000d5580000)
  object space 68608K, 49% used [0x0000000080000000,0x0000000082122b90,0x0000000084300000)
 Metaspace       used 42140K, committed 43136K, reserved 1114112K
  class space    used 4238K, committed 4672K, reserved 1048576K
}
Event: 9.566 GC heap after
{Heap after GC invocations=27 (full 2):
 PSYoungGen      total 22528K, used 1462K [0x00000000d5580000, 0x00000000d6e00000, 0x0000000100000000)
  eden space 20992K, 0% used [0x00000000d5580000,0x00000000d5580000,0x00000000d6a00000)
  from space 1536K, 95% used [0x00000000d6b00000,0x00000000d6c6dab8,0x00000000d6c80000)
  to   space 1536K, 0% used [0x00000000d6c80000,0x00000000d6c80000,0x00000000d6e00000)
 ParOldGen       total 68608K, used 34047K [0x0000000080000000, 0x0000000084300000, 0x00000000d5580000)
  object space 68608K, 49% used [0x0000000080000000,0x000000008213fe20,0x0000000084300000)
 Metaspace       used 42140K, committed 43136K, reserved 1114112K
  class space    used 4238K, committed 4672K, reserved 1048576K
}
Event: 9.954 GC heap before
{Heap before GC invocations=28 (full 2):
 PSYoungGen      total 22528K, used 22454K [0x00000000d5580000, 0x00000000d6e00000, 0x0000000100000000)
  eden space 20992K, 100% used [0x00000000d5580000,0x00000000d6a00000,0x00000000d6a00000)
  from space 1536K, 95% used [0x00000000d6b00000,0x00000000d6c6dab8,0x00000000d6c80000)
  to   space 1536K, 0% used [0x00000000d6c80000,0x00000000d6c80000,0x00000000d6e00000)
 ParOldGen       total 68608K, used 34047K [0x0000000080000000, 0x0000000084300000, 0x00000000d5580000)
  object space 68608K, 49% used [0x0000000080000000,0x000000008213fe20,0x0000000084300000)
 Metaspace       used 44117K, committed 45184K, reserved 1114112K
  class space    used 4398K, committed 4928K, reserved 1048576K
}
Event: 9.957 GC heap after
{Heap after GC invocations=28 (full 2):
 PSYoungGen      total 19456K, used 1508K [0x00000000d5580000, 0x00000000d7500000, 0x0000000100000000)
  eden space 17920K, 0% used [0x00000000d5580000,0x00000000d5580000,0x00000000d6700000)
  from space 1536K, 98% used [0x00000000d6c80000,0x00000000d6df9170,0x00000000d6e00000)
  to   space 5632K, 0% used [0x00000000d6700000,0x00000000d6700000,0x00000000d6c80000)
 ParOldGen       total 68608K, used 37334K [0x0000000080000000, 0x0000000084300000, 0x00000000d5580000)
  object space 68608K, 54% used [0x0000000080000000,0x0000000082475830,0x0000000084300000)
 Metaspace       used 44117K, committed 45184K, reserved 1114112K
  class space    used 4398K, committed 4928K, reserved 1048576K
}

Dll operation events (10 events):
Event: 0.011 Loaded shared library c:\Users\TUF GAMING A15\.vscode\extensions\redhat.java-1.50.0-win32-x64\jre\21.0.9-win32-x86_64\bin\java.dll
Event: 0.073 Loaded shared library c:\Users\TUF GAMING A15\.vscode\extensions\redhat.java-1.50.0-win32-x64\jre\21.0.9-win32-x86_64\bin\zip.dll
Event: 0.095 Loaded shared library C:\Users\TUF GAMING A15\.vscode\extensions\redhat.java-1.50.0-win32-x64\jre\21.0.9-win32-x86_64\bin\instrument.dll
Event: 0.102 Loaded shared library C:\Users\TUF GAMING A15\.vscode\extensions\redhat.java-1.50.0-win32-x64\jre\21.0.9-win32-x86_64\bin\net.dll
Event: 0.104 Loaded shared library C:\Users\TUF GAMING A15\.vscode\extensions\redhat.java-1.50.0-win32-x64\jre\21.0.9-win32-x86_64\bin\nio.dll
Event: 0.107 Loaded shared library C:\Users\TUF GAMING A15\.vscode\extensions\redhat.java-1.50.0-win32-x64\jre\21.0.9-win32-x86_64\bin\zip.dll
Event: 0.125 Loaded shared library C:\Users\TUF GAMING A15\.vscode\extensions\redhat.java-1.50.0-win32-x64\jre\21.0.9-win32-x86_64\bin\jimage.dll
Event: 0.210 Loaded shared library c:\Users\TUF GAMING A15\.vscode\extensions\redhat.java-1.50.0-win32-x64\jre\21.0.9-win32-x86_64\bin\verify.dll
Event: 1.643 Loaded shared library C:\Users\TUF GAMING A15\AppData\Roaming\Code\User\globalStorage\redhat.java\1.50.0\config_ss_win\org.eclipse.equinox.launcher\org.eclipse.equinox.launcher.win32.win32.x86_64_1.2.1400.v20250801-0854\eclipse_11916.dll
Event: 2.964 Loaded shared library C:\Users\TUF GAMING A15\AppData\Local\Temp\jna-1218633679\jna8291010181736800047.dll

Deoptimization events (20 events):
Event: 9.814 Thread 0x000002d1eb973910 DEOPT PACKING pc=0x000002d195b05c10 sp=0x000000d7c26fd3f0
Event: 9.814 Thread 0x000002d1eb973910 DEOPT UNPACKING pc=0x000002d195476da2 sp=0x000000d7c26fd308 mode 2
Event: 9.846 Thread 0x000002d1eb973910 Uncommon trap: trap_request=0xffffffde fr.pc=0x000002d195d96230 relative=0x0000000000001110
Event: 9.846 Thread 0x000002d1eb973910 Uncommon trap: reason=class_check action=maybe_recompile pc=0x000002d195d96230 method=org.eclipse.jdt.internal.compiler.parser.Parser.consumeToken(Lorg/eclipse/jdt/internal/compiler/parser/TerminalToken;)V @ 599 c2
Event: 9.846 Thread 0x000002d1eb973910 DEOPT PACKING pc=0x000002d195d96230 sp=0x000000d7c26fdec0
Event: 9.846 Thread 0x000002d1eb973910 DEOPT UNPACKING pc=0x000002d195476da2 sp=0x000000d7c26fdea0 mode 2
Event: 9.847 Thread 0x000002d1eb973910 Uncommon trap: trap_request=0xffffff66 fr.pc=0x000002d195d478b0 relative=0x00000000000017d0
Event: 9.847 Thread 0x000002d1eb973910 Uncommon trap: reason=speculate_class_check action=maybe_recompile pc=0x000002d195d478b0 method=org.eclipse.jdt.internal.compiler.parser.Parser.parse()V @ 670 c2
Event: 9.847 Thread 0x000002d1eb973910 DEOPT PACKING pc=0x000002d195d478b0 sp=0x000000d7c26fdf70
Event: 9.847 Thread 0x000002d1eb973910 DEOPT UNPACKING pc=0x000002d195476da2 sp=0x000000d7c26fdf20 mode 2
Event: 9.853 Thread 0x000002d1eb973910 Uncommon trap: trap_request=0xffffff45 fr.pc=0x000002d195a5e7b8 relative=0x0000000000000098
Event: 9.853 Thread 0x000002d1eb973910 Uncommon trap: reason=unstable_if action=reinterpret pc=0x000002d195a5e7b8 method=java.util.Hashtable$Enumerator.nextElement()Ljava/lang/Object; @ 87 c2
Event: 9.853 Thread 0x000002d1eb973910 DEOPT PACKING pc=0x000002d195a5e7b8 sp=0x000000d7c26fee80
Event: 9.853 Thread 0x000002d1eb973910 DEOPT UNPACKING pc=0x000002d195476da2 sp=0x000000d7c26fee00 mode 2
Event: 9.854 Thread 0x000002d1eb973910 DEOPT PACKING pc=0x000002d18e37f43e sp=0x000000d7c26fe780
Event: 9.854 Thread 0x000002d1eb973910 DEOPT UNPACKING pc=0x000002d1954778e2 sp=0x000000d7c26fdcc0 mode 0
Event: 9.898 Thread 0x000002d1eb973910 DEOPT PACKING pc=0x000002d18e98a45a sp=0x000000d7c26fe7f0
Event: 9.898 Thread 0x000002d1eb973910 DEOPT UNPACKING pc=0x000002d1954778e2 sp=0x000000d7c26fdd08 mode 0
Event: 9.940 Thread 0x000002d1eb973910 DEOPT PACKING pc=0x000002d18ecc9f74 sp=0x000000d7c26fd9f0
Event: 9.940 Thread 0x000002d1eb973910 DEOPT UNPACKING pc=0x000002d1954778e2 sp=0x000000d7c26fced8 mode 0

Classes loaded (20 events):
Event: 8.511 Loading class sun/util/logging/resources/logging_en
Event: 8.511 Loading class sun/util/logging/resources/logging_en done
Event: 8.511 Loading class sun/util/logging/resources/logging_en
Event: 8.511 Loading class sun/util/logging/resources/logging_en done
Event: 8.513 Loading class sun/util/logging/resources/logging_en_US
Event: 8.513 Loading class sun/util/logging/resources/logging_en_US done
Event: 8.513 Loading class sun/util/logging/resources/logging_en_US
Event: 8.513 Loading class sun/util/logging/resources/logging_en_US done
Event: 8.514 Loading class java/util/Formatter$DateTime
Event: 8.514 Loading class java/util/Formatter$DateTime done
Event: 8.515 Loading class java/time/ZonedDateTime$1
Event: 8.515 Loading class java/time/ZonedDateTime$1 done
Event: 8.929 Loading class java/io/FileReader
Event: 8.929 Loading class java/io/FileReader done
Event: 8.930 Loading class java/lang/UnsupportedClassVersionError
Event: 8.931 Loading class java/lang/UnsupportedClassVersionError done
Event: 9.108 Loading class java/util/stream/ReduceOps$4
Event: 9.108 Loading class java/util/stream/ReduceOps$4 done
Event: 9.108 Loading class java/util/stream/ReduceOps$4ReducingSink
Event: 9.108 Loading class java/util/stream/ReduceOps$4ReducingSink done

Classes unloaded (20 events):
Event: 6.043 Thread 0x000002d18ac845c0 Unloading class 0x000002d1a3385800 'java/lang/invoke/LambdaForm$MH+0x000002d1a3385800'
Event: 6.043 Thread 0x000002d18ac845c0 Unloading class 0x000002d1a3385400 'java/lang/invoke/LambdaForm$MH+0x000002d1a3385400'
Event: 6.043 Thread 0x000002d18ac845c0 Unloading class 0x000002d1a3384c00 'java/lang/invoke/LambdaForm$MH+0x000002d1a3384c00'
Event: 6.043 Thread 0x000002d18ac845c0 Unloading class 0x000002d1a3384800 'java/lang/invoke/LambdaForm$MH+0x000002d1a3384800'
Event: 6.043 Thread 0x000002d18ac845c0 Unloading class 0x000002d1a3384400 'java/lang/invoke/LambdaForm$MH+0x000002d1a3384400'
Event: 6.043 Thread 0x000002d18ac845c0 Unloading class 0x000002d1a3384000 'java/lang/invoke/LambdaForm$MH+0x000002d1a3384000'
Event: 6.043 Thread 0x000002d18ac845c0 Unloading class 0x000002d1a3383800 'java/lang/invoke/LambdaForm$MH+0x000002d1a3383800'
Event: 6.043 Thread 0x000002d18ac845c0 Unloading class 0x000002d1a3383400 'java/lang/invoke/LambdaForm$MH+0x000002d1a3383400'
Event: 6.043 Thread 0x000002d18ac845c0 Unloading class 0x000002d1a3383c00 'java/lang/invoke/LambdaForm$MH+0x000002d1a3383c00'
Event: 6.043 Thread 0x000002d18ac845c0 Unloading class 0x000002d1a3383000 'java/lang/invoke/LambdaForm$MH+0x000002d1a3383000'
Event: 6.043 Thread 0x000002d18ac845c0 Unloading class 0x000002d1a3382c00 'java/lang/invoke/LambdaForm$MH+0x000002d1a3382c00'
Event: 6.043 Thread 0x000002d18ac845c0 Unloading class 0x000002d1a3382800 'java/lang/invoke/LambdaForm$MH+0x000002d1a3382800'
Event: 6.043 Thread 0x000002d18ac845c0 Unloading class 0x000002d1a3382400 'java/lang/invoke/LambdaForm$MH+0x000002d1a3382400'
Event: 6.043 Thread 0x000002d18ac845c0 Unloading class 0x000002d1a3382000 'java/lang/invoke/LambdaForm$MH+0x000002d1a3382000'
Event: 6.043 Thread 0x000002d18ac845c0 Unloading class 0x000002d1a3381c00 'java/lang/invoke/LambdaForm$MH+0x000002d1a3381c00'
Event: 6.043 Thread 0x000002d18ac845c0 Unloading class 0x000002d1a3381800 'java/lang/invoke/LambdaForm$MH+0x000002d1a3381800'
Event: 6.043 Thread 0x000002d18ac845c0 Unloading class 0x000002d1a3380400 'java/lang/invoke/LambdaForm$DMH+0x000002d1a3380400'
Event: 6.043 Thread 0x000002d18ac845c0 Unloading class 0x000002d1a3380c00 'java/lang/invoke/LambdaForm$DMH+0x000002d1a3380c00'
Event: 6.043 Thread 0x000002d18ac845c0 Unloading class 0x000002d1a3381000 'java/lang/invoke/LambdaForm$DMH+0x000002d1a3381000'
Event: 6.043 Thread 0x000002d18ac845c0 Unloading class 0x000002d1a3380800 'java/lang/invoke/LambdaForm$DMH+0x000002d1a3380800'

Classes redefined (0 events):
No events

Internal exceptions (20 events):
Event: 9.927 Thread 0x000002d1eb973910 Exception <a 'java/lang/NullPointerException'{0x00000000d68f8ec8}> (0x00000000d68f8ec8) 
thrown [s\src\hotspot\share\runtime\sharedRuntime.cpp, line 625]
Event: 9.927 Thread 0x000002d1eb973910 Implicit null exception at 0x000002d18eaad71b to 0x000002d18eaadcd5
Event: 9.927 Thread 0x000002d1eb973910 Exception <a 'java/lang/NullPointerException'{0x00000000d68f9e18}> (0x00000000d68f9e18) 
thrown [s\src\hotspot\share\runtime\sharedRuntime.cpp, line 625]
Event: 9.927 Thread 0x000002d1eb973910 Implicit null exception at 0x000002d18eaad71b to 0x000002d18eaadcd5
Event: 9.927 Thread 0x000002d1eb973910 Exception <a 'java/lang/NullPointerException'{0x00000000d68faaa8}> (0x00000000d68faaa8) 
thrown [s\src\hotspot\share\runtime\sharedRuntime.cpp, line 625]
Event: 9.927 Thread 0x000002d1eb973910 Implicit null exception at 0x000002d18eaad71b to 0x000002d18eaadcd5
Event: 9.927 Thread 0x000002d1eb973910 Exception <a 'java/lang/NullPointerException'{0x00000000d68fb578}> (0x00000000d68fb578) 
thrown [s\src\hotspot\share\runtime\sharedRuntime.cpp, line 625]
Event: 9.927 Thread 0x000002d1eb973910 Implicit null exception at 0x000002d18eaad71b to 0x000002d18eaadcd5
Event: 9.927 Thread 0x000002d1eb973910 Exception <a 'java/lang/NullPointerException'{0x00000000d68fbea0}> (0x00000000d68fbea0) 
thrown [s\src\hotspot\share\runtime\sharedRuntime.cpp, line 625]
Event: 9.929 Thread 0x000002d1eb973910 Implicit null exception at 0x000002d18eaad71b to 0x000002d18eaadcd5
Event: 9.929 Thread 0x000002d1eb973910 Exception <a 'java/lang/NullPointerException'{0x00000000d68ff0d8}> (0x00000000d68ff0d8) 
thrown [s\src\hotspot\share\runtime\sharedRuntime.cpp, line 625]
Event: 9.930 Thread 0x000002d1eb973910 Implicit null exception at 0x000002d18eaad71b to 0x000002d18eaadcd5
Event: 9.930 Thread 0x000002d1eb973910 Exception <a 'java/lang/NullPointerException'{0x00000000d6900858}> (0x00000000d6900858) 
thrown [s\src\hotspot\share\runtime\sharedRuntime.cpp, line 625]
Event: 9.930 Thread 0x000002d1eb973910 Exception <a 'java/lang/NullPointerException'{0x00000000d69024f0}> (0x00000000d69024f0) 
thrown [s\src\hotspot\share\interpreter\linkResolver.cpp, line 1372]
Event: 9.930 Thread 0x000002d1eb973910 Implicit null exception at 0x000002d18eaad71b to 0x000002d18eaadcd5
Event: 9.930 Thread 0x000002d1eb973910 Exception <a 'java/lang/NullPointerException'{0x00000000d6904578}> (0x00000000d6904578) 
thrown [s\src\hotspot\share\runtime\sharedRuntime.cpp, line 625]
Event: 10.026 Thread 0x000002d1eb973910 Implicit null exception at 0x000002d18eaad71b to 0x000002d18eaadcd5
Event: 10.026 Thread 0x000002d1eb973910 Exception <a 'java/lang/NullPointerException'{0x00000000d5752ea8}> (0x00000000d5752ea8) 
thrown [s\src\hotspot\share\runtime\sharedRuntime.cpp, line 625]
Event: 10.041 Thread 0x000002d1eb973910 Implicit null exception at 0x000002d18eaad71b to 0x000002d18eaadcd5
Event: 10.041 Thread 0x000002d1eb973910 Exception <a 'java/lang/NullPointerException'{0x00000000d57ff6c0}> (0x00000000d57ff6c0) 
thrown [s\src\hotspot\share\runtime\sharedRuntime.cpp, line 625]

ZGC Phase Switch (0 events):
No events

VM Operations (20 events):
Event: 9.124 Executing VM operation: HandshakeAllThreads (Deoptimize) done
Event: 9.247 Executing VM operation: ICBufferFull
Event: 9.247 Executing VM operation: ICBufferFull done
Event: 9.265 Executing VM operation: HandshakeAllThreads (Deoptimize)
Event: 9.266 Executing VM operation: HandshakeAllThreads (Deoptimize) done
Event: 9.270 Executing VM operation: HandshakeAllThreads (Deoptimize)
Event: 9.270 Executing VM operation: HandshakeAllThreads (Deoptimize) done
Event: 9.396 Executing VM operation: ParallelGCFailedAllocation (Allocation Failure)
Event: 9.398 Executing VM operation: ParallelGCFailedAllocation (Allocation Failure) done
Event: 9.497 Executing VM operation: ParallelGCFailedAllocation (Allocation Failure)
Event: 9.499 Executing VM operation: ParallelGCFailedAllocation (Allocation Failure) done
Event: 9.511 Executing VM operation: HandshakeAllThreads (Deoptimize)
Event: 9.511 Executing VM operation: HandshakeAllThreads (Deoptimize) done
Event: 9.564 Executing VM operation: ParallelGCFailedAllocation (Allocation Failure)
Event: 9.566 Executing VM operation: ParallelGCFailedAllocation (Allocation Failure) done
Event: 9.832 Executing VM operation: ICBufferFull
Event: 9.832 Executing VM operation: ICBufferFull done
Event: 9.954 Executing VM operation: ParallelGCFailedAllocation (Allocation Failure)
Event: 9.957 Executing VM operation: ParallelGCFailedAllocation (Allocation Failure) done
Event: 10.960 Executing VM operation: Cleanup

Memory protections (0 events):
No events

Nmethod flushes (20 events):
Event: 6.056 Thread 0x000002d18ac845c0 flushing  nmethod 0x000002d18e25bc90
Event: 6.056 Thread 0x000002d18ac845c0 flushing  nmethod 0x000002d18e31bb90
Event: 6.056 Thread 0x000002d18ac845c0 flushing  nmethod 0x000002d18e31c010
Event: 6.056 Thread 0x000002d18ac845c0 flushing  nmethod 0x000002d18e31ca10
Event: 6.056 Thread 0x000002d18ac845c0 flushing  nmethod 0x000002d18e31d710
Event: 6.056 Thread 0x000002d18ac845c0 flushing  nmethod 0x000002d18e34dd90
Event: 6.056 Thread 0x000002d18ac845c0 flushing  nmethod 0x000002d18e34e790
Event: 6.056 Thread 0x000002d18ac845c0 flushing  nmethod 0x000002d18e354f90
Event: 6.056 Thread 0x000002d18ac845c0 flushing  nmethod 0x000002d18e355390
Event: 6.056 Thread 0x000002d18ac845c0 flushing  nmethod 0x000002d18e36af10
Event: 6.056 Thread 0x000002d18ac845c0 flushing  nmethod 0x000002d18e38c610
Event: 6.056 Thread 0x000002d18ac845c0 flushing  nmethod 0x000002d18e3a5690
Event: 6.056 Thread 0x000002d18ac845c0 flushing  nmethod 0x000002d18e3a9710
Event: 6.056 Thread 0x000002d18ac845c0 flushing  nmethod 0x000002d18e3a9a90
Event: 6.056 Thread 0x000002d18ac845c0 flushing  nmethod 0x000002d18e3ec990
Event: 6.056 Thread 0x000002d18ac845c0 flushing  nmethod 0x000002d18e3ecd90
Event: 6.056 Thread 0x000002d18ac845c0 flushing  nmethod 0x000002d18e3fdc90
Event: 6.056 Thread 0x000002d18ac845c0 flushing  nmethod 0x000002d18e403290
Event: 6.056 Thread 0x000002d18ac845c0 flushing  nmethod 0x000002d18e403d10
Event: 6.056 Thread 0x000002d18ac845c0 flushing  nmethod 0x000002d18e408810

Events (20 events):
Event: 4.188 Thread 0x000002d1e9c6d6e0 Thread added: 0x000002d1eb973910
Event: 4.360 Thread 0x000002d18aceb980 Thread added: 0x000002d1eb970b20
Event: 4.360 Thread 0x000002d18aceb980 Thread added: 0x000002d1eb974630
Event: 4.589 Thread 0x000002d1eb974630 Thread added: 0x000002d1eb973fa0
Event: 4.597 Thread 0x000002d1eb974630 Thread added: 0x000002d1eb974cc0
Event: 4.599 Thread 0x000002d1eb974630 Thread added: 0x000002d1eb975350
Event: 4.600 Thread 0x000002d1eb974630 Thread added: 0x000002d1eb971ed0
Event: 4.602 Thread 0x000002d1eb974630 Thread added: 0x000002d1eb978140
Event: 4.603 Thread 0x000002d1eb974630 Thread added: 0x000002d1eb977ab0
Event: 4.605 Thread 0x000002d1eb974630 Thread added: 0x000002d1eb9759e0
Event: 6.376 Thread 0x000002d1e9e02cd0 Thread exited: 0x000002d1e9e02cd0
Event: 6.384 Thread 0x000002d1e9ce8820 Thread exited: 0x000002d1e9ce8820
Event: 6.465 Thread 0x000002d1e3aeb5e0 Thread added: 0x000002d1e9ce8820
Event: 6.660 Thread 0x000002d1e9ce8820 Thread exited: 0x000002d1e9ce8820
Event: 6.990 Thread 0x000002d1e3aeb5e0 Thread added: 0x000002d1e9ce8820
Event: 7.040 Thread 0x000002d1e3aeb5e0 Thread added: 0x000002d1eb48f450
Event: 8.871 Thread 0x000002d1e9ce8820 Thread exited: 0x000002d1e9ce8820
Event: 8.871 Thread 0x000002d1eb48f450 Thread exited: 0x000002d1eb48f450
Event: 9.006 Thread 0x000002d1e3aeb5e0 Thread added: 0x000002d1f552a7a0
Event: 9.031 Thread 0x000002d1e3aeb5e0 Thread added: 0x000002d1ea0f6f60


Dynamic libraries:
0x00007ff7edc90000 - 0x00007ff7edc9e000 	c:\Users\TUF GAMING A15\.vscode\extensions\redhat.java-1.50.0-win32-x64\jre\21.0.9-win32-x86_64\bin\java.exe
0x00007ffbe1ca0000 - 0x00007ffbe1f08000 	C:\WINDOWS\SYSTEM32\ntdll.dll
0x00007ffbe1440000 - 0x00007ffbe1509000 	C:\WINDOWS\System32\KERNEL32.DLL
0x00007ffbdf310000 - 0x00007ffbdf708000 	C:\WINDOWS\System32\KERNELBASE.dll
0x00007ffbdf7c0000 - 0x00007ffbdf90b000 	C:\WINDOWS\System32\ucrtbase.dll
0x00007ffbb2930000 - 0x00007ffbb2948000 	c:\Users\TUF GAMING A15\.vscode\extensions\redhat.java-1.50.0-win32-x64\jre\21.0.9-win32-x86_64\bin\jli.dll
0x00007ffbaff80000 - 0x00007ffbaff9e000 	c:\Users\TUF GAMING A15\.vscode\extensions\redhat.java-1.50.0-win32-x64\jre\21.0.9-win32-x86_64\bin\VCRUNTIME140.dll
0x00007ffbe11f0000 - 0x00007ffbe13b7000 	C:\WINDOWS\System32\USER32.dll
0x00007ffbc2ae0000 - 0x00007ffbc2d74000 	C:\WINDOWS\WinSxS\amd64_microsoft.windows.common-controls_6595b64144ccf1df_6.0.26100.7019_none_3e06ffa0e335b8a8\COMCTL32.dll
0x00007ffbdedf0000 - 0x00007ffbdee17000 	C:\WINDOWS\System32\win32u.dll
0x00007ffbe1bb0000 - 0x00007ffbe1c59000 	C:\WINDOWS\System32\msvcrt.dll
0x00007ffbe1620000 - 0x00007ffbe164b000 	C:\WINDOWS\System32\GDI32.dll
0x00007ffbdf910000 - 0x00007ffbdfa3c000 	C:\WINDOWS\System32\gdi32full.dll
0x00007ffbdf030000 - 0x00007ffbdf0d3000 	C:\WINDOWS\System32\msvcp_win.dll
0x00007ffbdff50000 - 0x00007ffbdff81000 	C:\WINDOWS\System32\IMM32.DLL
0x00007ffbcd090000 - 0x00007ffbcd09c000 	c:\Users\TUF GAMING A15\.vscode\extensions\redhat.java-1.50.0-win32-x64\jre\21.0.9-win32-x86_64\bin\vcruntime140_1.dll
0x00007ffba4780000 - 0x00007ffba480d000 	c:\Users\TUF GAMING A15\.vscode\extensions\redhat.java-1.50.0-win32-x64\jre\21.0.9-win32-x86_64\bin\msvcp140.dll
0x00007ffb6cfc0000 - 0x00007ffb6dd60000 	c:\Users\TUF GAMING A15\.vscode\extensions\redhat.java-1.50.0-win32-x64\jre\21.0.9-win32-x86_64\bin\server\jvm.dll
0x00007ffbe09c0000 - 0x00007ffbe0a74000 	C:\WINDOWS\System32\ADVAPI32.dll
0x00007ffbe0a80000 - 0x00007ffbe0b26000 	C:\WINDOWS\System32\sechost.dll
0x00007ffbe0ea0000 - 0x00007ffbe0fb8000 	C:\WINDOWS\System32\RPCRT4.dll
0x00007ffbe0b30000 - 0x00007ffbe0ba4000 	C:\WINDOWS\System32\WS2_32.dll
0x00007ffbdec50000 - 0x00007ffbdecae000 	C:\WINDOWS\SYSTEM32\POWRPROF.dll
0x00007ffbd3a50000 - 0x00007ffbd3a85000 	C:\WINDOWS\SYSTEM32\WINMM.dll
0x00007ffbcc7b0000 - 0x00007ffbcc7bb000 	C:\WINDOWS\SYSTEM32\VERSION.dll
0x00007ffbdec30000 - 0x00007ffbdec44000 	C:\WINDOWS\SYSTEM32\UMPDC.dll
0x00007ffbddbb0000 - 0x00007ffbddbcb000 	C:\WINDOWS\SYSTEM32\kernel.appcore.dll
0x00007ffbccca0000 - 0x00007ffbcccaa000 	c:\Users\TUF GAMING A15\.vscode\extensions\redhat.java-1.50.0-win32-x64\jre\21.0.9-win32-x86_64\bin\jimage.dll
0x00007ffbdc470000 - 0x00007ffbdc6b2000 	C:\WINDOWS\SYSTEM32\DBGHELP.DLL
0x00007ffbe1650000 - 0x00007ffbe19db000 	C:\WINDOWS\System32\combase.dll
0x00007ffbe0bb0000 - 0x00007ffbe0c87000 	C:\WINDOWS\System32\OLEAUT32.dll
0x00007ffbafa20000 - 0x00007ffbafa5c000 	C:\WINDOWS\SYSTEM32\dbgcore.DLL
0x00007ffbdf710000 - 0x00007ffbdf7b5000 	C:\WINDOWS\System32\bcryptPrimitives.dll
0x00007ffbca6c0000 - 0x00007ffbca6cf000 	c:\Users\TUF GAMING A15\.vscode\extensions\redhat.java-1.50.0-win32-x64\jre\21.0.9-win32-x86_64\bin\instrument.dll
0x00007ffbaff60000 - 0x00007ffbaff80000 	c:\Users\TUF GAMING A15\.vscode\extensions\redhat.java-1.50.0-win32-x64\jre\21.0.9-win32-x86_64\bin\java.dll
0x00007ffbe0090000 - 0x00007ffbe07df000 	C:\WINDOWS\System32\SHELL32.dll
0x00007ffbdf1a0000 - 0x00007ffbdf30b000 	C:\WINDOWS\System32\wintypes.dll
0x00007ffbdca30000 - 0x00007ffbdd28d000 	C:\WINDOWS\SYSTEM32\windows.storage.dll
0x00007ffbe19e0000 - 0x00007ffbe1ad2000 	C:\WINDOWS\System32\SHCORE.dll
0x00007ffbe0c90000 - 0x00007ffbe0cf7000 	C:\WINDOWS\System32\shlwapi.dll
0x00007ffbded10000 - 0x00007ffbded39000 	C:\WINDOWS\SYSTEM32\profapi.dll
0x00007ffbaff40000 - 0x00007ffbaff58000 	c:\Users\TUF GAMING A15\.vscode\extensions\redhat.java-1.50.0-win32-x64\jre\21.0.9-win32-x86_64\bin\zip.dll
0x00007ffbc65b0000 - 0x00007ffbc65c0000 	C:\Users\TUF GAMING A15\.vscode\extensions\redhat.java-1.50.0-win32-x64\jre\21.0.9-win32-x86_64\bin\net.dll
0x00007ffbd52d0000 - 0x00007ffbd53f8000 	C:\WINDOWS\SYSTEM32\WINHTTP.dll
0x00007ffbde120000 - 0x00007ffbde18b000 	C:\WINDOWS\system32\mswsock.dll
0x00007ffbafeb0000 - 0x00007ffbafec6000 	C:\Users\TUF GAMING A15\.vscode\extensions\redhat.java-1.50.0-win32-x64\jre\21.0.9-win32-x86_64\bin\nio.dll
0x00007ffbc4cc0000 - 0x00007ffbc4cd0000 	c:\Users\TUF GAMING A15\.vscode\extensions\redhat.java-1.50.0-win32-x64\jre\21.0.9-win32-x86_64\bin\verify.dll
0x00007ffba4730000 - 0x00007ffba4774000 	C:\Users\TUF GAMING A15\AppData\Roaming\Code\User\globalStorage\redhat.java\1.50.0\config_ss_win\org.eclipse.equinox.launcher\org.eclipse.equinox.launcher.win32.win32.x86_64_1.2.1400.v20250801-0854\eclipse_11916.dll
0x00007ffbe0d00000 - 0x00007ffbe0e97000 	C:\WINDOWS\System32\ole32.dll
0x00007ffbde3e0000 - 0x00007ffbde3fb000 	C:\WINDOWS\SYSTEM32\CRYPTSP.dll
0x00007ffbddb10000 - 0x00007ffbddb4a000 	C:\WINDOWS\system32\rsaenh.dll
0x00007ffbde1d0000 - 0x00007ffbde1fb000 	C:\WINDOWS\SYSTEM32\USERENV.dll
0x00007ffbdece0000 - 0x00007ffbded0a000 	C:\WINDOWS\SYSTEM32\bcrypt.dll
0x00007ffbde400000 - 0x00007ffbde40c000 	C:\WINDOWS\SYSTEM32\CRYPTBASE.dll
0x00007ffbdd670000 - 0x00007ffbdd6a4000 	C:\WINDOWS\SYSTEM32\IPHLPAPI.DLL
0x00007ffbe15a0000 - 0x00007ffbe15aa000 	C:\WINDOWS\System32\NSI.dll
0x00007ffb88a50000 - 0x00007ffb88a99000 	C:\Users\TUF GAMING A15\AppData\Local\Temp\jna-1218633679\jna8291010181736800047.dll
0x00007ffbe07f0000 - 0x00007ffbe07f8000 	C:\WINDOWS\System32\PSAPI.DLL
0x00007ffbd5c50000 - 0x00007ffbd5c6e000 	C:\WINDOWS\SYSTEM32\dhcpcsvc6.DLL
0x00007ffbd58d0000 - 0x00007ffbd58f3000 	C:\WINDOWS\SYSTEM32\dhcpcsvc.DLL

JVMTI agents:
c:\Users\TUF GAMING A15\.vscode\extensions\redhat.java-1.50.0-win32-x64\lombok\lombok-1.18.39-4050.jar path:c:\Users\TUF GAMING A15\.vscode\extensions\redhat.java-1.50.0-win32-x64\jre\21.0.9-win32-x86_64\bin\instrument.dll, loaded, initialized, instrumentlib options:none

dbghelp: loaded successfully - version: 4.0.5 - missing functions: none
symbol engine: initialized successfully - sym options: 0x614 - pdb path: .;c:\Users\TUF GAMING A15\.vscode\extensions\redhat.java-1.50.0-win32-x64\jre\21.0.9-win32-x86_64\bin;C:\WINDOWS\SYSTEM32;C:\WINDOWS\WinSxS\amd64_microsoft.windows.common-controls_6595b64144ccf1df_6.0.26100.7019_none_3e06ffa0e335b8a8;c:\Users\TUF GAMING A15\.vscode\extensions\redhat.java-1.50.0-win32-x64\jre\21.0.9-win32-x86_64\bin\server;C:\Users\TUF GAMING A15\AppData\Roaming\Code\User\globalStorage\redhat.java\1.50.0\config_ss_win\org.eclipse.equinox.launcher\org.eclipse.equinox.launcher.win32.win32.x86_64_1.2.1400.v20250801-0854;C:\Users\TUF GAMING A15\AppData\Local\Temp\jna-1218633679

VM Arguments:
jvm_args: --add-modules=ALL-SYSTEM --add-opens=java.base/java.util=ALL-UNNAMED --add-opens=java.base/java.lang=ALL-UNNAMED --add-opens=java.base/sun.nio.fs=ALL-UNNAMED -Declipse.application=org.eclipse.jdt.ls.core.id1 -Dosgi.bundles.defaultStartLevel=4 -Declipse.product=org.eclipse.jdt.ls.core.product -Djava.import.generatesMetadataFilesAtProjectRoot=false -DDetectVMInstallationsJob.disabled=true -Dfile.encoding=utf8 -XX:+UseParallelGC -XX:GCTimeRatio=4 -XX:AdaptiveSizePolicyWeight=90 -Dsun.zip.disableMemoryMapping=true -Xmx2G -Xms100m -Xlog:disable -javaagent:c:\Users\TUF GAMING A15\.vscode\extensions\redhat.java-1.50.0-win32-x64\lombok\lombok-1.18.39-4050.jar 
java_command: c:\Users\TUF GAMING A15\.vscode\extensions\redhat.java-1.50.0-win32-x64\server\plugins\org.eclipse.equinox.launcher_1.7.100.v20251111-0406.jar -configuration c:\Users\TUF GAMING A15\AppData\Roaming\Code\User\globalStorage\redhat.java\1.50.0\config_ss_win -data c:\Users\TUF GAMING A15\AppData\Roaming\Code\User\workspaceStorage\783189d7cd1747ae1099046a795e131d\redhat.java\ss_ws --pipe=\\.\pipe\lsp-651835e70aced9e78ba7751581ff422a-sock
java_class_path (initial): c:\Users\TUF GAMING A15\.vscode\extensions\redhat.java-1.50.0-win32-x64\server\plugins\org.eclipse.equinox.launcher_1.7.100.v20251111-0406.jar
Launcher Type: SUN_STANDARD

[Global flags]
    uintx AdaptiveSizePolicyWeight                 = 90                                        {product} {command line}
     intx CICompilerCount                          = 4                                         {product} {ergonomic}
    uintx GCTimeRatio                              = 4                                         {product} {command line}
   size_t InitialHeapSize                          = 104857600                                 {product} {command line}
   size_t MaxHeapSize                              = 2147483648                                {product} {command line}
   size_t MaxNewSize                               = 715653120                                 {product} {ergonomic}
   size_t MinHeapDeltaBytes                        = 524288                                    {product} {ergonomic}
   size_t MinHeapSize                              = 104857600                                 {product} {command line}
   size_t NewSize                                  = 34603008                                  {product} {ergonomic}
    uintx NonNMethodCodeHeapSize                   = 5839372                                {pd product} {ergonomic}
    uintx NonProfiledCodeHeapSize                  = 122909434                              {pd product} {ergonomic}
   size_t OldSize                                  = 70254592                                  {product} {ergonomic}
    uintx ProfiledCodeHeapSize                     = 122909434                              {pd product} {ergonomic}
    uintx ReservedCodeCacheSize                    = 251658240                              {pd product} {ergonomic}
     bool SegmentedCodeCache                       = true                                      {product} {ergonomic}
   size_t SoftMaxHeapSize                          = 2147483648                             {manageable} {ergonomic}
     bool UseCompressedOops                        = true                           {product lp64_product} {ergonomic}
     bool UseLargePagesIndividualAllocation        = false                                  {pd product} {ergonomic}
     bool UseParallelGC                            = true                                      {product} {command line}

Logging:
Log output configuration:
 #0: stdout all=off uptime,level,tags foldmultilines=false
 #1: stderr all=off uptime,level,tags foldmultilines=false

Release file:
JAVA_VERSION="21.0.9" 
MODULES="java.base java.compiler java.datatransfer java.xml java.prefs java.desktop java.instrument java.logging java.management java.security.sasl java.naming java.rmi java.management.rmi java.net.http java.scripting java.security.jgss java.transaction.xa java.sql java.sql.rowset java.xml.crypto java.se java.smartcardio jdk.accessibility jdk.internal.jvmstat jdk.attach jdk.charsets jdk.internal.opt jdk.zipfs jdk.compiler jdk.crypto.ec jdk.crypto.cryptoki jdk.crypto.mscapi jdk.dynalink jdk.internal.ed jdk.editpad jdk.hotspot.agent jdk.httpserver jdk.internal.le jdk.internal.vm.ci jdk.internal.vm.compiler jdk.internal.vm.compiler.management jdk.jartool jdk.javadoc jdk.jcmd jdk.management jdk.management.agent jdk.jconsole jdk.jdeps jdk.jdwp.agent jdk.jdi jdk.jfr jdk.jshell jdk.jsobject jdk.jstatd jdk.localedata jdk.management.jfr jdk.naming.dns jdk.naming.rmi jdk.net jdk.nio.mapmode jdk.random jdk.sctp jdk.security.auth jdk.security.jgss jdk.unsupported jdk.unsupported.desktop jdk.xml.dom" 

Environment Variables:
PATH=C:\Program Files\Common Files\Oracle\Java\javapath;C:\Windows\system32;C:\Windows;C:\Windows\System32\Wbem;C:\Windows\System32\WindowsPowerShell\v1.0\;C:\Windows\System32\OpenSSH\;C:\Program Files (x86)\NVIDIA Corporation\PhysX\Common;C:\WINDOWS\system32;C:\WINDOWS;C:\WINDOWS\System32\Wbem;C:\WINDOWS\System32\WindowsPowerShell\v1.0\;C:\WINDOWS\System32\OpenSSH\;C:\Program Files\dotnet\;C:\Program Files\Git\cmd;C:\Program Files\Java\jdk-21\bin;C:\WINDOWS\system32;C:\WINDOWS;C:\WINDOWS\System32\Wbem;C:\WINDOWS\System32\WindowsPowerShell\v1.0\;C:\WINDOWS\System32\OpenSSH\;C:\Program Files\NVIDIA Corporation\NVIDIA app\NvDLISR;C:\Program Files\nodejs\;C:\Users\TUF GAMING A15\AppData\Local\Programs\Python\Python310\Scripts\;C:\Users\TUF GAMING A15\AppData\Local\Programs\Python\Python310\;C:\Users\TUF GAMING A15\AppData\Local\Microsoft\WindowsApps;C:\Users\TUF GAMING A15\AppData\Local\Programs\Microsoft VS Code\bin;C:\Users\TUF GAMING A15\AppData\Local\GitHubDesktop\bin;C:\Users\TUF GAMING A15\.dotnet\tools;C:\Users\TUF GAMING A15\AppData\Roaming\npm
USERNAME=TUF GAMING A15
OS=Windows_NT
PROCESSOR_IDENTIFIER=Intel64 Family 6 Model 141 Stepping 1, GenuineIntel
TMP=C:\Users\TUFGAM~1\AppData\Local\Temp
TEMP=C:\Users\TUFGAM~1\AppData\Local\Temp




Periodic native trim disabled

---------------  S Y S T E M  ---------------

OS:
 Windows 11 , 64 bit Build 26100 (10.0.26100.7019)
OS uptime: 0 days 16:29 hours

CPU: total 12 (initial active 12) (6 cores per cpu, 2 threads per core) family 6 model 141 stepping 1 microcode 0x50, cx8, cmov, fxsr, ht, mmx, 3dnowpref, sse, sse2, sse3, ssse3, sse4.1, sse4.2, popcnt, lzcnt, tsc, tscinvbit, avx, avx2, aes, erms, clmul, bmi1, bmi2, adx, avx512f, avx512dq, avx512cd, avx512bw, avx512vl, sha, fma, vzeroupper, avx512_vpopcntdq, avx512_vpclmulqdq, avx512_vaes, avx512_vnni, clflush, clflushopt, clwb, avx512_vbmi2, avx512_vbmi, rdtscp, rdpid, fsrm, gfni, avx512_bitalg, f16c, pku, cet_ibt, cet_ss, avx512_ifma
Processor Information for the first 12 processors :
  Max Mhz: 2688, Current Mhz: 2688, Mhz Limit: 2688

Memory: 4k page, system-wide physical 16105M (886M free)
TotalPageFile size 31105M (AvailPageFile size 21M)
current process WorkingSet (physical memory assigned to process): 250M, peak: 263M
current process commit charge ("private bytes"): 364M, peak: 375M

vm_info: OpenJDK 64-Bit Server VM (21.0.9+10-LTS) for windows-amd64 JRE (21.0.9+10-LTS), built on 2025-10-21T00:00:00Z by "admin" with unknown MS VC++:1942

END.
