#
# There is insufficient memory for the Java Runtime Environment to continue.
# Native memory allocation (malloc) failed to allocate 611792 bytes. Error detail: Chunk::new
# Possible reasons:
#   The system is out of physical RAM or swap space
#   This process is running with CompressedOops enabled, and the Java Heap may be blocking the growth of the native heap
# Possible solutions:
#   Reduce memory load on the system
#   Increase physical memory or swap space
#   Check if swap backing store is full
#   Decrease Java heap size (-Xmx/-Xms)
#   Decrease number of Java threads
#   Decrease Java thread stack sizes (-Xss)
#   Set larger code cache with -XX:ReservedCodeCacheSize=
#   JVM is running with Unscaled Compressed Oops mode in which the Java heap is
#     placed in the first 4GB address space. The Java Heap base address is the
#     maximum limit for the native heap growth. Please use -XX:HeapBaseMinAddress
#     to set the Java Heap base and to place the Java Heap above 4GB virtual address.
# This output file may be truncated or incomplete.
#
#  Out of Memory Error (arena.cpp:168), pid=25796, tid=22976
#
# JRE version: OpenJDK Runtime Environment Temurin-21.0.9+10 (21.0.9+10) (build 21.0.9+10-LTS)
# Java VM: OpenJDK 64-Bit Server VM Temurin-21.0.9+10 (21.0.9+10-LTS, mixed mode, sharing, tiered, compressed oops, compressed class ptrs, parallel gc, windows-amd64)
# No core dump will be written. Minidumps are not enabled by default on client versions of Windows
#

---------------  S U M M A R Y ------------

Command Line: --add-modules=ALL-SYSTEM --add-opens=java.base/java.util=ALL-UNNAMED --add-opens=java.base/java.lang=ALL-UNNAMED --add-opens=java.base/sun.nio.fs=ALL-UNNAMED -Declipse.application=org.eclipse.jdt.ls.core.id1 -Dosgi.bundles.defaultStartLevel=4 -Declipse.product=org.eclipse.jdt.ls.core.product -Djava.import.generatesMetadataFilesAtProjectRoot=false -DDetectVMInstallationsJob.disabled=true -Dfile.encoding=utf8 -XX:+UseParallelGC -XX:GCTimeRatio=4 -XX:AdaptiveSizePolicyWeight=90 -Dsun.zip.disableMemoryMapping=true -Xmx2G -Xms100m -Xlog:disable -javaagent:c:\Users\TUF GAMING A15\.vscode\extensions\redhat.java-1.50.0-win32-x64\lombok\lombok-1.18.39-4050.jar c:\Users\TUF GAMING A15\.vscode\extensions\redhat.java-1.50.0-win32-x64\server\plugins\org.eclipse.equinox.launcher_1.7.100.v20251111-0406.jar -configuration c:\Users\TUF GAMING A15\AppData\Roaming\Code\User\globalStorage\redhat.java\1.50.0\config_ss_win -data c:\Users\TUF GAMING A15\AppData\Roaming\Code\User\workspaceStorage\783189d7cd1747ae1099046a795e131d\redhat.java\ss_ws --pipe=\\.\pipe\lsp-95e7afae2b8c3038bea04004d1b185bb-sock

Host: 11th Gen Intel(R) Core(TM) i5-11400H @ 2.70GHz, 12 cores, 15G,  Windows 11 , 64 bit Build 26100 (10.0.26100.7019)
Time: Thu Dec  4 08:05:14 2025 SE Asia Standard Time elapsed time: 22.292570 seconds (0d 0h 0m 22s)

---------------  T H R E A D  ---------------

Current thread (0x00000182606cf600):  JavaThread "C2 CompilerThread2" daemon [_thread_in_native, id=22976, stack(0x0000007401400000,0x0000007401500000) (1024K)]


Current CompileTask:
C2:22292 5814   !   4       org.eclipse.jdt.internal.compiler.parser.Scanner::getNextToken0 (3060 bytes)

Stack: [0x0000007401400000,0x0000007401500000]
Native frames: (J=compiled Java code, j=interpreted, Vv=VM code, C=native code)
V  [jvm.dll+0x6d6e29]
V  [jvm.dll+0x8b4b76]
V  [jvm.dll+0x8b712e]
V  [jvm.dll+0x8b7813]
V  [jvm.dll+0x283d86]
V  [jvm.dll+0xc66ed]
V  [jvm.dll+0xc6c31]
V  [jvm.dll+0x3be53b]
V  [jvm.dll+0x38ab92]
V  [jvm.dll+0x389fda]
V  [jvm.dll+0x24bfa0]
V  [jvm.dll+0x24b580]
V  [jvm.dll+0x1cb13e]
V  [jvm.dll+0x25b29d]
V  [jvm.dll+0x25982a]
V  [jvm.dll+0x3f7ea6]
V  [jvm.dll+0x85e9ad]
V  [jvm.dll+0x6d565d]
C  [ucrtbase.dll+0x37b0]
C  [KERNEL32.DLL+0x2e8d7]
C  [ntdll.dll+0x8c53c]


---------------  P R O C E S S  ---------------

Threads class SMR info:
_java_thread_list=0x00000182617b4cc0, length=42, elements={
0x000001824875dae0, 0x0000018248809390, 0x000001825f20de80, 0x000001824880b950,
0x000001824880c620, 0x000001824880d9c0, 0x0000018248812960, 0x0000018248818070,
0x000001826057a710, 0x000001826077eae0, 0x000001826093e8f0, 0x00000182617c76e0,
0x0000018261bc2920, 0x0000018261bc3660, 0x0000018261b5c3b0, 0x0000018261cee910,
0x0000018266319730, 0x0000018266309fc0, 0x0000018266342c20, 0x00000182676e1560,
0x00000182676e4350, 0x00000182676e1bf0, 0x00000182676e2fa0, 0x00000182676e3630,
0x00000182676e0ed0, 0x00000182676e3cc0, 0x00000182676e2280, 0x00000182676e2910,
0x0000018266647e70, 0x0000018266648b90, 0x000001826664a5d0, 0x00000182666498b0,
0x000001826664ac60, 0x0000018266649220, 0x0000018266649f40, 0x0000018266648500,
0x000001826664b2f0, 0x0000018268245a90, 0x00000182682446e0, 0x0000018268244050,
0x00000182606cef30, 0x00000182606cf600
}

Java Threads: ( => current thread )
  0x000001824875dae0 JavaThread "main"                              [_thread_blocked, id=20128, stack(0x000000747dc00000,0x000000747dd00000) (1024K)]
  0x0000018248809390 JavaThread "Reference Handler"          daemon [_thread_blocked, id=14628, stack(0x000000747e000000,0x000000747e100000) (1024K)]
  0x000001825f20de80 JavaThread "Finalizer"                  daemon [_thread_blocked, id=19940, stack(0x000000747e100000,0x000000747e200000) (1024K)]
  0x000001824880b950 JavaThread "Signal Dispatcher"          daemon [_thread_blocked, id=27336, stack(0x000000747e200000,0x000000747e300000) (1024K)]
  0x000001824880c620 JavaThread "Attach Listener"            daemon [_thread_blocked, id=27948, stack(0x000000747e300000,0x000000747e400000) (1024K)]
  0x000001824880d9c0 JavaThread "Service Thread"             daemon [_thread_blocked, id=21708, stack(0x000000747e400000,0x000000747e500000) (1024K)]
  0x0000018248812960 JavaThread "Monitor Deflation Thread"   daemon [_thread_blocked, id=15144, stack(0x000000747e500000,0x000000747e600000) (1024K)]
  0x0000018248818070 JavaThread "C2 CompilerThread0"         daemon [_thread_in_native, id=22268, stack(0x000000747e600000,0x000000747e700000) (1024K)]
  0x000001826057a710 JavaThread "C1 CompilerThread0"         daemon [_thread_in_vm, id=9408, stack(0x000000747e700000,0x000000747e800000) (1024K)]
  0x000001826077eae0 JavaThread "Common-Cleaner"             daemon [_thread_blocked, id=22948, stack(0x000000747e900000,0x000000747ea00000) (1024K)]
  0x000001826093e8f0 JavaThread "Notification Thread"        daemon [_thread_blocked, id=26748, stack(0x000000747e800000,0x000000747e900000) (1024K)]
  0x00000182617c76e0 JavaThread "Active Thread: Equinox Container: 74ff5b05-7499-4776-9f06-45997f888b5e"        [_thread_blocked, id=9244, stack(0x000000747ea00000,0x000000747eb00000) (1024K)]
  0x0000018261bc2920 JavaThread "Framework Event Dispatcher: Equinox Container: 74ff5b05-7499-4776-9f06-45997f888b5e" daemon [_thread_blocked, id=26800, stack(0x000000747f200000,0x000000747f300000) (1024K)]
  0x0000018261bc3660 JavaThread "Start Level: Equinox Container: 74ff5b05-7499-4776-9f06-45997f888b5e" daemon [_thread_blocked, id=25008, stack(0x000000747f300000,0x000000747f400000) (1024K)]
  0x0000018261b5c3b0 JavaThread "SCR Component Actor"        daemon [_thread_blocked, id=14452, stack(0x000000747f100000,0x000000747f200000) (1024K)]
  0x0000018261cee910 JavaThread "Worker-JM"                         [_thread_blocked, id=21700, stack(0x000000747f600000,0x000000747f700000) (1024K)]
  0x0000018266319730 JavaThread "JNA Cleaner"                daemon [_thread_blocked, id=17612, stack(0x000000747f800000,0x000000747f900000) (1024K)]
  0x0000018266309fc0 JavaThread "Worker-0"                          [_thread_blocked, id=22740, stack(0x000000747f900000,0x000000747fa00000) (1024K)]
  0x0000018266342c20 JavaThread "Worker-1: Publish Diagnostics"        [_thread_in_vm, id=27664, stack(0x000000747fa00000,0x000000747fb00000) (1024K)]
  0x00000182676e1560 JavaThread "Thread-1"                   daemon [_thread_in_native, id=28600, stack(0x000000747fe00000,0x000000747ff00000) (1024K)]
  0x00000182676e4350 JavaThread "Thread-2"                   daemon [_thread_in_native, id=27260, stack(0x000000747ff00000,0x0000007480000000) (1024K)]
  0x00000182676e1bf0 JavaThread "Thread-3"                   daemon [_thread_in_native, id=16800, stack(0x0000007400000000,0x0000007400100000) (1024K)]
  0x00000182676e2fa0 JavaThread "Thread-4"                   daemon [_thread_in_native, id=17420, stack(0x0000007400100000,0x0000007400200000) (1024K)]
  0x00000182676e3630 JavaThread "Thread-5"                   daemon [_thread_in_native, id=21484, stack(0x0000007400200000,0x0000007400300000) (1024K)]
  0x00000182676e0ed0 JavaThread "Thread-6"                   daemon [_thread_in_native, id=15964, stack(0x0000007400300000,0x0000007400400000) (1024K)]
  0x00000182676e3cc0 JavaThread "Thread-7"                   daemon [_thread_in_native, id=14652, stack(0x0000007400400000,0x0000007400500000) (1024K)]
  0x00000182676e2280 JavaThread "Thread-8"                   daemon [_thread_in_native, id=22076, stack(0x0000007400500000,0x0000007400600000) (1024K)]
  0x00000182676e2910 JavaThread "Thread-9"                   daemon [_thread_in_native, id=11680, stack(0x0000007400600000,0x0000007400700000) (1024K)]
  0x0000018266647e70 JavaThread "Thread-10"                  daemon [_thread_in_native, id=28532, stack(0x0000007400700000,0x0000007400800000) (1024K)]
  0x0000018266648b90 JavaThread "Thread-11"                  daemon [_thread_in_native, id=23672, stack(0x0000007400800000,0x0000007400900000) (1024K)]
  0x000001826664a5d0 JavaThread "Thread-12"                  daemon [_thread_in_native, id=2696, stack(0x0000007400900000,0x0000007400a00000) (1024K)]
  0x00000182666498b0 JavaThread "Thread-13"                  daemon [_thread_in_native, id=25960, stack(0x0000007400a00000,0x0000007400b00000) (1024K)]
  0x000001826664ac60 JavaThread "pool-2-thread-1"                   [_thread_blocked, id=14676, stack(0x0000007400b00000,0x0000007400c00000) (1024K)]
  0x0000018266649220 JavaThread "Worker-2"                          [_thread_blocked, id=21448, stack(0x0000007400c00000,0x0000007400d00000) (1024K)]
  0x0000018266649f40 JavaThread "WorkspaceEventsHandler"            [_thread_blocked, id=22108, stack(0x0000007400d00000,0x0000007400e00000) (1024K)]
  0x0000018266648500 JavaThread "pool-1-thread-1"                   [_thread_in_Java, id=6616, stack(0x0000007400e00000,0x0000007400f00000) (1024K)]
  0x000001826664b2f0 JavaThread "ForkJoinPool.commonPool-worker-1" daemon [_thread_blocked, id=9560, stack(0x0000007400f00000,0x0000007401000000) (1024K)]
  0x0000018268245a90 JavaThread "ForkJoinPool.commonPool-worker-2" daemon [_thread_blocked, id=19272, stack(0x0000007401000000,0x0000007401100000) (1024K)]
  0x00000182682446e0 JavaThread "ForkJoinPool.commonPool-worker-3" daemon [_thread_blocked, id=21804, stack(0x0000007401100000,0x0000007401200000) (1024K)]
  0x0000018268244050 JavaThread "ForkJoinPool.commonPool-worker-4" daemon [_thread_blocked, id=24696, stack(0x0000007401200000,0x0000007401300000) (1024K)]
  0x00000182606cef30 JavaThread "C2 CompilerThread1"         daemon [_thread_in_native, id=1984, stack(0x0000007401300000,0x0000007401400000) (1024K)]
=>0x00000182606cf600 JavaThread "C2 CompilerThread2"         daemon [_thread_in_native, id=22976, stack(0x0000007401400000,0x0000007401500000) (1024K)]
Total: 42

Other Threads:
  0x0000018248804810 VMThread "VM Thread"                           [id=12116, stack(0x000000747df00000,0x000000747e000000) (1024K)]
  0x00000182487c9690 WatcherThread "VM Periodic Task Thread"        [id=28628, stack(0x000000747de00000,0x000000747df00000) (1024K)]
  0x000001824877c630 WorkerThread "GC Thread#0"                     [id=6608, stack(0x000000747dd00000,0x000000747de00000) (1024K)]
  0x0000018261527060 WorkerThread "GC Thread#1"                     [id=26984, stack(0x000000747eb00000,0x000000747ec00000) (1024K)]
  0x0000018261527400 WorkerThread "GC Thread#2"                     [id=15748, stack(0x000000747ec00000,0x000000747ed00000) (1024K)]
  0x00000182609188d0 WorkerThread "GC Thread#3"                     [id=17788, stack(0x000000747ed00000,0x000000747ee00000) (1024K)]
  0x0000018260918c70 WorkerThread "GC Thread#4"                     [id=19160, stack(0x000000747ee00000,0x000000747ef00000) (1024K)]
  0x0000018260919010 WorkerThread "GC Thread#5"                     [id=2376, stack(0x000000747ef00000,0x000000747f000000) (1024K)]
  0x00000182617f3c90 WorkerThread "GC Thread#6"                     [id=3684, stack(0x000000747f000000,0x000000747f100000) (1024K)]
  0x0000018261ba0a50 WorkerThread "GC Thread#7"                     [id=14432, stack(0x000000747f400000,0x000000747f500000) (1024K)]
  0x0000018261bfde30 WorkerThread "GC Thread#8"                     [id=3512, stack(0x000000747f500000,0x000000747f600000) (1024K)]
  0x0000018261c04ff0 WorkerThread "GC Thread#9"                     [id=18636, stack(0x000000747f700000,0x000000747f800000) (1024K)]
Total: 12

Threads with active compile tasks:
C2 CompilerThread0  23319 5890       4       lombok.eclipse.EclipseNode::traverse (800 bytes)
C1 CompilerThread0  23319 5900       3       lombok.core.configuration.ConfigurationFile::equals (24 bytes)
C2 CompilerThread1  23319 5458       4       lombok.core.AST::buildWithField (21 bytes)
C2 CompilerThread2  23319 5814   !   4       org.eclipse.jdt.internal.compiler.parser.Scanner::getNextToken0 (3060 bytes)
Total: 4

VM state: not at safepoint (normal execution)

VM Mutex/Monitor currently owned by a thread: None

Heap address: 0x0000000080000000, size: 2048 MB, Compressed Oops mode: 32-bit

CDS archive(s) mapped at: [0x0000018200000000-0x0000018200ba0000-0x0000018200ba0000), size 12189696, SharedBaseAddress: 0x0000018200000000, ArchiveRelocationMode: 1.
Compressed class space mapped at: 0x0000018201000000-0x0000018241000000, reserved size: 1073741824
Narrow klass base: 0x0000018200000000, Narrow klass shift: 0, Narrow klass range: 0x100000000

GC Precious Log:
 CardTable entry size: 512
 CPUs: 12 total, 12 available
 Memory: 16105M
 Large Page Support: Disabled
 NUMA Support: Disabled
 Compressed Oops: Enabled (32-bit)
 Alignments: Space 512K, Generation 512K, Heap 2M
 Heap Min Capacity: 100M
 Heap Initial Capacity: 100M
 Heap Max Capacity: 2G
 Pre-touch: Disabled
 Parallel Workers: 10

Heap:
 PSYoungGen      total 20992K, used 12009K [0x00000000d5580000, 0x00000000d6b80000, 0x0000000100000000)
  eden space 20480K, 56% used [0x00000000d5580000,0x00000000d60d2538,0x00000000d6980000)
  from space 512K, 81% used [0x00000000d6b00000,0x00000000d6b68000,0x00000000d6b80000)
  to   space 512K, 0% used [0x00000000d6980000,0x00000000d6980000,0x00000000d6a00000)
 ParOldGen       total 68608K, used 32494K [0x0000000080000000, 0x0000000084300000, 0x00000000d5580000)
  object space 68608K, 47% used [0x0000000080000000,0x0000000081fbb858,0x0000000084300000)
 Metaspace       used 39799K, committed 40896K, reserved 1114112K
  class space    used 4017K, committed 4544K, reserved 1048576K

Card table byte_map: [0x0000018248130000,0x0000018248540000] _byte_map_base: 0x0000018247d30000

Marking Bits: (ParMarkBitMap*) 0x00007ffb61142460
 Begin Bits: [0x000001825ac10000, 0x000001825cc10000)
 End Bits:   [0x000001825cc10000, 0x000001825ec10000)

Polling page: 0x0000018247f20000

Metaspace:

Usage:
  Non-class:     34.94 MB used.
      Class:      3.92 MB used.
       Both:     38.87 MB used.

Virtual space:
  Non-class space:       64.00 MB reserved,      35.50 MB ( 55%) committed,  1 nodes.
      Class space:        1.00 GB reserved,       4.44 MB ( <1%) committed,  1 nodes.
             Both:        1.06 GB reserved,      39.94 MB (  4%) committed. 

Chunk freelists:
   Non-Class:  12.38 MB
       Class:  11.53 MB
        Both:  23.91 MB

MaxMetaspaceSize: unlimited
CompressedClassSpaceSize: 1.00 GB
Initial GC threshold: 21.00 MB
Current GC threshold: 58.38 MB
CDS: on
 - commit_granule_bytes: 65536.
 - commit_granule_words: 8192.
 - virtual_space_node_default_size: 8388608.
 - enlarge_chunks_in_place: 1.
 - use_allocation_guard: 0.


Internal statistics:

num_allocs_failed_limit: 6.
num_arena_births: 986.
num_arena_deaths: 134.
num_vsnodes_births: 2.
num_vsnodes_deaths: 0.
num_space_committed: 640.
num_space_uncommitted: 0.
num_chunks_returned_to_freelist: 192.
num_chunks_taken_from_freelist: 2852.
num_chunk_merges: 64.
num_chunk_splits: 1722.
num_chunks_enlarged: 971.
num_inconsistent_stats: 0.

CodeHeap 'non-profiled nmethods': size=120000Kb used=3472Kb max_used=3472Kb free=116527Kb
 bounds [0x0000018253430000, 0x00000182537a0000, 0x000001825a960000]
CodeHeap 'profiled nmethods': size=120000Kb used=12623Kb max_used=12623Kb free=107377Kb
 bounds [0x000001824b960000, 0x000001824c5c0000, 0x0000018252e90000]
CodeHeap 'non-nmethods': size=5760Kb used=1394Kb max_used=1492Kb free=4365Kb
 bounds [0x0000018252e90000, 0x0000018253100000, 0x0000018253430000]
CodeCache: size=245760Kb, used=17489Kb, max_used=17587Kb, free=228269Kb
 total_blobs=6177, nmethods=5490, adapters=593, full_count=0
Compilation: enabled, stopped_count=0, restarted_count=0

Compilation events (20 events):
Event: 20.261 Thread 0x000001826057a710 5873   !   3       sun.nio.cs.StreamDecoder::read (78 bytes)
Event: 20.262 Thread 0x000001826057a710 nmethod 5873 0x000001824c5a7c10 code [0x000001824c5a7ea0, 0x000001824c5a8cd8]
Event: 20.264 Thread 0x000001826057a710 5876       3       java.util.Calendar::getBaseStyle (6 bytes)
Event: 20.265 Thread 0x000001826057a710 nmethod 5876 0x000001824c5a9210 code [0x000001824c5a93a0, 0x000001824c5a94b8]
Event: 20.266 Thread 0x000001826057a710 5879       3       java.lang.invoke.LambdaFormBuffer::endEdit (313 bytes)
Event: 20.267 Thread 0x000001826057a710 nmethod 5879 0x000001824c5a9590 code [0x000001824c5a9800, 0x000001824c5aa468]
Event: 20.268 Thread 0x000001826057a710 5882       3       java.io.BufferedWriter::implWrite (100 bytes)
Event: 20.268 Thread 0x000001826057a710 nmethod 5882 0x000001824c5aa890 code [0x000001824c5aaaa0, 0x000001824c5aafb8]
Event: 20.268 Thread 0x000001826057a710 5883       3       java.io.BufferedWriter::min (9 bytes)
Event: 20.268 Thread 0x000001826057a710 nmethod 5883 0x000001824c5ab210 code [0x000001824c5ab3c0, 0x000001824c5ab528]
Event: 20.268 Thread 0x000001826057a710 5884       3       java.util.Calendar::isFieldSet (14 bytes)
Event: 20.269 Thread 0x000001826057a710 nmethod 5884 0x000001824c5ab590 code [0x000001824c5ab720, 0x000001824c5ab868]
Event: 20.274 Thread 0x000001826057a710 5885       3       org.eclipse.core.runtime.IPath::fromPortableString (5 bytes)
Event: 20.274 Thread 0x000001826057a710 nmethod 5885 0x000001824c5ab910 code [0x000001824c5abac0, 0x000001824c5abbd8]
Event: 20.274 Thread 0x000001826057a710 5886       3       org.eclipse.core.runtime.Path::parsePortableString (175 bytes)
Event: 20.275 Thread 0x000001826057a710 nmethod 5886 0x000001824c5abc90 code [0x000001824c5abfa0, 0x000001824c5acf70]
Event: 20.275 Thread 0x000001826057a710 5887  s!   3       org.eclipse.jdt.core.JavaConventions::scannedIdentifier (147 bytes)
Event: 20.276 Thread 0x000001826057a710 nmethod 5887 0x000001824c5ad690 code [0x000001824c5ad960, 0x000001824c5ae5a8]
Event: 20.277 Thread 0x000001826057a710 5888       3       org.eclipse.jdt.internal.compiler.parser.Scanner::scanIdentifier (450 bytes)
Event: 20.279 Thread 0x000001826057a710 nmethod 5888 0x000001824c5ae990 code [0x000001824c5aeca0, 0x000001824c5aff98]

GC Heap History (20 events):
Event: 13.454 GC heap before
{Heap before GC invocations=17 (full 1):
 PSYoungGen      total 24064K, used 23840K [0x00000000d5580000, 0x00000000d6f80000, 0x0000000100000000)
  eden space 21504K, 100% used [0x00000000d5580000,0x00000000d6a80000,0x00000000d6a80000)
  from space 2560K, 91% used [0x00000000d6a80000,0x00000000d6cc8010,0x00000000d6d00000)
  to   space 2560K, 0% used [0x00000000d6d00000,0x00000000d6d00000,0x00000000d6f80000)
 ParOldGen       total 68608K, used 25187K [0x0000000080000000, 0x0000000084300000, 0x00000000d5580000)
  object space 68608K, 36% used [0x0000000080000000,0x0000000081898d58,0x0000000084300000)
 Metaspace       used 32599K, committed 33600K, reserved 1114112K
  class space    used 3303K, committed 3776K, reserved 1048576K
}
Event: 13.457 GC heap after
{Heap after GC invocations=17 (full 1):
 PSYoungGen      total 24064K, used 2048K [0x00000000d5580000, 0x00000000d6f80000, 0x0000000100000000)
  eden space 21504K, 0% used [0x00000000d5580000,0x00000000d5580000,0x00000000d6a80000)
  from space 2560K, 80% used [0x00000000d6d00000,0x00000000d6f00000,0x00000000d6f80000)
  to   space 2560K, 0% used [0x00000000d6a80000,0x00000000d6a80000,0x00000000d6d00000)
 ParOldGen       total 68608K, used 27363K [0x0000000080000000, 0x0000000084300000, 0x00000000d5580000)
  object space 68608K, 39% used [0x0000000080000000,0x0000000081ab8d68,0x0000000084300000)
 Metaspace       used 32599K, committed 33600K, reserved 1114112K
  class space    used 3303K, committed 3776K, reserved 1048576K
}
Event: 13.788 GC heap before
{Heap before GC invocations=18 (full 1):
 PSYoungGen      total 24064K, used 23552K [0x00000000d5580000, 0x00000000d6f80000, 0x0000000100000000)
  eden space 21504K, 100% used [0x00000000d5580000,0x00000000d6a80000,0x00000000d6a80000)
  from space 2560K, 80% used [0x00000000d6d00000,0x00000000d6f00000,0x00000000d6f80000)
  to   space 2560K, 0% used [0x00000000d6a80000,0x00000000d6a80000,0x00000000d6d00000)
 ParOldGen       total 68608K, used 27363K [0x0000000080000000, 0x0000000084300000, 0x00000000d5580000)
  object space 68608K, 39% used [0x0000000080000000,0x0000000081ab8d68,0x0000000084300000)
 Metaspace       used 33575K, committed 34560K, reserved 1114112K
  class space    used 3442K, committed 3904K, reserved 1048576K
}
Event: 13.792 GC heap after
{Heap after GC invocations=18 (full 1):
 PSYoungGen      total 23552K, used 1600K [0x00000000d5580000, 0x00000000d6e80000, 0x0000000100000000)
  eden space 21504K, 0% used [0x00000000d5580000,0x00000000d5580000,0x00000000d6a80000)
  from space 2048K, 78% used [0x00000000d6a80000,0x00000000d6c10338,0x00000000d6c80000)
  to   space 2048K, 0% used [0x00000000d6c80000,0x00000000d6c80000,0x00000000d6e80000)
 ParOldGen       total 68608K, used 29275K [0x0000000080000000, 0x0000000084300000, 0x00000000d5580000)
  object space 68608K, 42% used [0x0000000080000000,0x0000000081c96f68,0x0000000084300000)
 Metaspace       used 33575K, committed 34560K, reserved 1114112K
  class space    used 3442K, committed 3904K, reserved 1048576K
}
Event: 14.224 GC heap before
{Heap before GC invocations=19 (full 1):
 PSYoungGen      total 23552K, used 7939K [0x00000000d5580000, 0x00000000d6e80000, 0x0000000100000000)
  eden space 21504K, 29% used [0x00000000d5580000,0x00000000d5bb0c80,0x00000000d6a80000)
  from space 2048K, 78% used [0x00000000d6a80000,0x00000000d6c10338,0x00000000d6c80000)
  to   space 2048K, 0% used [0x00000000d6c80000,0x00000000d6c80000,0x00000000d6e80000)
 ParOldGen       total 68608K, used 29275K [0x0000000080000000, 0x0000000084300000, 0x00000000d5580000)
  object space 68608K, 42% used [0x0000000080000000,0x0000000081c96f68,0x0000000084300000)
 Metaspace       used 34815K, committed 35840K, reserved 1114112K
  class space    used 3541K, committed 4032K, reserved 1048576K
}
Event: 14.226 GC heap after
{Heap after GC invocations=19 (full 1):
 PSYoungGen      total 22528K, used 756K [0x00000000d5580000, 0x00000000d6d80000, 0x0000000100000000)
  eden space 21504K, 0% used [0x00000000d5580000,0x00000000d5580000,0x00000000d6a80000)
  from space 1024K, 73% used [0x00000000d6c80000,0x00000000d6d3d3d8,0x00000000d6d80000)
  to   space 1536K, 0% used [0x00000000d6a80000,0x00000000d6a80000,0x00000000d6c00000)
 ParOldGen       total 68608K, used 30699K [0x0000000080000000, 0x0000000084300000, 0x00000000d5580000)
  object space 68608K, 44% used [0x0000000080000000,0x0000000081dfae70,0x0000000084300000)
 Metaspace       used 34815K, committed 35840K, reserved 1114112K
  class space    used 3541K, committed 4032K, reserved 1048576K
}
Event: 14.226 GC heap before
{Heap before GC invocations=20 (full 2):
 PSYoungGen      total 22528K, used 756K [0x00000000d5580000, 0x00000000d6d80000, 0x0000000100000000)
  eden space 21504K, 0% used [0x00000000d5580000,0x00000000d5580000,0x00000000d6a80000)
  from space 1024K, 73% used [0x00000000d6c80000,0x00000000d6d3d3d8,0x00000000d6d80000)
  to   space 1536K, 0% used [0x00000000d6a80000,0x00000000d6a80000,0x00000000d6c00000)
 ParOldGen       total 68608K, used 30699K [0x0000000080000000, 0x0000000084300000, 0x00000000d5580000)
  object space 68608K, 44% used [0x0000000080000000,0x0000000081dfae70,0x0000000084300000)
 Metaspace       used 34815K, committed 35840K, reserved 1114112K
  class space    used 3541K, committed 4032K, reserved 1048576K
}
Event: 14.291 GC heap after
{Heap after GC invocations=20 (full 2):
 PSYoungGen      total 22528K, used 0K [0x00000000d5580000, 0x00000000d6d80000, 0x0000000100000000)
  eden space 21504K, 0% used [0x00000000d5580000,0x00000000d5580000,0x00000000d6a80000)
  from space 1024K, 0% used [0x00000000d6c80000,0x00000000d6c80000,0x00000000d6d80000)
  to   space 1536K, 0% used [0x00000000d6a80000,0x00000000d6a80000,0x00000000d6c00000)
 ParOldGen       total 68608K, used 28997K [0x0000000080000000, 0x0000000084300000, 0x00000000d5580000)
  object space 68608K, 42% used [0x0000000080000000,0x0000000081c51638,0x0000000084300000)
 Metaspace       used 34707K, committed 35840K, reserved 1114112K
  class space    used 3510K, committed 4032K, reserved 1048576K
}
Event: 15.423 GC heap before
{Heap before GC invocations=21 (full 2):
 PSYoungGen      total 22528K, used 21504K [0x00000000d5580000, 0x00000000d6d80000, 0x0000000100000000)
  eden space 21504K, 100% used [0x00000000d5580000,0x00000000d6a80000,0x00000000d6a80000)
  from space 1024K, 0% used [0x00000000d6c80000,0x00000000d6c80000,0x00000000d6d80000)
  to   space 1536K, 0% used [0x00000000d6a80000,0x00000000d6a80000,0x00000000d6c00000)
 ParOldGen       total 68608K, used 28997K [0x0000000080000000, 0x0000000084300000, 0x00000000d5580000)
  object space 68608K, 42% used [0x0000000080000000,0x0000000081c51638,0x0000000084300000)
 Metaspace       used 35612K, committed 36608K, reserved 1114112K
  class space    used 3641K, committed 4096K, reserved 1048576K
}
Event: 15.425 GC heap after
{Heap after GC invocations=21 (full 2):
 PSYoungGen      total 23040K, used 512K [0x00000000d5580000, 0x00000000d6d00000, 0x0000000100000000)
  eden space 21504K, 0% used [0x00000000d5580000,0x00000000d5580000,0x00000000d6a80000)
  from space 1536K, 33% used [0x00000000d6a80000,0x00000000d6b00010,0x00000000d6c00000)
  to   space 1024K, 0% used [0x00000000d6c00000,0x00000000d6c00000,0x00000000d6d00000)
 ParOldGen       total 68608K, used 29005K [0x0000000080000000, 0x0000000084300000, 0x00000000d5580000)
  object space 68608K, 42% used [0x0000000080000000,0x0000000081c53638,0x0000000084300000)
 Metaspace       used 35612K, committed 36608K, reserved 1114112K
  class space    used 3641K, committed 4096K, reserved 1048576K
}
Event: 15.989 GC heap before
{Heap before GC invocations=22 (full 2):
 PSYoungGen      total 23040K, used 22016K [0x00000000d5580000, 0x00000000d6d00000, 0x0000000100000000)
  eden space 21504K, 100% used [0x00000000d5580000,0x00000000d6a80000,0x00000000d6a80000)
  from space 1536K, 33% used [0x00000000d6a80000,0x00000000d6b00010,0x00000000d6c00000)
  to   space 1024K, 0% used [0x00000000d6c00000,0x00000000d6c00000,0x00000000d6d00000)
 ParOldGen       total 68608K, used 29005K [0x0000000080000000, 0x0000000084300000, 0x00000000d5580000)
  object space 68608K, 42% used [0x0000000080000000,0x0000000081c53638,0x0000000084300000)
 Metaspace       used 36740K, committed 37760K, reserved 1114112K
  class space    used 3735K, committed 4224K, reserved 1048576K
}
Event: 15.991 GC heap after
{Heap after GC invocations=22 (full 2):
 PSYoungGen      total 22016K, used 997K [0x00000000d5580000, 0x00000000d6e80000, 0x0000000100000000)
  eden space 20992K, 0% used [0x00000000d5580000,0x00000000d5580000,0x00000000d6a00000)
  from space 1024K, 97% used [0x00000000d6c00000,0x00000000d6cf97e0,0x00000000d6d00000)
  to   space 2048K, 0% used [0x00000000d6a00000,0x00000000d6a00000,0x00000000d6c00000)
 ParOldGen       total 68608K, used 29784K [0x0000000080000000, 0x0000000084300000, 0x00000000d5580000)
  object space 68608K, 43% used [0x0000000080000000,0x0000000081d163c8,0x0000000084300000)
 Metaspace       used 36740K, committed 37760K, reserved 1114112K
  class space    used 3735K, committed 4224K, reserved 1048576K
}
Event: 16.231 GC heap before
{Heap before GC invocations=23 (full 2):
 PSYoungGen      total 22016K, used 21949K [0x00000000d5580000, 0x00000000d6e80000, 0x0000000100000000)
  eden space 20992K, 99% used [0x00000000d5580000,0x00000000d69f6008,0x00000000d6a00000)
  from space 1024K, 97% used [0x00000000d6c00000,0x00000000d6cf97e0,0x00000000d6d00000)
  to   space 2048K, 0% used [0x00000000d6a00000,0x00000000d6a00000,0x00000000d6c00000)
 ParOldGen       total 68608K, used 29784K [0x0000000080000000, 0x0000000084300000, 0x00000000d5580000)
  object space 68608K, 43% used [0x0000000080000000,0x0000000081d163c8,0x0000000084300000)
 Metaspace       used 36761K, committed 37824K, reserved 1114112K
  class space    used 3735K, committed 4224K, reserved 1048576K
}
Event: 16.234 GC heap after
{Heap after GC invocations=23 (full 2):
 PSYoungGen      total 22016K, used 950K [0x00000000d5580000, 0x00000000d6d00000, 0x0000000100000000)
  eden space 20992K, 0% used [0x00000000d5580000,0x00000000d5580000,0x00000000d6a00000)
  from space 1024K, 92% used [0x00000000d6a00000,0x00000000d6aedac0,0x00000000d6b00000)
  to   space 1536K, 0% used [0x00000000d6b80000,0x00000000d6b80000,0x00000000d6d00000)
 ParOldGen       total 68608K, used 30789K [0x0000000080000000, 0x0000000084300000, 0x00000000d5580000)
  object space 68608K, 44% used [0x0000000080000000,0x0000000081e114b8,0x0000000084300000)
 Metaspace       used 36761K, committed 37824K, reserved 1114112K
  class space    used 3735K, committed 4224K, reserved 1048576K
}
Event: 18.345 GC heap before
{Heap before GC invocations=24 (full 2):
 PSYoungGen      total 22016K, used 21937K [0x00000000d5580000, 0x00000000d6d00000, 0x0000000100000000)
  eden space 20992K, 99% used [0x00000000d5580000,0x00000000d69fec70,0x00000000d6a00000)
  from space 1024K, 92% used [0x00000000d6a00000,0x00000000d6aedac0,0x00000000d6b00000)
  to   space 1536K, 0% used [0x00000000d6b80000,0x00000000d6b80000,0x00000000d6d00000)
 ParOldGen       total 68608K, used 30789K [0x0000000080000000, 0x0000000084300000, 0x00000000d5580000)
  object space 68608K, 44% used [0x0000000080000000,0x0000000081e114b8,0x0000000084300000)
 Metaspace       used 38782K, committed 39872K, reserved 1114112K
  class space    used 3951K, committed 4480K, reserved 1048576K
}
Event: 18.347 GC heap after
{Heap after GC invocations=24 (full 2):
 PSYoungGen      total 22016K, used 1520K [0x00000000d5580000, 0x00000000d6e00000, 0x0000000100000000)
  eden space 20480K, 0% used [0x00000000d5580000,0x00000000d5580000,0x00000000d6980000)
  from space 1536K, 98% used [0x00000000d6b80000,0x00000000d6cfc050,0x00000000d6d00000)
  to   space 2048K, 0% used [0x00000000d6980000,0x00000000d6980000,0x00000000d6b80000)
 ParOldGen       total 68608K, used 30861K [0x0000000080000000, 0x0000000084300000, 0x00000000d5580000)
  object space 68608K, 44% used [0x0000000080000000,0x0000000081e234b8,0x0000000084300000)
 Metaspace       used 38782K, committed 39872K, reserved 1114112K
  class space    used 3951K, committed 4480K, reserved 1048576K
}
Event: 18.684 GC heap before
{Heap before GC invocations=25 (full 2):
 PSYoungGen      total 22016K, used 22000K [0x00000000d5580000, 0x00000000d6e00000, 0x0000000100000000)
  eden space 20480K, 100% used [0x00000000d5580000,0x00000000d6980000,0x00000000d6980000)
  from space 1536K, 98% used [0x00000000d6b80000,0x00000000d6cfc050,0x00000000d6d00000)
  to   space 2048K, 0% used [0x00000000d6980000,0x00000000d6980000,0x00000000d6b80000)
 ParOldGen       total 68608K, used 30861K [0x0000000080000000, 0x0000000084300000, 0x00000000d5580000)
  object space 68608K, 44% used [0x0000000080000000,0x0000000081e234b8,0x0000000084300000)
 Metaspace       used 39327K, committed 40448K, reserved 1114112K
  class space    used 3994K, committed 4544K, reserved 1048576K
}
Event: 18.687 GC heap after
{Heap after GC invocations=25 (full 2):
 PSYoungGen      total 20992K, used 401K [0x00000000d5580000, 0x00000000d6c00000, 0x0000000100000000)
  eden space 20480K, 0% used [0x00000000d5580000,0x00000000d5580000,0x00000000d6980000)
  from space 512K, 78% used [0x00000000d6980000,0x00000000d69e44e0,0x00000000d6a00000)
  to   space 1024K, 0% used [0x00000000d6b00000,0x00000000d6b00000,0x00000000d6c00000)
 ParOldGen       total 68608K, used 32309K [0x0000000080000000, 0x0000000084300000, 0x00000000d5580000)
  object space 68608K, 47% used [0x0000000080000000,0x0000000081f8d558,0x0000000084300000)
 Metaspace       used 39327K, committed 40448K, reserved 1114112K
  class space    used 3994K, committed 4544K, reserved 1048576K
}
Event: 18.815 GC heap before
{Heap before GC invocations=26 (full 2):
 PSYoungGen      total 20992K, used 20881K [0x00000000d5580000, 0x00000000d6c00000, 0x0000000100000000)
  eden space 20480K, 100% used [0x00000000d5580000,0x00000000d6980000,0x00000000d6980000)
  from space 512K, 78% used [0x00000000d6980000,0x00000000d69e44e0,0x00000000d6a00000)
  to   space 1024K, 0% used [0x00000000d6b00000,0x00000000d6b00000,0x00000000d6c00000)
 ParOldGen       total 68608K, used 32309K [0x0000000080000000, 0x0000000084300000, 0x00000000d5580000)
  object space 68608K, 47% used [0x0000000080000000,0x0000000081f8d558,0x0000000084300000)
 Metaspace       used 39477K, committed 40576K, reserved 1114112K
  class space    used 3997K, committed 4544K, reserved 1048576K
}
Event: 18.816 GC heap after
{Heap after GC invocations=26 (full 2):
 PSYoungGen      total 20992K, used 416K [0x00000000d5580000, 0x00000000d6b80000, 0x0000000100000000)
  eden space 20480K, 0% used [0x00000000d5580000,0x00000000d5580000,0x00000000d6980000)
  from space 512K, 81% used [0x00000000d6b00000,0x00000000d6b68000,0x00000000d6b80000)
  to   space 512K, 0% used [0x00000000d6980000,0x00000000d6980000,0x00000000d6a00000)
 ParOldGen       total 68608K, used 32494K [0x0000000080000000, 0x0000000084300000, 0x00000000d5580000)
  object space 68608K, 47% used [0x0000000080000000,0x0000000081fbb858,0x0000000084300000)
 Metaspace       used 39477K, committed 40576K, reserved 1114112K
  class space    used 3997K, committed 4544K, reserved 1048576K
}

Dll operation events (10 events):
Event: 0.022 Loaded shared library c:\Users\TUF GAMING A15\.vscode\extensions\redhat.java-1.50.0-win32-x64\jre\21.0.9-win32-x86_64\bin\java.dll
Event: 0.165 Loaded shared library c:\Users\TUF GAMING A15\.vscode\extensions\redhat.java-1.50.0-win32-x64\jre\21.0.9-win32-x86_64\bin\zip.dll
Event: 0.193 Loaded shared library C:\Users\TUF GAMING A15\.vscode\extensions\redhat.java-1.50.0-win32-x64\jre\21.0.9-win32-x86_64\bin\instrument.dll
Event: 0.203 Loaded shared library C:\Users\TUF GAMING A15\.vscode\extensions\redhat.java-1.50.0-win32-x64\jre\21.0.9-win32-x86_64\bin\net.dll
Event: 0.207 Loaded shared library C:\Users\TUF GAMING A15\.vscode\extensions\redhat.java-1.50.0-win32-x64\jre\21.0.9-win32-x86_64\bin\nio.dll
Event: 0.213 Loaded shared library C:\Users\TUF GAMING A15\.vscode\extensions\redhat.java-1.50.0-win32-x64\jre\21.0.9-win32-x86_64\bin\zip.dll
Event: 0.239 Loaded shared library C:\Users\TUF GAMING A15\.vscode\extensions\redhat.java-1.50.0-win32-x64\jre\21.0.9-win32-x86_64\bin\jimage.dll
Event: 0.457 Loaded shared library c:\Users\TUF GAMING A15\.vscode\extensions\redhat.java-1.50.0-win32-x64\jre\21.0.9-win32-x86_64\bin\verify.dll
Event: 3.499 Loaded shared library C:\Users\TUF GAMING A15\AppData\Roaming\Code\User\globalStorage\redhat.java\1.50.0\config_ss_win\org.eclipse.equinox.launcher\org.eclipse.equinox.launcher.win32.win32.x86_64_1.2.1400.v20250801-0854\eclipse_11916.dll
Event: 5.479 Loaded shared library C:\Users\TUF GAMING A15\AppData\Local\Temp\jna-1218633679\jna8189955002266397834.dll

Deoptimization events (20 events):
Event: 18.828 Thread 0x000001826664b2f0 DEOPT PACKING pc=0x000001824c41348d sp=0x0000007400ffdb80
Event: 18.828 Thread 0x000001826664b2f0 DEOPT UNPACKING pc=0x0000018252ee78e2 sp=0x0000007400ffd070 mode 0
Event: 18.838 Thread 0x0000018266648500 Uncommon trap: trap_request=0xffffff45 fr.pc=0x0000018253744e54 relative=0x0000000000001254
Event: 18.838 Thread 0x0000018266648500 Uncommon trap: reason=unstable_if action=reinterpret pc=0x0000018253744e54 method=org.eclipse.jdt.internal.compiler.parser.Scanner.internalScanIdentifierOrKeyword(II[C)Lorg/eclipse/jdt/internal/compiler/parser/TerminalToken; @ 2291 c2
Event: 18.838 Thread 0x0000018266648500 DEOPT PACKING pc=0x0000018253744e54 sp=0x0000007400efdbe0
Event: 18.838 Thread 0x0000018266648500 DEOPT UNPACKING pc=0x0000018252ee6da2 sp=0x0000007400efdb88 mode 2
Event: 18.838 Thread 0x0000018268245a90 DEOPT PACKING pc=0x000001824c41348d sp=0x00000074010fe290
Event: 18.838 Thread 0x0000018268245a90 DEOPT UNPACKING pc=0x0000018252ee78e2 sp=0x00000074010fd780 mode 0
Event: 19.226 Thread 0x0000018266648500 Uncommon trap: trap_request=0xffffff45 fr.pc=0x00000182534479a0 relative=0x0000000000000100
Event: 19.226 Thread 0x0000018266648500 Uncommon trap: reason=unstable_if action=reinterpret pc=0x00000182534479a0 method=java.lang.StringCoding.countPositives([BII)I @ 17 c2
Event: 19.226 Thread 0x0000018266648500 DEOPT PACKING pc=0x00000182534479a0 sp=0x0000007400efddb0
Event: 19.226 Thread 0x0000018266648500 DEOPT UNPACKING pc=0x0000018252ee6da2 sp=0x0000007400efdd38 mode 2
Event: 19.226 Thread 0x0000018266648500 Uncommon trap: trap_request=0xffffff45 fr.pc=0x00000182535f8174 relative=0x0000000000000334
Event: 19.226 Thread 0x0000018266648500 Uncommon trap: reason=unstable_if action=reinterpret pc=0x00000182535f8174 method=java.lang.AbstractStringBuilder.appendChars([CII)V @ 10 c2
Event: 19.226 Thread 0x0000018266648500 DEOPT PACKING pc=0x00000182535f8174 sp=0x0000007400efe340
Event: 19.226 Thread 0x0000018266648500 DEOPT UNPACKING pc=0x0000018252ee6da2 sp=0x0000007400efe2c8 mode 2
Event: 19.226 Thread 0x0000018266648500 Uncommon trap: trap_request=0xffffff45 fr.pc=0x000001825344248c relative=0x000000000000016c
Event: 19.226 Thread 0x0000018266648500 Uncommon trap: reason=unstable_if action=reinterpret pc=0x000001825344248c method=java.lang.StringCoding.countPositives([BII)I @ 17 c2
Event: 19.226 Thread 0x0000018266648500 DEOPT PACKING pc=0x000001825344248c sp=0x0000007400efdd90
Event: 19.226 Thread 0x0000018266648500 DEOPT UNPACKING pc=0x0000018252ee6da2 sp=0x0000007400efdd38 mode 2

Classes loaded (20 events):
Event: 14.894 Loading class java/util/Vector$1
Event: 14.894 Loading class java/util/Vector$1 done
Event: 15.674 Loading class java/util/regex/Pattern$Caret
Event: 15.675 Loading class java/util/regex/Pattern$Caret done
Event: 16.397 Loading class java/util/stream/ReferencePipeline$4
Event: 16.397 Loading class java/util/stream/ReferencePipeline$4 done
Event: 16.397 Loading class java/util/stream/Nodes$IntFixedNodeBuilder
Event: 16.397 Loading class java/util/stream/Node$Builder$OfInt
Event: 16.398 Loading class java/util/stream/Node$Builder$OfInt done
Event: 16.398 Loading class java/util/stream/Nodes$IntArrayNode
Event: 16.398 Loading class java/util/stream/Nodes$IntArrayNode done
Event: 16.398 Loading class java/util/stream/Nodes$IntFixedNodeBuilder done
Event: 16.398 Loading class java/util/stream/ReferencePipeline$4$1
Event: 16.398 Loading class java/util/stream/ReferencePipeline$4$1 done
Event: 18.129 Loading class java/util/Hashtable$ValueCollection
Event: 18.130 Loading class java/util/Hashtable$ValueCollection done
Event: 18.538 Loading class java/util/WeakHashMap$KeyIterator
Event: 18.538 Loading class java/util/WeakHashMap$KeyIterator done
Event: 18.544 Loading class java/util/regex/PatternSyntaxException
Event: 18.544 Loading class java/util/regex/PatternSyntaxException done

Classes unloaded (20 events):
Event: 14.237 Thread 0x0000018248804810 Unloading class 0x000001820139e000 'java/lang/invoke/LambdaForm$MH+0x000001820139e000'
Event: 14.237 Thread 0x0000018248804810 Unloading class 0x000001820139dc00 'java/lang/invoke/LambdaForm$MH+0x000001820139dc00'
Event: 14.237 Thread 0x0000018248804810 Unloading class 0x000001820139a400 'java/lang/invoke/LambdaForm$MH+0x000001820139a400'
Event: 14.237 Thread 0x0000018248804810 Unloading class 0x000001820139a000 'java/lang/invoke/LambdaForm$MH+0x000001820139a000'
Event: 14.237 Thread 0x0000018248804810 Unloading class 0x0000018201399800 'java/lang/invoke/LambdaForm$MH+0x0000018201399800'
Event: 14.237 Thread 0x0000018248804810 Unloading class 0x0000018201399400 'java/lang/invoke/LambdaForm$MH+0x0000018201399400'
Event: 14.237 Thread 0x0000018248804810 Unloading class 0x0000018201398c00 'java/lang/invoke/LambdaForm$MH+0x0000018201398c00'
Event: 14.237 Thread 0x0000018248804810 Unloading class 0x0000018201398800 'java/lang/invoke/LambdaForm$MH+0x0000018201398800'
Event: 14.238 Thread 0x0000018248804810 Unloading class 0x0000018201397c00 'java/lang/invoke/LambdaForm$MH+0x0000018201397c00'
Event: 14.238 Thread 0x0000018248804810 Unloading class 0x0000018201398000 'java/lang/invoke/LambdaForm$MH+0x0000018201398000'
Event: 14.238 Thread 0x0000018248804810 Unloading class 0x0000018201397000 'java/lang/invoke/LambdaForm$MH+0x0000018201397000'
Event: 14.238 Thread 0x0000018248804810 Unloading class 0x0000018201397400 'java/lang/invoke/LambdaForm$MH+0x0000018201397400'
Event: 14.238 Thread 0x0000018248804810 Unloading class 0x0000018201396400 'java/lang/invoke/LambdaForm$MH+0x0000018201396400'
Event: 14.238 Thread 0x0000018248804810 Unloading class 0x0000018201396800 'java/lang/invoke/LambdaForm$MH+0x0000018201396800'
Event: 14.238 Thread 0x0000018248804810 Unloading class 0x0000018201396000 'java/lang/invoke/LambdaForm$MH+0x0000018201396000'
Event: 14.238 Thread 0x0000018248804810 Unloading class 0x0000018201395c00 'java/lang/invoke/LambdaForm$MH+0x0000018201395c00'
Event: 14.238 Thread 0x0000018248804810 Unloading class 0x0000018201395400 'java/lang/invoke/LambdaForm$MH+0x0000018201395400'
Event: 14.238 Thread 0x0000018248804810 Unloading class 0x0000018201395000 'java/lang/invoke/LambdaForm$MH+0x0000018201395000'
Event: 14.238 Thread 0x0000018248804810 Unloading class 0x0000018201394800 'java/lang/invoke/LambdaForm$DMH+0x0000018201394800'
Event: 14.238 Thread 0x0000018248804810 Unloading class 0x0000018201394400 'java/lang/invoke/LambdaForm$DMH+0x0000018201394400'

Classes redefined (0 events):
No events

Internal exceptions (20 events):
Event: 11.945 Thread 0x00000182682446e0 Exception <a 'java/lang/NoSuchMethodError'{0x00000000d5c28a18}: 'int java.lang.invoke.Invokers$Holder.linkToTargetMethod(java.lang.Object, java.lang.Object, java.lang.Object)'> (0x00000000d5c28a18) 
thrown [s\src\hotspot\share\interpreter\linkResolver.cpp, line 773]
Event: 11.946 Thread 0x000001826664b2f0 Exception <a 'java/lang/NoSuchMethodError'{0x00000000d5c40388}: 'int java.lang.invoke.Invokers$Holder.linkToTargetMethod(java.lang.Object, java.lang.Object, java.lang.Object)'> (0x00000000d5c40388) 
thrown [s\src\hotspot\share\interpreter\linkResolver.cpp, line 773]
Event: 11.947 Thread 0x0000018266648500 Exception <a 'java/lang/NoSuchMethodError'{0x00000000d5bfbf10}: 'int java.lang.invoke.Invokers$Holder.linkToTargetMethod(java.lang.Object, java.lang.Object, java.lang.Object)'> (0x00000000d5bfbf10) 
thrown [s\src\hotspot\share\interpreter\linkResolver.cpp, line 773]
Event: 11.948 Thread 0x0000018268245a90 Exception <a 'java/lang/NoSuchMethodError'{0x00000000d5c44d70}: 'int java.lang.invoke.Invokers$Holder.linkToTargetMethod(java.lang.Object, java.lang.Object, java.lang.Object)'> (0x00000000d5c44d70) 
thrown [s\src\hotspot\share\interpreter\linkResolver.cpp, line 773]
Event: 14.222 Thread 0x000001826664b2f0 Exception <a 'java/lang/LinkageError'{0x00000000d5b4e470}: loader lombok.launch.ShadowClassLoader @3de837a attempted duplicate class definition for lombok.launch.PatchFixesHider$Transform. (lombok.launch.PatchFixesHider$Transform is in unnamed module of loader lombok.launch.ShadowClassLoader @3de837a, parent loader org.eclipse.osgi.internal.loader.EquinoxClassLoader @3fa14e9b)> (0x00000000d5b4e470) 
thrown [s\src\hotspot\share\classfile\systemDictionary.cpp, line 1682]
Event: 14.222 Thread 0x0000018266648500 Exception <a 'java/lang/LinkageError'{0x00000000d5b92c38}: loader lombok.launch.ShadowClassLoader @3de837a attempted duplicate class definition for lombok.launch.PatchFixesHider$Transform. (lombok.launch.PatchFixesHider$Transform is in unnamed module of loader lombok.launch.ShadowClassLoader @3de837a, parent loader org.eclipse.osgi.internal.loader.EquinoxClassLoader @3fa14e9b)> (0x00000000d5b92c38) 
thrown [s\src\hotspot\share\classfile\systemDictionary.cpp, line 1682]
Event: 14.222 Thread 0x0000018268245a90 Exception <a 'java/lang/LinkageError'{0x00000000d5b23770}: loader lombok.launch.ShadowClassLoader @3de837a attempted duplicate class definition for lombok.launch.PatchFixesHider$Transform. (lombok.launch.PatchFixesHider$Transform is in unnamed module of loader lombok.launch.ShadowClassLoader @3de837a, parent loader org.eclipse.osgi.internal.loader.EquinoxClassLoader @3fa14e9b)> (0x00000000d5b23770) 
thrown [s\src\hotspot\share\classfile\systemDictionary.cpp, line 1682]
Event: 14.222 Thread 0x0000018268244050 Exception <a 'java/lang/LinkageError'{0x00000000d5b956e8}: loader lombok.launch.ShadowClassLoader @3de837a attempted duplicate class definition for lombok.launch.PatchFixesHider$Transform. (lombok.launch.PatchFixesHider$Transform is in unnamed module of loader lombok.launch.ShadowClassLoader @3de837a, parent loader org.eclipse.osgi.internal.loader.EquinoxClassLoader @3fa14e9b)> (0x00000000d5b956e8) 
thrown [s\src\hotspot\share\classfile\systemDictionary.cpp, line 1682]
Event: 15.844 Thread 0x0000018266648500 Exception <a 'java/lang/LinkageError'{0x00000000d5f56c98}: loader lombok.launch.ShadowClassLoader @3de837a attempted duplicate class definition for lombok.launch.PatchFixesHider$ValPortal. (lombok.launch.PatchFixesHider$ValPortal is in unnamed module of loader lombok.launch.ShadowClassLoader @3de837a, parent loader org.eclipse.osgi.internal.loader.EquinoxClassLoader @3fa14e9b)> (0x00000000d5f56c98) 
thrown [s\src\hotspot\share\classfile\systemDictionary.cpp, line 1682]
Event: 15.860 Thread 0x0000018268245a90 Exception <a 'java/lang/LinkageError'{0x00000000d5e651d0}: loader lombok.launch.ShadowClassLoader @3de837a attempted duplicate class definition for lombok.launch.PatchFixesHider$ValPortal. (lombok.launch.PatchFixesHider$ValPortal is in unnamed module of loader lombok.launch.ShadowClassLoader @3de837a, parent loader org.eclipse.osgi.internal.loader.EquinoxClassLoader @3fa14e9b)> (0x00000000d5e651d0) 
thrown [s\src\hotspot\share\classfile\systemDictionary.cpp, line 1682]
Event: 15.861 Thread 0x000001826664b2f0 Exception <a 'java/lang/LinkageError'{0x00000000d5ea7f70}: loader lombok.launch.ShadowClassLoader @3de837a attempted duplicate class definition for lombok.launch.PatchFixesHider$ValPortal. (lombok.launch.PatchFixesHider$ValPortal is in unnamed module of loader lombok.launch.ShadowClassLoader @3de837a, parent loader org.eclipse.osgi.internal.loader.EquinoxClassLoader @3fa14e9b)> (0x00000000d5ea7f70) 
thrown [s\src\hotspot\share\classfile\systemDictionary.cpp, line 1682]
Event: 18.064 Thread 0x0000018268244050 Exception <a 'java/lang/LinkageError'{0x00000000d6561bb0}: loader lombok.launch.ShadowClassLoader @583c9385 attempted duplicate class definition for lombok.launch.PatchFixesHider$FieldInitializer. (lombok.launch.PatchFixesHider$FieldInitializer is in unnamed module of loader lombok.launch.ShadowClassLoader @583c9385, parent loader org.eclipse.osgi.internal.loader.EquinoxClassLoader @648c6442)> (0x00000000d6561bb0) 
thrown [s\src\hotspot\share\classfile\systemDictionary.cpp, line 1682]
Event: 18.068 Thread 0x000001826664b2f0 Exception <a 'java/lang/LinkageError'{0x00000000d6595970}: loader lombok.launch.ShadowClassLoader @583c9385 attempted duplicate class definition for lombok.launch.PatchFixesHider$FieldInitializer. (lombok.launch.PatchFixesHider$FieldInitializer is in unnamed module of loader lombok.launch.ShadowClassLoader @583c9385, parent loader org.eclipse.osgi.internal.loader.EquinoxClassLoader @648c6442)> (0x00000000d6595970) 
thrown [s\src\hotspot\share\classfile\systemDictionary.cpp, line 1682]
Event: 18.079 Thread 0x00000182682446e0 Exception <a 'java/lang/LinkageError'{0x00000000d6502c18}: loader lombok.launch.ShadowClassLoader @583c9385 attempted duplicate class definition for lombok.launch.PatchFixesHider$FieldInitializer. (lombok.launch.PatchFixesHider$FieldInitializer is in unnamed module of loader lombok.launch.ShadowClassLoader @583c9385, parent loader org.eclipse.osgi.internal.loader.EquinoxClassLoader @648c6442)> (0x00000000d6502c18) 
thrown [s\src\hotspot\share\classfile\systemDictionary.cpp, line 1682]
Event: 18.097 Thread 0x0000018266648500 Exception <a 'java/lang/LinkageError'{0x00000000d66169e0}: loader lombok.launch.ShadowClassLoader @583c9385 attempted duplicate class definition for lombok.launch.PatchFixesHider$FieldInitializer. (lombok.launch.PatchFixesHider$FieldInitializer is in unnamed module of loader lombok.launch.ShadowClassLoader @583c9385, parent loader org.eclipse.osgi.internal.loader.EquinoxClassLoader @648c6442)> (0x00000000d66169e0) 
thrown [s\src\hotspot\share\classfile\systemDictionary.cpp, line 1682]
Event: 18.137 Thread 0x00000182682446e0 Exception <a 'java/lang/NoSuchMethodError'{0x00000000d6519850}: 'java.lang.Object java.lang.invoke.DirectMethodHandle$Holder.invokeSpecial(java.lang.Object, java.lang.Object, java.lang.Object, java.lang.Object, int, java.lang.Object, java.lang.Object)'> (0x00000000d6519850) 
thrown [s\src\hotspot\share\interpreter\linkResolver.cpp, line 773]
Event: 18.137 Thread 0x0000018268244050 Exception <a 'java/lang/NoSuchMethodError'{0x00000000d6767a40}: 'java.lang.Object java.lang.invoke.DirectMethodHandle$Holder.invokeSpecial(java.lang.Object, java.lang.Object, java.lang.Object, java.lang.Object, int, java.lang.Object, java.lang.Object)'> (0x00000000d6767a40) 
thrown [s\src\hotspot\share\interpreter\linkResolver.cpp, line 773]
Event: 18.137 Thread 0x0000018268245a90 Exception <a 'java/lang/NoSuchMethodError'{0x00000000d66897c0}: 'java.lang.Object java.lang.invoke.DirectMethodHandle$Holder.invokeSpecial(java.lang.Object, java.lang.Object, java.lang.Object, java.lang.Object, int, java.lang.Object, java.lang.Object)'> (0x00000000d66897c0) 
thrown [s\src\hotspot\share\interpreter\linkResolver.cpp, line 773]
Event: 18.137 Thread 0x000001826664b2f0 Exception <a 'java/lang/NoSuchMethodError'{0x00000000d6678810}: 'java.lang.Object java.lang.invoke.DirectMethodHandle$Holder.invokeSpecial(java.lang.Object, java.lang.Object, java.lang.Object, java.lang.Object, int, java.lang.Object, java.lang.Object)'> (0x00000000d6678810) 
thrown [s\src\hotspot\share\interpreter\linkResolver.cpp, line 773]
Event: 20.266 Thread 0x0000018266342c20 Exception <a 'java/lang/NoSuchMethodError'{0x00000000d5fef3b8}: 'java.lang.Object java.lang.invoke.DirectMethodHandle$Holder.invokeSpecial(java.lang.Object, java.lang.Object, int, long)'> (0x00000000d5fef3b8) 
thrown [s\src\hotspot\share\interpreter\linkResolver.cpp, line 773]

ZGC Phase Switch (0 events):
No events

VM Operations (20 events):
Event: 14.096 Executing VM operation: HandshakeAllThreads (Deoptimize) done
Event: 14.224 Executing VM operation: CollectForMetadataAllocation (Metadata GC Threshold)
Event: 14.291 Executing VM operation: CollectForMetadataAllocation (Metadata GC Threshold) done
Event: 15.422 Executing VM operation: ParallelGCFailedAllocation (Allocation Failure)
Event: 15.425 Executing VM operation: ParallelGCFailedAllocation (Allocation Failure) done
Event: 15.989 Executing VM operation: ParallelGCFailedAllocation (Allocation Failure)
Event: 15.991 Executing VM operation: ParallelGCFailedAllocation (Allocation Failure) done
Event: 16.231 Executing VM operation: ParallelGCFailedAllocation (Allocation Failure)
Event: 16.234 Executing VM operation: ParallelGCFailedAllocation (Allocation Failure) done
Event: 16.387 Executing VM operation: HandshakeAllThreads (Deoptimize)
Event: 16.387 Executing VM operation: HandshakeAllThreads (Deoptimize) done
Event: 17.387 Executing VM operation: Cleanup
Event: 17.971 Executing VM operation: Cleanup done
Event: 18.345 Executing VM operation: ParallelGCFailedAllocation (Allocation Failure)
Event: 18.347 Executing VM operation: ParallelGCFailedAllocation (Allocation Failure) done
Event: 18.684 Executing VM operation: ParallelGCFailedAllocation (Allocation Failure)
Event: 18.687 Executing VM operation: ParallelGCFailedAllocation (Allocation Failure) done
Event: 18.814 Executing VM operation: ParallelGCFailedAllocation (Allocation Failure)
Event: 18.816 Executing VM operation: ParallelGCFailedAllocation (Allocation Failure) done
Event: 20.816 Executing VM operation: Cleanup

Memory protections (0 events):
No events

Nmethod flushes (20 events):
Event: 14.250 Thread 0x0000018248804810 flushing  nmethod 0x000001824bc8ce10
Event: 14.250 Thread 0x0000018248804810 flushing  nmethod 0x000001824bca1d10
Event: 14.250 Thread 0x0000018248804810 flushing  nmethod 0x000001824bcb1e90
Event: 14.250 Thread 0x0000018248804810 flushing  nmethod 0x000001824bcb4b90
Event: 14.250 Thread 0x0000018248804810 flushing  nmethod 0x000001824bcb5810
Event: 14.250 Thread 0x0000018248804810 flushing  nmethod 0x000001824bcc8690
Event: 14.250 Thread 0x0000018248804810 flushing  nmethod 0x000001824bcd0790
Event: 14.250 Thread 0x0000018248804810 flushing  nmethod 0x000001824bd86790
Event: 14.250 Thread 0x0000018248804810 flushing  nmethod 0x000001824bd89690
Event: 14.250 Thread 0x0000018248804810 flushing  nmethod 0x000001824bdbdf90
Event: 14.250 Thread 0x0000018248804810 flushing  nmethod 0x000001824bdbf090
Event: 14.250 Thread 0x0000018248804810 flushing  nmethod 0x000001824bdc4b10
Event: 14.250 Thread 0x0000018248804810 flushing  nmethod 0x000001824bdc4f10
Event: 14.250 Thread 0x0000018248804810 flushing  nmethod 0x000001824bddfb90
Event: 14.250 Thread 0x0000018248804810 flushing  nmethod 0x000001824be01510
Event: 14.250 Thread 0x0000018248804810 flushing  nmethod 0x000001824be10110
Event: 14.250 Thread 0x0000018248804810 flushing  nmethod 0x000001824be14810
Event: 14.250 Thread 0x0000018248804810 flushing  nmethod 0x000001824be14f90
Event: 14.250 Thread 0x0000018248804810 flushing  nmethod 0x000001824be58390
Event: 14.250 Thread 0x0000018248804810 flushing  nmethod 0x000001824be75490

Events (20 events):
Event: 10.012 Thread 0x000001824875dae0 Thread added: 0x00000182676e3cc0
Event: 10.013 Thread 0x000001824875dae0 Thread added: 0x00000182676e2280
Event: 10.013 Thread 0x000001824875dae0 Thread added: 0x00000182676e2910
Event: 10.013 Thread 0x000001824875dae0 Thread added: 0x0000018266647e70
Event: 10.013 Thread 0x000001824875dae0 Thread added: 0x0000018266648b90
Event: 10.013 Thread 0x000001824875dae0 Thread added: 0x000001826664a5d0
Event: 10.013 Thread 0x000001824875dae0 Thread added: 0x00000182666498b0
Event: 10.058 Thread 0x000001824875dae0 Thread added: 0x000001826664ac60
Event: 10.291 Thread 0x0000018266309fc0 Thread added: 0x0000018266649220
Event: 10.475 Thread 0x000001824875dae0 Thread added: 0x0000018266649f40
Event: 10.475 Thread 0x000001824875dae0 Thread added: 0x0000018266648500
Event: 11.119 Thread 0x0000018266648500 Thread added: 0x000001826664b2f0
Event: 11.131 Thread 0x000001826664b2f0 Thread added: 0x0000018268245a90
Event: 11.133 Thread 0x0000018268245a90 Thread added: 0x00000182682446e0
Event: 11.139 Thread 0x0000018266648500 Thread added: 0x0000018268244050
Event: 13.362 Thread 0x000001826057a710 Thread added: 0x00000182606cfcd0
Event: 13.925 Thread 0x00000182606cfcd0 Thread exited: 0x00000182606cfcd0
Event: 13.927 Thread 0x0000018267427660 Thread exited: 0x0000018267427660
Event: 16.000 Thread 0x000001826057a710 Thread added: 0x00000182606cef30
Event: 17.979 Thread 0x000001826057a710 Thread added: 0x00000182606cf600


Dynamic libraries:
0x00007ff6e1940000 - 0x00007ff6e194e000 	c:\Users\TUF GAMING A15\.vscode\extensions\redhat.java-1.50.0-win32-x64\jre\21.0.9-win32-x86_64\bin\java.exe
0x00007ffbe1ca0000 - 0x00007ffbe1f08000 	C:\WINDOWS\SYSTEM32\ntdll.dll
0x00007ffbe1440000 - 0x00007ffbe1509000 	C:\WINDOWS\System32\KERNEL32.DLL
0x00007ffbdf310000 - 0x00007ffbdf708000 	C:\WINDOWS\System32\KERNELBASE.dll
0x00007ffbdf7c0000 - 0x00007ffbdf90b000 	C:\WINDOWS\System32\ucrtbase.dll
0x00007ffbca6b0000 - 0x00007ffbca6c8000 	c:\Users\TUF GAMING A15\.vscode\extensions\redhat.java-1.50.0-win32-x64\jre\21.0.9-win32-x86_64\bin\jli.dll
0x00007ffbe11f0000 - 0x00007ffbe13b7000 	C:\WINDOWS\System32\USER32.dll
0x00007ffbdedf0000 - 0x00007ffbdee17000 	C:\WINDOWS\System32\win32u.dll
0x00007ffbe1620000 - 0x00007ffbe164b000 	C:\WINDOWS\System32\GDI32.dll
0x00007ffbc4d70000 - 0x00007ffbc4d8e000 	c:\Users\TUF GAMING A15\.vscode\extensions\redhat.java-1.50.0-win32-x64\jre\21.0.9-win32-x86_64\bin\VCRUNTIME140.dll
0x00007ffbdf910000 - 0x00007ffbdfa3c000 	C:\WINDOWS\System32\gdi32full.dll
0x00007ffbdf030000 - 0x00007ffbdf0d3000 	C:\WINDOWS\System32\msvcp_win.dll
0x00007ffbc2ae0000 - 0x00007ffbc2d74000 	C:\WINDOWS\WinSxS\amd64_microsoft.windows.common-controls_6595b64144ccf1df_6.0.26100.7019_none_3e06ffa0e335b8a8\COMCTL32.dll
0x00007ffbe1bb0000 - 0x00007ffbe1c59000 	C:\WINDOWS\System32\msvcrt.dll
0x00007ffbdff50000 - 0x00007ffbdff81000 	C:\WINDOWS\System32\IMM32.DLL
0x00007ffbcd090000 - 0x00007ffbcd09c000 	c:\Users\TUF GAMING A15\.vscode\extensions\redhat.java-1.50.0-win32-x64\jre\21.0.9-win32-x86_64\bin\vcruntime140_1.dll
0x00007ffbada50000 - 0x00007ffbadadd000 	c:\Users\TUF GAMING A15\.vscode\extensions\redhat.java-1.50.0-win32-x64\jre\21.0.9-win32-x86_64\bin\msvcp140.dll
0x00007ffb60480000 - 0x00007ffb61220000 	c:\Users\TUF GAMING A15\.vscode\extensions\redhat.java-1.50.0-win32-x64\jre\21.0.9-win32-x86_64\bin\server\jvm.dll
0x00007ffbe09c0000 - 0x00007ffbe0a74000 	C:\WINDOWS\System32\ADVAPI32.dll
0x00007ffbe0a80000 - 0x00007ffbe0b26000 	C:\WINDOWS\System32\sechost.dll
0x00007ffbe0ea0000 - 0x00007ffbe0fb8000 	C:\WINDOWS\System32\RPCRT4.dll
0x00007ffbe0b30000 - 0x00007ffbe0ba4000 	C:\WINDOWS\System32\WS2_32.dll
0x00007ffbdec50000 - 0x00007ffbdecae000 	C:\WINDOWS\SYSTEM32\POWRPROF.dll
0x00007ffbd3a50000 - 0x00007ffbd3a85000 	C:\WINDOWS\SYSTEM32\WINMM.dll
0x00007ffbcc7b0000 - 0x00007ffbcc7bb000 	C:\WINDOWS\SYSTEM32\VERSION.dll
0x00007ffbdec30000 - 0x00007ffbdec44000 	C:\WINDOWS\SYSTEM32\UMPDC.dll
0x00007ffbddbb0000 - 0x00007ffbddbcb000 	C:\WINDOWS\SYSTEM32\kernel.appcore.dll
0x00007ffbccca0000 - 0x00007ffbcccaa000 	c:\Users\TUF GAMING A15\.vscode\extensions\redhat.java-1.50.0-win32-x64\jre\21.0.9-win32-x86_64\bin\jimage.dll
0x00007ffbdc470000 - 0x00007ffbdc6b2000 	C:\WINDOWS\SYSTEM32\DBGHELP.DLL
0x00007ffbe1650000 - 0x00007ffbe19db000 	C:\WINDOWS\System32\combase.dll
0x00007ffbe0bb0000 - 0x00007ffbe0c87000 	C:\WINDOWS\System32\OLEAUT32.dll
0x00007ffbafa20000 - 0x00007ffbafa5c000 	C:\WINDOWS\SYSTEM32\dbgcore.DLL
0x00007ffbdf710000 - 0x00007ffbdf7b5000 	C:\WINDOWS\System32\bcryptPrimitives.dll
0x00007ffbc4d60000 - 0x00007ffbc4d6f000 	c:\Users\TUF GAMING A15\.vscode\extensions\redhat.java-1.50.0-win32-x64\jre\21.0.9-win32-x86_64\bin\instrument.dll
0x00007ffbc1550000 - 0x00007ffbc1570000 	c:\Users\TUF GAMING A15\.vscode\extensions\redhat.java-1.50.0-win32-x64\jre\21.0.9-win32-x86_64\bin\java.dll
0x00007ffbe0090000 - 0x00007ffbe07df000 	C:\WINDOWS\System32\SHELL32.dll
0x00007ffbdf1a0000 - 0x00007ffbdf30b000 	C:\WINDOWS\System32\wintypes.dll
0x00007ffbdca30000 - 0x00007ffbdd28d000 	C:\WINDOWS\SYSTEM32\windows.storage.dll
0x00007ffbe19e0000 - 0x00007ffbe1ad2000 	C:\WINDOWS\System32\SHCORE.dll
0x00007ffbe0c90000 - 0x00007ffbe0cf7000 	C:\WINDOWS\System32\shlwapi.dll
0x00007ffbded10000 - 0x00007ffbded39000 	C:\WINDOWS\SYSTEM32\profapi.dll
0x00007ffbc1530000 - 0x00007ffbc1548000 	c:\Users\TUF GAMING A15\.vscode\extensions\redhat.java-1.50.0-win32-x64\jre\21.0.9-win32-x86_64\bin\zip.dll
0x00007ffbc4cc0000 - 0x00007ffbc4cd0000 	C:\Users\TUF GAMING A15\.vscode\extensions\redhat.java-1.50.0-win32-x64\jre\21.0.9-win32-x86_64\bin\net.dll
0x00007ffbd52d0000 - 0x00007ffbd53f8000 	C:\WINDOWS\SYSTEM32\WINHTTP.dll
0x00007ffbde120000 - 0x00007ffbde18b000 	C:\WINDOWS\system32\mswsock.dll
0x00007ffbc0690000 - 0x00007ffbc06a6000 	C:\Users\TUF GAMING A15\.vscode\extensions\redhat.java-1.50.0-win32-x64\jre\21.0.9-win32-x86_64\bin\nio.dll
0x00007ffbc39a0000 - 0x00007ffbc39b0000 	c:\Users\TUF GAMING A15\.vscode\extensions\redhat.java-1.50.0-win32-x64\jre\21.0.9-win32-x86_64\bin\verify.dll
0x00007ffbadc60000 - 0x00007ffbadca4000 	C:\Users\TUF GAMING A15\AppData\Roaming\Code\User\globalStorage\redhat.java\1.50.0\config_ss_win\org.eclipse.equinox.launcher\org.eclipse.equinox.launcher.win32.win32.x86_64_1.2.1400.v20250801-0854\eclipse_11916.dll
0x00007ffbe0d00000 - 0x00007ffbe0e97000 	C:\WINDOWS\System32\ole32.dll
0x00007ffbde3e0000 - 0x00007ffbde3fb000 	C:\WINDOWS\SYSTEM32\CRYPTSP.dll
0x00007ffbddb10000 - 0x00007ffbddb4a000 	C:\WINDOWS\system32\rsaenh.dll
0x00007ffbde1d0000 - 0x00007ffbde1fb000 	C:\WINDOWS\SYSTEM32\USERENV.dll
0x00007ffbdece0000 - 0x00007ffbded0a000 	C:\WINDOWS\SYSTEM32\bcrypt.dll
0x00007ffbde400000 - 0x00007ffbde40c000 	C:\WINDOWS\SYSTEM32\CRYPTBASE.dll
0x00007ffbdd670000 - 0x00007ffbdd6a4000 	C:\WINDOWS\SYSTEM32\IPHLPAPI.DLL
0x00007ffbe15a0000 - 0x00007ffbe15aa000 	C:\WINDOWS\System32\NSI.dll
0x00007ffba5b20000 - 0x00007ffba5b69000 	C:\Users\TUF GAMING A15\AppData\Local\Temp\jna-1218633679\jna8189955002266397834.dll
0x00007ffbe07f0000 - 0x00007ffbe07f8000 	C:\WINDOWS\System32\PSAPI.DLL
0x00007ffbd5c50000 - 0x00007ffbd5c6e000 	C:\WINDOWS\SYSTEM32\dhcpcsvc6.DLL
0x00007ffbd58d0000 - 0x00007ffbd58f3000 	C:\WINDOWS\SYSTEM32\dhcpcsvc.DLL

JVMTI agents:
c:\Users\TUF GAMING A15\.vscode\extensions\redhat.java-1.50.0-win32-x64\lombok\lombok-1.18.39-4050.jar path:c:\Users\TUF GAMING A15\.vscode\extensions\redhat.java-1.50.0-win32-x64\jre\21.0.9-win32-x86_64\bin\instrument.dll, loaded, initialized, instrumentlib options:none

dbghelp: loaded successfully - version: 4.0.5 - missing functions: none
symbol engine: initialized successfully - sym options: 0x614 - pdb path: .;c:\Users\TUF GAMING A15\.vscode\extensions\redhat.java-1.50.0-win32-x64\jre\21.0.9-win32-x86_64\bin;C:\WINDOWS\SYSTEM32;C:\WINDOWS\WinSxS\amd64_microsoft.windows.common-controls_6595b64144ccf1df_6.0.26100.7019_none_3e06ffa0e335b8a8;c:\Users\TUF GAMING A15\.vscode\extensions\redhat.java-1.50.0-win32-x64\jre\21.0.9-win32-x86_64\bin\server;C:\Users\TUF GAMING A15\AppData\Roaming\Code\User\globalStorage\redhat.java\1.50.0\config_ss_win\org.eclipse.equinox.launcher\org.eclipse.equinox.launcher.win32.win32.x86_64_1.2.1400.v20250801-0854;C:\Users\TUF GAMING A15\AppData\Local\Temp\jna-1218633679

VM Arguments:
jvm_args: --add-modules=ALL-SYSTEM --add-opens=java.base/java.util=ALL-UNNAMED --add-opens=java.base/java.lang=ALL-UNNAMED --add-opens=java.base/sun.nio.fs=ALL-UNNAMED -Declipse.application=org.eclipse.jdt.ls.core.id1 -Dosgi.bundles.defaultStartLevel=4 -Declipse.product=org.eclipse.jdt.ls.core.product -Djava.import.generatesMetadataFilesAtProjectRoot=false -DDetectVMInstallationsJob.disabled=true -Dfile.encoding=utf8 -XX:+UseParallelGC -XX:GCTimeRatio=4 -XX:AdaptiveSizePolicyWeight=90 -Dsun.zip.disableMemoryMapping=true -Xmx2G -Xms100m -Xlog:disable -javaagent:c:\Users\TUF GAMING A15\.vscode\extensions\redhat.java-1.50.0-win32-x64\lombok\lombok-1.18.39-4050.jar 
java_command: c:\Users\TUF GAMING A15\.vscode\extensions\redhat.java-1.50.0-win32-x64\server\plugins\org.eclipse.equinox.launcher_1.7.100.v20251111-0406.jar -configuration c:\Users\TUF GAMING A15\AppData\Roaming\Code\User\globalStorage\redhat.java\1.50.0\config_ss_win -data c:\Users\TUF GAMING A15\AppData\Roaming\Code\User\workspaceStorage\783189d7cd1747ae1099046a795e131d\redhat.java\ss_ws --pipe=\\.\pipe\lsp-95e7afae2b8c3038bea04004d1b185bb-sock
java_class_path (initial): c:\Users\TUF GAMING A15\.vscode\extensions\redhat.java-1.50.0-win32-x64\server\plugins\org.eclipse.equinox.launcher_1.7.100.v20251111-0406.jar
Launcher Type: SUN_STANDARD

[Global flags]
    uintx AdaptiveSizePolicyWeight                 = 90                                        {product} {command line}
     intx CICompilerCount                          = 4                                         {product} {ergonomic}
    uintx GCTimeRatio                              = 4                                         {product} {command line}
   size_t InitialHeapSize                          = 104857600                                 {product} {command line}
   size_t MaxHeapSize                              = 2147483648                                {product} {command line}
   size_t MaxNewSize                               = 715653120                                 {product} {ergonomic}
   size_t MinHeapDeltaBytes                        = 524288                                    {product} {ergonomic}
   size_t MinHeapSize                              = 104857600                                 {product} {command line}
   size_t NewSize                                  = 34603008                                  {product} {ergonomic}
    uintx NonNMethodCodeHeapSize                   = 5839372                                {pd product} {ergonomic}
    uintx NonProfiledCodeHeapSize                  = 122909434                              {pd product} {ergonomic}
   size_t OldSize                                  = 70254592                                  {product} {ergonomic}
    uintx ProfiledCodeHeapSize                     = 122909434                              {pd product} {ergonomic}
    uintx ReservedCodeCacheSize                    = 251658240                              {pd product} {ergonomic}
     bool SegmentedCodeCache                       = true                                      {product} {ergonomic}
   size_t SoftMaxHeapSize                          = 2147483648                             {manageable} {ergonomic}
     bool UseCompressedOops                        = true                           {product lp64_product} {ergonomic}
     bool UseLargePagesIndividualAllocation        = false                                  {pd product} {ergonomic}
     bool UseParallelGC                            = true                                      {product} {command line}

Logging:
Log output configuration:
 #0: stdout all=off uptime,level,tags foldmultilines=false
 #1: stderr all=off uptime,level,tags foldmultilines=false

Release file:
JAVA_VERSION="21.0.9" 
MODULES="java.base java.compiler java.datatransfer java.xml java.prefs java.desktop java.instrument java.logging java.management java.security.sasl java.naming java.rmi java.management.rmi java.net.http java.scripting java.security.jgss java.transaction.xa java.sql java.sql.rowset java.xml.crypto java.se java.smartcardio jdk.accessibility jdk.internal.jvmstat jdk.attach jdk.charsets jdk.internal.opt jdk.zipfs jdk.compiler jdk.crypto.ec jdk.crypto.cryptoki jdk.crypto.mscapi jdk.dynalink jdk.internal.ed jdk.editpad jdk.hotspot.agent jdk.httpserver jdk.internal.le jdk.internal.vm.ci jdk.internal.vm.compiler jdk.internal.vm.compiler.management jdk.jartool jdk.javadoc jdk.jcmd jdk.management jdk.management.agent jdk.jconsole jdk.jdeps jdk.jdwp.agent jdk.jdi jdk.jfr jdk.jshell jdk.jsobject jdk.jstatd jdk.localedata jdk.management.jfr jdk.naming.dns jdk.naming.rmi jdk.net jdk.nio.mapmode jdk.random jdk.sctp jdk.security.auth jdk.security.jgss jdk.unsupported jdk.unsupported.desktop jdk.xml.dom" 

Environment Variables:
PATH=C:\Program Files\Common Files\Oracle\Java\javapath;C:\Windows\system32;C:\Windows;C:\Windows\System32\Wbem;C:\Windows\System32\WindowsPowerShell\v1.0\;C:\Windows\System32\OpenSSH\;C:\Program Files (x86)\NVIDIA Corporation\PhysX\Common;C:\WINDOWS\system32;C:\WINDOWS;C:\WINDOWS\System32\Wbem;C:\WINDOWS\System32\WindowsPowerShell\v1.0\;C:\WINDOWS\System32\OpenSSH\;C:\Program Files\dotnet\;C:\Program Files\Git\cmd;C:\Program Files\Java\jdk-21\bin;C:\WINDOWS\system32;C:\WINDOWS;C:\WINDOWS\System32\Wbem;C:\WINDOWS\System32\WindowsPowerShell\v1.0\;C:\WINDOWS\System32\OpenSSH\;C:\Program Files\NVIDIA Corporation\NVIDIA app\NvDLISR;C:\Program Files\nodejs\;C:\Users\TUF GAMING A15\AppData\Local\Programs\Python\Python310\Scripts\;C:\Users\TUF GAMING A15\AppData\Local\Programs\Python\Python310\;C:\Users\TUF GAMING A15\AppData\Local\Microsoft\WindowsApps;C:\Users\TUF GAMING A15\AppData\Local\Programs\Microsoft VS Code\bin;C:\Users\TUF GAMING A15\AppData\Local\GitHubDesktop\bin;C:\Users\TUF GAMING A15\.dotnet\tools;C:\Users\TUF GAMING A15\AppData\Roaming\npm
USERNAME=TUF GAMING A15
OS=Windows_NT
PROCESSOR_IDENTIFIER=Intel64 Family 6 Model 141 Stepping 1, GenuineIntel
TMP=C:\Users\TUFGAM~1\AppData\Local\Temp
TEMP=C:\Users\TUFGAM~1\AppData\Local\Temp




Periodic native trim disabled

---------------  S Y S T E M  ---------------

OS:
 Windows 11 , 64 bit Build 26100 (10.0.26100.7019)
OS uptime: 0 days 13:20 hours

CPU: total 12 (initial active 12) (6 cores per cpu, 2 threads per core) family 6 model 141 stepping 1 microcode 0x50, cx8, cmov, fxsr, ht, mmx, 3dnowpref, sse, sse2, sse3, ssse3, sse4.1, sse4.2, popcnt, lzcnt, tsc, tscinvbit, avx, avx2, aes, erms, clmul, bmi1, bmi2, adx, avx512f, avx512dq, avx512cd, avx512bw, avx512vl, sha, fma, vzeroupper, avx512_vpopcntdq, avx512_vpclmulqdq, avx512_vaes, avx512_vnni, clflush, clflushopt, clwb, avx512_vbmi2, avx512_vbmi, rdtscp, rdpid, fsrm, gfni, avx512_bitalg, f16c, pku, cet_ibt, cet_ss, avx512_ifma
Processor Information for the first 12 processors :
  Max Mhz: 2688, Current Mhz: 2688, Mhz Limit: 2688

Memory: 4k page, system-wide physical 16105M (743M free)
TotalPageFile size 31105M (AvailPageFile size 35M)
current process WorkingSet (physical memory assigned to process): 212M, peak: 257M
current process commit charge ("private bytes"): 324M, peak: 371M

vm_info: OpenJDK 64-Bit Server VM (21.0.9+10-LTS) for windows-amd64 JRE (21.0.9+10-LTS), built on 2025-10-21T00:00:00Z by "admin" with unknown MS VC++:1942

END.
