#
# There is insufficient memory for the Java Runtime Environment to continue.
# Native memory allocation (malloc) failed to allocate 1528976 bytes. Error detail: Chunk::new
# Possible reasons:
#   The system is out of physical RAM or swap space
#   This process is running with CompressedOops enabled, and the Java Heap may be blocking the growth of the native heap
# Possible solutions:
#   Reduce memory load on the system
#   Increase physical memory or swap space
#   Check if swap backing store is full
#   Decrease Java heap size (-Xmx/-Xms)
#   Decrease number of Java threads
#   Decrease Java thread stack sizes (-Xss)
#   Set larger code cache with -XX:ReservedCodeCacheSize=
#   JVM is running with Unscaled Compressed Oops mode in which the Java heap is
#     placed in the first 4GB address space. The Java Heap base address is the
#     maximum limit for the native heap growth. Please use -XX:HeapBaseMinAddress
#     to set the Java Heap base and to place the Java Heap above 4GB virtual address.
# This output file may be truncated or incomplete.
#
#  Out of Memory Error (arena.cpp:168), pid=15616, tid=27616
#
# JRE version: OpenJDK Runtime Environment Temurin-21.0.9+10 (21.0.9+10) (build 21.0.9+10-LTS)
# Java VM: OpenJDK 64-Bit Server VM Temurin-21.0.9+10 (21.0.9+10-LTS, mixed mode, sharing, tiered, compressed oops, compressed class ptrs, parallel gc, windows-amd64)
# No core dump will be written. Minidumps are not enabled by default on client versions of Windows
#

---------------  S U M M A R Y ------------

Command Line: --add-modules=ALL-SYSTEM --add-opens=java.base/java.util=ALL-UNNAMED --add-opens=java.base/java.lang=ALL-UNNAMED --add-opens=java.base/sun.nio.fs=ALL-UNNAMED -Declipse.application=org.eclipse.jdt.ls.core.id1 -Dosgi.bundles.defaultStartLevel=4 -Declipse.product=org.eclipse.jdt.ls.core.product -Djava.import.generatesMetadataFilesAtProjectRoot=false -DDetectVMInstallationsJob.disabled=true -Dfile.encoding=utf8 -XX:+UseParallelGC -XX:GCTimeRatio=4 -XX:AdaptiveSizePolicyWeight=90 -Dsun.zip.disableMemoryMapping=true -Xmx2G -Xms100m -Xlog:disable -javaagent:c:\Users\TUF GAMING A15\.vscode\extensions\redhat.java-1.50.0-win32-x64\lombok\lombok-1.18.39-4050.jar -XX:+HeapDumpOnOutOfMemoryError -XX:HeapDumpPath=c:\Users\TUF GAMING A15\AppData\Roaming\Code\User\workspaceStorage\783189d7cd1747ae1099046a795e131d\redhat.java -Daether.dependencyCollector.impl=bf c:\Users\TUF GAMING A15\.vscode\extensions\redhat.java-1.50.0-win32-x64\server\plugins\org.eclipse.equinox.launcher_1.7.100.v20251111-0406.jar -configuration c:\Users\TUF GAMING A15\AppData\Roaming\Code\User\globalStorage\redhat.java\1.50.0\config_win -data c:\Users\TUF GAMING A15\AppData\Roaming\Code\User\workspaceStorage\783189d7cd1747ae1099046a795e131d\redhat.java\jdt_ws --pipe=\\.\pipe\lsp-f76763414dcf16e17ed1c71eead4ebeb-sock

Host: 11th Gen Intel(R) Core(TM) i5-11400H @ 2.70GHz, 12 cores, 15G,  Windows 11 , 64 bit Build 26100 (10.0.26100.7019)
Time: Thu Dec  4 08:05:09 2025 SE Asia Standard Time elapsed time: 16.324912 seconds (0d 0h 0m 16s)

---------------  T H R E A D  ---------------

Current thread (0x000002e9e1152700):  JavaThread "C2 CompilerThread0" daemon [_thread_in_native, id=27616, stack(0x000000fcaf700000,0x000000fcaf800000) (1024K)]


Current CompileTask:
C2:16325 5739   !   4       org.eclipse.osgi.internal.loader.BundleLoader::findClass0 (490 bytes)

Stack: [0x000000fcaf700000,0x000000fcaf800000]
Native frames: (J=compiled Java code, j=interpreted, Vv=VM code, C=native code)
V  [jvm.dll+0x6d6e29]
V  [jvm.dll+0x8b4b76]
V  [jvm.dll+0x8b712e]
V  [jvm.dll+0x8b7813]
V  [jvm.dll+0x283d86]
V  [jvm.dll+0xc66ed]
V  [jvm.dll+0xc6c31]
V  [jvm.dll+0x3be501]
V  [jvm.dll+0x1e3d59]
V  [jvm.dll+0x24c0f3]
V  [jvm.dll+0x24b580]
V  [jvm.dll+0x1cb13e]
V  [jvm.dll+0x25b29d]
V  [jvm.dll+0x25982a]
V  [jvm.dll+0x3f7ea6]
V  [jvm.dll+0x85e9ad]
V  [jvm.dll+0x6d565d]
C  [ucrtbase.dll+0x37b0]
C  [KERNEL32.DLL+0x2e8d7]
C  [ntdll.dll+0x8c53c]


---------------  P R O C E S S  ---------------

Threads class SMR info:
_java_thread_list=0x000002e9fed5e960, length=43, elements={
0x000002e9e109bac0, 0x000002e9e1149560, 0x000002e9e114b8c0, 0x000002e9e114d010,
0x000002e9e114db90, 0x000002e9e114ea70, 0x000002e9e114f4c0, 0x000002e9e1152700,
0x000002e9f8f27550, 0x000002e9f9099f80, 0x000002e9f9276810, 0x000002e9fe583dd0,
0x000002e9fe65ae20, 0x000002e9fe747720, 0x000002e9fe748150, 0x000002e9fe8af340,
0x000002e9fec19110, 0x000002e9fecb5090, 0x000002e9ff03a140, 0x000002e9ff039ab0,
0x000002e9ff038700, 0x000002e9ff03b4f0, 0x000002e9ff038d90, 0x000002e9ff03a7d0,
0x000002e9ff039420, 0x000002e9ff03ae60, 0x000002e9ff038070, 0x000002e9c2c33d40,
0x000002e9c2c336b0, 0x000002e9c2c364a0, 0x000002e9c2c33020, 0x000002e9c2c37850,
0x000002e9c2c343d0, 0x000002e9c2c35e10, 0x000002e9c2c37ee0, 0x000002e9c2c350f0,
0x000002e9c2c36b30, 0x000002e9c2c34a60, 0x000002e9c2c38c00, 0x000002e9c2c371c0,
0x000002e9c2c35780, 0x000002e9c2c39290, 0x000002e9c151bf50
}

Java Threads: ( => current thread )
  0x000002e9e109bac0 JavaThread "main"                              [_thread_blocked, id=18896, stack(0x000000fcaed00000,0x000000fcaee00000) (1024K)]
  0x000002e9e1149560 JavaThread "Reference Handler"          daemon [_thread_blocked, id=10780, stack(0x000000fcaf100000,0x000000fcaf200000) (1024K)]
  0x000002e9e114b8c0 JavaThread "Finalizer"                  daemon [_thread_blocked, id=10752, stack(0x000000fcaf200000,0x000000fcaf300000) (1024K)]
  0x000002e9e114d010 JavaThread "Signal Dispatcher"          daemon [_thread_blocked, id=18948, stack(0x000000fcaf300000,0x000000fcaf400000) (1024K)]
  0x000002e9e114db90 JavaThread "Attach Listener"            daemon [_thread_blocked, id=9416, stack(0x000000fcaf400000,0x000000fcaf500000) (1024K)]
  0x000002e9e114ea70 JavaThread "Service Thread"             daemon [_thread_blocked, id=20772, stack(0x000000fcaf500000,0x000000fcaf600000) (1024K)]
  0x000002e9e114f4c0 JavaThread "Monitor Deflation Thread"   daemon [_thread_blocked, id=20848, stack(0x000000fcaf600000,0x000000fcaf700000) (1024K)]
=>0x000002e9e1152700 JavaThread "C2 CompilerThread0"         daemon [_thread_in_native, id=27616, stack(0x000000fcaf700000,0x000000fcaf800000) (1024K)]
  0x000002e9f8f27550 JavaThread "C1 CompilerThread0"         daemon [_thread_blocked, id=27504, stack(0x000000fcaf800000,0x000000fcaf900000) (1024K)]
  0x000002e9f9099f80 JavaThread "Common-Cleaner"             daemon [_thread_blocked, id=28344, stack(0x000000fcaf900000,0x000000fcafa00000) (1024K)]
  0x000002e9f9276810 JavaThread "Notification Thread"        daemon [_thread_blocked, id=27156, stack(0x000000fcafb00000,0x000000fcafc00000) (1024K)]
  0x000002e9fe583dd0 JavaThread "Active Thread: Equinox Container: f877497a-5b55-4d5b-8e3f-4271cc4b142b"        [_thread_blocked, id=4552, stack(0x000000fcafc00000,0x000000fcafd00000) (1024K)]
  0x000002e9fe65ae20 JavaThread "Refresh Thread: Equinox Container: f877497a-5b55-4d5b-8e3f-4271cc4b142b" daemon [_thread_blocked, id=16892, stack(0x000000fcb0400000,0x000000fcb0500000) (1024K)]
  0x000002e9fe747720 JavaThread "Framework Event Dispatcher: Equinox Container: f877497a-5b55-4d5b-8e3f-4271cc4b142b" daemon [_thread_blocked, id=28148, stack(0x000000fcb0600000,0x000000fcb0700000) (1024K)]
  0x000002e9fe748150 JavaThread "Start Level: Equinox Container: f877497a-5b55-4d5b-8e3f-4271cc4b142b" daemon [_thread_blocked, id=13532, stack(0x000000fcb0700000,0x000000fcb0800000) (1024K)]
  0x000002e9fe8af340 JavaThread "Bundle File Closer"         daemon [_thread_blocked, id=2200, stack(0x000000fcb0a00000,0x000000fcb0b00000) (1024K)]
  0x000002e9fec19110 JavaThread "SCR Component Actor"        daemon [_thread_blocked, id=3196, stack(0x000000fcb0300000,0x000000fcb0400000) (1024K)]
  0x000002e9fecb5090 JavaThread "Worker-JM"                         [_thread_blocked, id=23300, stack(0x000000fcb0c00000,0x000000fcb0d00000) (1024K)]
  0x000002e9ff03a140 JavaThread "JNA Cleaner"                daemon [_thread_blocked, id=26280, stack(0x000000fcb0b00000,0x000000fcb0c00000) (1024K)]
  0x000002e9ff039ab0 JavaThread "Worker-0"                          [_thread_blocked, id=16776, stack(0x000000fcb0d00000,0x000000fcb0e00000) (1024K)]
  0x000002e9ff038700 JavaThread "Worker-1"                          [_thread_blocked, id=24212, stack(0x000000fcb0e00000,0x000000fcb0f00000) (1024K)]
  0x000002e9ff03b4f0 JavaThread "Worker-2: Initialize After Load"        [_thread_in_native, id=27308, stack(0x000000fcb1000000,0x000000fcb1100000) (1024K)]
  0x000002e9ff038d90 JavaThread "Worker-3"                          [_thread_blocked, id=21216, stack(0x000000fcb1100000,0x000000fcb1200000) (1024K)]
  0x000002e9ff03a7d0 JavaThread "Java indexing"              daemon [_thread_blocked, id=14080, stack(0x000000fcb1200000,0x000000fcb1300000) (1024K)]
  0x000002e9ff039420 JavaThread "Worker-4"                          [_thread_blocked, id=3520, stack(0x000000fcb1600000,0x000000fcb1700000) (1024K)]
  0x000002e9ff03ae60 JavaThread "Worker-5"                          [_thread_blocked, id=19944, stack(0x000000fcb1700000,0x000000fcb1800000) (1024K)]
  0x000002e9ff038070 JavaThread "Thread-1"                   daemon [_thread_in_native, id=22752, stack(0x000000fcb1800000,0x000000fcb1900000) (1024K)]
  0x000002e9c2c33d40 JavaThread "Thread-2"                   daemon [_thread_in_native, id=21716, stack(0x000000fcb1900000,0x000000fcb1a00000) (1024K)]
  0x000002e9c2c336b0 JavaThread "Thread-3"                   daemon [_thread_in_native, id=6028, stack(0x000000fcb1a00000,0x000000fcb1b00000) (1024K)]
  0x000002e9c2c364a0 JavaThread "Thread-4"                   daemon [_thread_in_native, id=23876, stack(0x000000fcb1b00000,0x000000fcb1c00000) (1024K)]
  0x000002e9c2c33020 JavaThread "Thread-5"                   daemon [_thread_in_native, id=11136, stack(0x000000fcb1c00000,0x000000fcb1d00000) (1024K)]
  0x000002e9c2c37850 JavaThread "Thread-6"                   daemon [_thread_in_native, id=9912, stack(0x000000fcb1d00000,0x000000fcb1e00000) (1024K)]
  0x000002e9c2c343d0 JavaThread "Thread-7"                   daemon [_thread_in_native, id=21656, stack(0x000000fcb1e00000,0x000000fcb1f00000) (1024K)]
  0x000002e9c2c35e10 JavaThread "Thread-8"                   daemon [_thread_in_native, id=28188, stack(0x000000fcb1f00000,0x000000fcb2000000) (1024K)]
  0x000002e9c2c37ee0 JavaThread "Thread-9"                   daemon [_thread_in_native, id=21068, stack(0x000000fcb2000000,0x000000fcb2100000) (1024K)]
  0x000002e9c2c350f0 JavaThread "Thread-10"                  daemon [_thread_in_native, id=12920, stack(0x000000fcb2100000,0x000000fcb2200000) (1024K)]
  0x000002e9c2c36b30 JavaThread "Thread-11"                  daemon [_thread_in_native, id=18800, stack(0x000000fcb2200000,0x000000fcb2300000) (1024K)]
  0x000002e9c2c34a60 JavaThread "Thread-12"                  daemon [_thread_in_native, id=22280, stack(0x000000fcb2300000,0x000000fcb2400000) (1024K)]
  0x000002e9c2c38c00 JavaThread "Thread-13"                  daemon [_thread_in_native, id=27172, stack(0x000000fcb2400000,0x000000fcb2500000) (1024K)]
  0x000002e9c2c371c0 JavaThread "pool-2-thread-1"                   [_thread_blocked, id=9200, stack(0x000000fcb2500000,0x000000fcb2600000) (1024K)]
  0x000002e9c2c35780 JavaThread "WorkspaceEventsHandler"            [_thread_blocked, id=15396, stack(0x000000fcb2600000,0x000000fcb2700000) (1024K)]
  0x000002e9c2c39290 JavaThread "pool-1-thread-1"                   [_thread_blocked, id=15500, stack(0x000000fcb2700000,0x000000fcb2800000) (1024K)]
  0x000002e9c151bf50 JavaThread "C2 CompilerThread1"         daemon [_thread_blocked, id=10100, stack(0x000000fcb0f00000,0x000000fcb1000000) (1024K)]
Total: 43

Other Threads:
  0x000002e9f7b349a0 VMThread "VM Thread"                           [id=1952, stack(0x000000fcaf000000,0x000000fcaf100000) (1024K)]
  0x000002e9e110bc10 WatcherThread "VM Periodic Task Thread"        [id=27164, stack(0x000000fcaef00000,0x000000fcaf000000) (1024K)]
  0x000002e9e10bb1a0 WorkerThread "GC Thread#0"                     [id=26500, stack(0x000000fcaee00000,0x000000fcaef00000) (1024K)]
  0x000002e9fe116780 WorkerThread "GC Thread#1"                     [id=24292, stack(0x000000fcafd00000,0x000000fcafe00000) (1024K)]
  0x000002e9fe0dccb0 WorkerThread "GC Thread#2"                     [id=25628, stack(0x000000fcafe00000,0x000000fcaff00000) (1024K)]
  0x000002e9fe0dd050 WorkerThread "GC Thread#3"                     [id=28212, stack(0x000000fcaff00000,0x000000fcb0000000) (1024K)]
  0x000002e9fe0dd3f0 WorkerThread "GC Thread#4"                     [id=11984, stack(0x000000fcb0000000,0x000000fcb0100000) (1024K)]
  0x000002e9fe485340 WorkerThread "GC Thread#5"                     [id=26600, stack(0x000000fcb0100000,0x000000fcb0200000) (1024K)]
  0x000002e9fe4856e0 WorkerThread "GC Thread#6"                     [id=4680, stack(0x000000fcb0200000,0x000000fcb0300000) (1024K)]
  0x000002e9fe65b810 WorkerThread "GC Thread#7"                     [id=27012, stack(0x000000fcb0500000,0x000000fcb0600000) (1024K)]
  0x000002e9fe8b04e0 WorkerThread "GC Thread#8"                     [id=28244, stack(0x000000fcb0800000,0x000000fcb0900000) (1024K)]
  0x000002e9fef74c00 WorkerThread "GC Thread#9"                     [id=26468, stack(0x000000fcb0900000,0x000000fcb0a00000) (1024K)]
Total: 12

Threads with active compile tasks:
C2 CompilerThread0  16356 5739   !   4       org.eclipse.osgi.internal.loader.BundleLoader::findClass0 (490 bytes)
Total: 1

VM state: not at safepoint (normal execution)

VM Mutex/Monitor currently owned by a thread: None

Heap address: 0x0000000080000000, size: 2048 MB, Compressed Oops mode: 32-bit

CDS archive(s) mapped at: [0x000002e980000000-0x000002e980ba0000-0x000002e980ba0000), size 12189696, SharedBaseAddress: 0x000002e980000000, ArchiveRelocationMode: 1.
Compressed class space mapped at: 0x000002e981000000-0x000002e9c1000000, reserved size: 1073741824
Narrow klass base: 0x000002e980000000, Narrow klass shift: 0, Narrow klass range: 0x100000000

GC Precious Log:
 CardTable entry size: 512
 CPUs: 12 total, 12 available
 Memory: 16105M
 Large Page Support: Disabled
 NUMA Support: Disabled
 Compressed Oops: Enabled (32-bit)
 Alignments: Space 512K, Generation 512K, Heap 2M
 Heap Min Capacity: 100M
 Heap Initial Capacity: 100M
 Heap Max Capacity: 2G
 Pre-touch: Disabled
 Parallel Workers: 10

Heap:
 PSYoungGen      total 24064K, used 3419K [0x00000000d5580000, 0x00000000d6f00000, 0x0000000100000000)
  eden space 22016K, 8% used [0x00000000d5580000,0x00000000d574c660,0x00000000d6b00000)
  from space 2048K, 77% used [0x00000000d6b80000,0x00000000d6d0a5f0,0x00000000d6d80000)
  to   space 1536K, 0% used [0x00000000d6d80000,0x00000000d6d80000,0x00000000d6f00000)
 ParOldGen       total 68608K, used 22158K [0x0000000080000000, 0x0000000084300000, 0x00000000d5580000)
  object space 68608K, 32% used [0x0000000080000000,0x00000000815a3988,0x0000000084300000)
 Metaspace       used 43964K, committed 45120K, reserved 1114112K
  class space    used 4810K, committed 5376K, reserved 1048576K

Card table byte_map: [0x000002e9e0a70000,0x000002e9e0e80000] _byte_map_base: 0x000002e9e0670000

Marking Bits: (ParMarkBitMap*) 0x00007ffb61142460
 Begin Bits: [0x000002e9f3550000, 0x000002e9f5550000)
 End Bits:   [0x000002e9f5550000, 0x000002e9f7550000)

Polling page: 0x000002e9e0860000

Metaspace:

Usage:
  Non-class:     38.24 MB used.
      Class:      4.70 MB used.
       Both:     42.93 MB used.

Virtual space:
  Non-class space:       64.00 MB reserved,      38.81 MB ( 61%) committed,  1 nodes.
      Class space:        1.00 GB reserved,       5.25 MB ( <1%) committed,  1 nodes.
             Both:        1.06 GB reserved,      44.06 MB (  4%) committed. 

Chunk freelists:
   Non-Class:  8.25 MB
       Class:  10.79 MB
        Both:  19.04 MB

MaxMetaspaceSize: unlimited
CompressedClassSpaceSize: 1.00 GB
Initial GC threshold: 21.00 MB
Current GC threshold: 58.38 MB
CDS: on
 - commit_granule_bytes: 65536.
 - commit_granule_words: 8192.
 - virtual_space_node_default_size: 8388608.
 - enlarge_chunks_in_place: 1.
 - use_allocation_guard: 0.


Internal statistics:

num_allocs_failed_limit: 10.
num_arena_births: 788.
num_arena_deaths: 14.
num_vsnodes_births: 2.
num_vsnodes_deaths: 0.
num_space_committed: 705.
num_space_uncommitted: 0.
num_chunks_returned_to_freelist: 24.
num_chunks_taken_from_freelist: 2740.
num_chunk_merges: 16.
num_chunk_splits: 1715.
num_chunks_enlarged: 1009.
num_inconsistent_stats: 0.

CodeHeap 'non-profiled nmethods': size=120000Kb used=2684Kb max_used=2684Kb free=117315Kb
 bounds [0x000002e9ebd70000, 0x000002e9ec010000, 0x000002e9f32a0000]
CodeHeap 'profiled nmethods': size=120000Kb used=10994Kb max_used=10994Kb free=109005Kb
 bounds [0x000002e9e42a0000, 0x000002e9e4d60000, 0x000002e9eb7d0000]
CodeHeap 'non-nmethods': size=5760Kb used=1372Kb max_used=1446Kb free=4387Kb
 bounds [0x000002e9eb7d0000, 0x000002e9eba40000, 0x000002e9ebd70000]
CodeCache: size=245760Kb, used=15050Kb, max_used=15124Kb, free=230707Kb
 total_blobs=6002, nmethods=5342, adapters=566, full_count=0
Compilation: enabled, stopped_count=0, restarted_count=0

Compilation events (20 events):
Event: 15.290 Thread 0x000002e9f8f27550 nmethod 5917 0x000002e9e4d44110 code [0x000002e9e4d442a0, 0x000002e9e4d44408]
Event: 15.290 Thread 0x000002e9f8f27550 5918       3       com.sun.org.apache.xerces.internal.dom.NodeImpl::ownerDocument (23 bytes)
Event: 15.290 Thread 0x000002e9f8f27550 nmethod 5918 0x000002e9e4d44490 code [0x000002e9e4d44660, 0x000002e9e4d44a30]
Event: 15.291 Thread 0x000002e9f8f27550 5919       3       com.sun.org.apache.xerces.internal.util.ParserConfigurationSettings::checkFeature (39 bytes)
Event: 15.291 Thread 0x000002e9f8f27550 nmethod 5919 0x000002e9e4d44b10 code [0x000002e9e4d44ce0, 0x000002e9e4d45060]
Event: 15.293 Thread 0x000002e9f8f27550 5920       3       com.sun.org.apache.xerces.internal.dom.AttrImpl::<init> (26 bytes)
Event: 15.294 Thread 0x000002e9f8f27550 nmethod 5920 0x000002e9e4d45190 code [0x000002e9e4d45360, 0x000002e9e4d45678]
Event: 15.294 Thread 0x000002e9f8f27550 5921       3       com.sun.org.apache.xerces.internal.dom.AttributeMap::setNamedItem (313 bytes)
Event: 15.295 Thread 0x000002e9f8f27550 nmethod 5921 0x000002e9e4d45810 code [0x000002e9e4d45c20, 0x000002e9e4d47a68]
Event: 15.296 Thread 0x000002e9f8f27550 5922       3       java.io.File::<init> (111 bytes)
Event: 15.296 Thread 0x000002e9f8f27550 nmethod 5922 0x000002e9e4d48310 code [0x000002e9e4d485c0, 0x000002e9e4d49018]
Event: 15.300 Thread 0x000002e9f8f27550 5923       3       java.util.Formatter$FixedString::<init> (20 bytes)
Event: 15.300 Thread 0x000002e9f8f27550 nmethod 5923 0x000002e9e4d49410 code [0x000002e9e4d495c0, 0x000002e9e4d49748]
Event: 15.300 Thread 0x000002e9f8f27550 5924       3       java.util.Formatter$FixedString::print (23 bytes)
Event: 15.301 Thread 0x000002e9f8f27550 nmethod 5924 0x000002e9e4d49810 code [0x000002e9e4d499c0, 0x000002e9e4d49ba8]
Event: 15.301 Thread 0x000002e9f8f27550 5925       3       java.lang.StringBuilder::append (8 bytes)
Event: 15.301 Thread 0x000002e9f8f27550 nmethod 5925 0x000002e9e4d49c90 code [0x000002e9e4d49e40, 0x000002e9e4d49ff0]
Event: 15.304 Thread 0x000002e9f8f27550 5926       3       java.net.URLStreamHandler::parseURL (1124 bytes)
Event: 15.309 Thread 0x000002e9c151bf50 nmethod 5893 0x000002e9ec009f90 code [0x000002e9ec00a400, 0x000002e9ec00c740]
Event: 16.321 Thread 0x000002e9c151bf50 5909       4       jdk.internal.org.objectweb.asm.ByteVector::put122 (93 bytes)

GC Heap History (20 events):
Event: 10.089 GC heap before
{Heap before GC invocations=10 (full 1):
 PSYoungGen      total 25088K, used 23882K [0x00000000d5580000, 0x00000000d7380000, 0x0000000100000000)
  eden space 24064K, 96% used [0x00000000d5580000,0x00000000d6c42528,0x00000000d6d00000)
  from space 1024K, 56% used [0x00000000d7280000,0x00000000d7310388,0x00000000d7380000)
  to   space 2560K, 0% used [0x00000000d6e80000,0x00000000d6e80000,0x00000000d7100000)
 ParOldGen       total 68608K, used 13755K [0x0000000080000000, 0x0000000084300000, 0x00000000d5580000)
  object space 68608K, 20% used [0x0000000080000000,0x0000000080d6ee28,0x0000000084300000)
 Metaspace       used 26575K, committed 27456K, reserved 1114112K
  class space    used 2644K, committed 3008K, reserved 1048576K
}
Event: 10.090 GC heap after
{Heap after GC invocations=10 (full 1):
 PSYoungGen      total 25600K, used 1837K [0x00000000d5580000, 0x00000000d7300000, 0x0000000100000000)
  eden space 23552K, 0% used [0x00000000d5580000,0x00000000d5580000,0x00000000d6c80000)
  from space 2048K, 89% used [0x00000000d6e80000,0x00000000d704b7e8,0x00000000d7080000)
  to   space 2560K, 0% used [0x00000000d7080000,0x00000000d7080000,0x00000000d7300000)
 ParOldGen       total 68608K, used 13763K [0x0000000080000000, 0x0000000084300000, 0x00000000d5580000)
  object space 68608K, 20% used [0x0000000080000000,0x0000000080d70e28,0x0000000084300000)
 Metaspace       used 26575K, committed 27456K, reserved 1114112K
  class space    used 2644K, committed 3008K, reserved 1048576K
}
Event: 10.529 GC heap before
{Heap before GC invocations=11 (full 1):
 PSYoungGen      total 25600K, used 25389K [0x00000000d5580000, 0x00000000d7300000, 0x0000000100000000)
  eden space 23552K, 100% used [0x00000000d5580000,0x00000000d6c80000,0x00000000d6c80000)
  from space 2048K, 89% used [0x00000000d6e80000,0x00000000d704b7e8,0x00000000d7080000)
  to   space 2560K, 0% used [0x00000000d7080000,0x00000000d7080000,0x00000000d7300000)
 ParOldGen       total 68608K, used 13763K [0x0000000080000000, 0x0000000084300000, 0x00000000d5580000)
  object space 68608K, 20% used [0x0000000080000000,0x0000000080d70e28,0x0000000084300000)
 Metaspace       used 28327K, committed 29248K, reserved 1114112K
  class space    used 2836K, committed 3200K, reserved 1048576K
}
Event: 10.532 GC heap after
{Heap after GC invocations=11 (full 1):
 PSYoungGen      total 25088K, used 1933K [0x00000000d5580000, 0x00000000d7280000, 0x0000000100000000)
  eden space 23040K, 0% used [0x00000000d5580000,0x00000000d5580000,0x00000000d6c00000)
  from space 2048K, 94% used [0x00000000d7080000,0x00000000d72634c0,0x00000000d7280000)
  to   space 2048K, 0% used [0x00000000d6e80000,0x00000000d6e80000,0x00000000d7080000)
 ParOldGen       total 68608K, used 15014K [0x0000000080000000, 0x0000000084300000, 0x00000000d5580000)
  object space 68608K, 21% used [0x0000000080000000,0x0000000080ea99c8,0x0000000084300000)
 Metaspace       used 28327K, committed 29248K, reserved 1114112K
  class space    used 2836K, committed 3200K, reserved 1048576K
}
Event: 11.990 GC heap before
{Heap before GC invocations=12 (full 1):
 PSYoungGen      total 25088K, used 24973K [0x00000000d5580000, 0x00000000d7280000, 0x0000000100000000)
  eden space 23040K, 100% used [0x00000000d5580000,0x00000000d6c00000,0x00000000d6c00000)
  from space 2048K, 94% used [0x00000000d7080000,0x00000000d72634c0,0x00000000d7280000)
  to   space 2048K, 0% used [0x00000000d6e80000,0x00000000d6e80000,0x00000000d7080000)
 ParOldGen       total 68608K, used 15014K [0x0000000080000000, 0x0000000084300000, 0x00000000d5580000)
  object space 68608K, 21% used [0x0000000080000000,0x0000000080ea99c8,0x0000000084300000)
 Metaspace       used 31367K, committed 32320K, reserved 1114112K
  class space    used 3193K, committed 3584K, reserved 1048576K
}
Event: 11.996 GC heap after
{Heap after GC invocations=12 (full 1):
 PSYoungGen      total 24064K, used 1497K [0x00000000d5580000, 0x00000000d7100000, 0x0000000100000000)
  eden space 22528K, 0% used [0x00000000d5580000,0x00000000d5580000,0x00000000d6b80000)
  from space 1536K, 97% used [0x00000000d6e80000,0x00000000d6ff6400,0x00000000d7000000)
  to   space 1024K, 0% used [0x00000000d7000000,0x00000000d7000000,0x00000000d7100000)
 ParOldGen       total 68608K, used 16462K [0x0000000080000000, 0x0000000084300000, 0x00000000d5580000)
  object space 68608K, 23% used [0x0000000080000000,0x0000000081013838,0x0000000084300000)
 Metaspace       used 31367K, committed 32320K, reserved 1114112K
  class space    used 3193K, committed 3584K, reserved 1048576K
}
Event: 12.445 GC heap before
{Heap before GC invocations=13 (full 1):
 PSYoungGen      total 24064K, used 24024K [0x00000000d5580000, 0x00000000d7100000, 0x0000000100000000)
  eden space 22528K, 99% used [0x00000000d5580000,0x00000000d6b7fde8,0x00000000d6b80000)
  from space 1536K, 97% used [0x00000000d6e80000,0x00000000d6ff6400,0x00000000d7000000)
  to   space 1024K, 0% used [0x00000000d7000000,0x00000000d7000000,0x00000000d7100000)
 ParOldGen       total 68608K, used 16462K [0x0000000080000000, 0x0000000084300000, 0x00000000d5580000)
  object space 68608K, 23% used [0x0000000080000000,0x0000000081013838,0x0000000084300000)
 Metaspace       used 33272K, committed 34432K, reserved 1114112K
  class space    used 3444K, committed 3968K, reserved 1048576K
}
Event: 12.447 GC heap after
{Heap after GC invocations=13 (full 1):
 PSYoungGen      total 23040K, used 1009K [0x00000000d5580000, 0x00000000d7100000, 0x0000000100000000)
  eden space 22016K, 0% used [0x00000000d5580000,0x00000000d5580000,0x00000000d6b00000)
  from space 1024K, 98% used [0x00000000d7000000,0x00000000d70fc628,0x00000000d7100000)
  to   space 3072K, 0% used [0x00000000d6b00000,0x00000000d6b00000,0x00000000d6e00000)
 ParOldGen       total 68608K, used 18032K [0x0000000080000000, 0x0000000084300000, 0x00000000d5580000)
  object space 68608K, 26% used [0x0000000080000000,0x000000008119c0a0,0x0000000084300000)
 Metaspace       used 33272K, committed 34432K, reserved 1114112K
  class space    used 3444K, committed 3968K, reserved 1048576K
}
Event: 12.544 GC heap before
{Heap before GC invocations=14 (full 1):
 PSYoungGen      total 23040K, used 17704K [0x00000000d5580000, 0x00000000d7100000, 0x0000000100000000)
  eden space 22016K, 75% used [0x00000000d5580000,0x00000000d65cda40,0x00000000d6b00000)
  from space 1024K, 98% used [0x00000000d7000000,0x00000000d70fc628,0x00000000d7100000)
  to   space 3072K, 0% used [0x00000000d6b00000,0x00000000d6b00000,0x00000000d6e00000)
 ParOldGen       total 68608K, used 18032K [0x0000000080000000, 0x0000000084300000, 0x00000000d5580000)
  object space 68608K, 26% used [0x0000000080000000,0x000000008119c0a0,0x0000000084300000)
 Metaspace       used 34724K, committed 35840K, reserved 1114112K
  class space    used 3611K, committed 4160K, reserved 1048576K
}
Event: 12.546 GC heap after
{Heap after GC invocations=14 (full 1):
 PSYoungGen      total 25088K, used 740K [0x00000000d5580000, 0x00000000d7080000, 0x0000000100000000)
  eden space 22016K, 0% used [0x00000000d5580000,0x00000000d5580000,0x00000000d6b00000)
  from space 3072K, 24% used [0x00000000d6b00000,0x00000000d6bb93d0,0x00000000d6e00000)
  to   space 1536K, 0% used [0x00000000d6f00000,0x00000000d6f00000,0x00000000d7080000)
 ParOldGen       total 68608K, used 18993K [0x0000000080000000, 0x0000000084300000, 0x00000000d5580000)
  object space 68608K, 27% used [0x0000000080000000,0x000000008128c630,0x0000000084300000)
 Metaspace       used 34724K, committed 35840K, reserved 1114112K
  class space    used 3611K, committed 4160K, reserved 1048576K
}
Event: 12.546 GC heap before
{Heap before GC invocations=15 (full 2):
 PSYoungGen      total 25088K, used 740K [0x00000000d5580000, 0x00000000d7080000, 0x0000000100000000)
  eden space 22016K, 0% used [0x00000000d5580000,0x00000000d5580000,0x00000000d6b00000)
  from space 3072K, 24% used [0x00000000d6b00000,0x00000000d6bb93d0,0x00000000d6e00000)
  to   space 1536K, 0% used [0x00000000d6f00000,0x00000000d6f00000,0x00000000d7080000)
 ParOldGen       total 68608K, used 18993K [0x0000000080000000, 0x0000000084300000, 0x00000000d5580000)
  object space 68608K, 27% used [0x0000000080000000,0x000000008128c630,0x0000000084300000)
 Metaspace       used 34724K, committed 35840K, reserved 1114112K
  class space    used 3611K, committed 4160K, reserved 1048576K
}
Event: 12.583 GC heap after
{Heap after GC invocations=15 (full 2):
 PSYoungGen      total 25088K, used 0K [0x00000000d5580000, 0x00000000d7080000, 0x0000000100000000)
  eden space 22016K, 0% used [0x00000000d5580000,0x00000000d5580000,0x00000000d6b00000)
  from space 3072K, 0% used [0x00000000d6b00000,0x00000000d6b00000,0x00000000d6e00000)
  to   space 1536K, 0% used [0x00000000d6f00000,0x00000000d6f00000,0x00000000d7080000)
 ParOldGen       total 68608K, used 18463K [0x0000000080000000, 0x0000000084300000, 0x00000000d5580000)
  object space 68608K, 26% used [0x0000000080000000,0x0000000081207c78,0x0000000084300000)
 Metaspace       used 34724K, committed 35840K, reserved 1114112K
  class space    used 3611K, committed 4160K, reserved 1048576K
}
Event: 12.978 GC heap before
{Heap before GC invocations=16 (full 2):
 PSYoungGen      total 25088K, used 22016K [0x00000000d5580000, 0x00000000d7080000, 0x0000000100000000)
  eden space 22016K, 100% used [0x00000000d5580000,0x00000000d6b00000,0x00000000d6b00000)
  from space 3072K, 0% used [0x00000000d6b00000,0x00000000d6b00000,0x00000000d6e00000)
  to   space 1536K, 0% used [0x00000000d6f00000,0x00000000d6f00000,0x00000000d7080000)
 ParOldGen       total 68608K, used 18463K [0x0000000080000000, 0x0000000084300000, 0x00000000d5580000)
  object space 68608K, 26% used [0x0000000080000000,0x0000000081207c78,0x0000000084300000)
 Metaspace       used 36637K, committed 37760K, reserved 1114112K
  class space    used 3886K, committed 4352K, reserved 1048576K
}
Event: 12.979 GC heap after
{Heap after GC invocations=16 (full 2):
 PSYoungGen      total 23552K, used 1536K [0x00000000d5580000, 0x00000000d7080000, 0x0000000100000000)
  eden space 22016K, 0% used [0x00000000d5580000,0x00000000d5580000,0x00000000d6b00000)
  from space 1536K, 100% used [0x00000000d6f00000,0x00000000d7080000,0x00000000d7080000)
  to   space 2048K, 0% used [0x00000000d6c80000,0x00000000d6c80000,0x00000000d6e80000)
 ParOldGen       total 68608K, used 18671K [0x0000000080000000, 0x0000000084300000, 0x00000000d5580000)
  object space 68608K, 27% used [0x0000000080000000,0x000000008123bc78,0x0000000084300000)
 Metaspace       used 36637K, committed 37760K, reserved 1114112K
  class space    used 3886K, committed 4352K, reserved 1048576K
}
Event: 13.533 GC heap before
{Heap before GC invocations=17 (full 2):
 PSYoungGen      total 23552K, used 23552K [0x00000000d5580000, 0x00000000d7080000, 0x0000000100000000)
  eden space 22016K, 100% used [0x00000000d5580000,0x00000000d6b00000,0x00000000d6b00000)
  from space 1536K, 100% used [0x00000000d6f00000,0x00000000d7080000,0x00000000d7080000)
  to   space 2048K, 0% used [0x00000000d6c80000,0x00000000d6c80000,0x00000000d6e80000)
 ParOldGen       total 68608K, used 18671K [0x0000000080000000, 0x0000000084300000, 0x00000000d5580000)
  object space 68608K, 27% used [0x0000000080000000,0x000000008123bc78,0x0000000084300000)
 Metaspace       used 38843K, committed 39936K, reserved 1114112K
  class space    used 4149K, committed 4608K, reserved 1048576K
}
Event: 13.536 GC heap after
{Heap after GC invocations=17 (full 2):
 PSYoungGen      total 23040K, used 864K [0x00000000d5580000, 0x00000000d6f80000, 0x0000000100000000)
  eden space 22016K, 0% used [0x00000000d5580000,0x00000000d5580000,0x00000000d6b00000)
  from space 1024K, 84% used [0x00000000d6c80000,0x00000000d6d58000,0x00000000d6d80000)
  to   space 1536K, 0% used [0x00000000d6e00000,0x00000000d6e00000,0x00000000d6f80000)
 ParOldGen       total 68608K, used 20151K [0x0000000080000000, 0x0000000084300000, 0x00000000d5580000)
  object space 68608K, 29% used [0x0000000080000000,0x00000000813adc78,0x0000000084300000)
 Metaspace       used 38843K, committed 39936K, reserved 1114112K
  class space    used 4149K, committed 4608K, reserved 1048576K
}
Event: 14.360 GC heap before
{Heap before GC invocations=18 (full 2):
 PSYoungGen      total 23040K, used 22880K [0x00000000d5580000, 0x00000000d6f80000, 0x0000000100000000)
  eden space 22016K, 100% used [0x00000000d5580000,0x00000000d6b00000,0x00000000d6b00000)
  from space 1024K, 84% used [0x00000000d6c80000,0x00000000d6d58000,0x00000000d6d80000)
  to   space 1536K, 0% used [0x00000000d6e00000,0x00000000d6e00000,0x00000000d6f80000)
 ParOldGen       total 68608K, used 20151K [0x0000000080000000, 0x0000000084300000, 0x00000000d5580000)
  object space 68608K, 29% used [0x0000000080000000,0x00000000813adc78,0x0000000084300000)
 Metaspace       used 41345K, committed 42496K, reserved 1114112K
  class space    used 4457K, committed 4992K, reserved 1048576K
}
Event: 14.362 GC heap after
{Heap after GC invocations=18 (full 2):
 PSYoungGen      total 23552K, used 1472K [0x00000000d5580000, 0x00000000d6f80000, 0x0000000100000000)
  eden space 22016K, 0% used [0x00000000d5580000,0x00000000d5580000,0x00000000d6b00000)
  from space 1536K, 95% used [0x00000000d6e00000,0x00000000d6f70000,0x00000000d6f80000)
  to   space 2048K, 0% used [0x00000000d6b80000,0x00000000d6b80000,0x00000000d6d80000)
 ParOldGen       total 68608K, used 20831K [0x0000000080000000, 0x0000000084300000, 0x00000000d5580000)
  object space 68608K, 30% used [0x0000000080000000,0x0000000081457c88,0x0000000084300000)
 Metaspace       used 41345K, committed 42496K, reserved 1114112K
  class space    used 4457K, committed 4992K, reserved 1048576K
}
Event: 15.265 GC heap before
{Heap before GC invocations=19 (full 2):
 PSYoungGen      total 23552K, used 23488K [0x00000000d5580000, 0x00000000d6f80000, 0x0000000100000000)
  eden space 22016K, 100% used [0x00000000d5580000,0x00000000d6b00000,0x00000000d6b00000)
  from space 1536K, 95% used [0x00000000d6e00000,0x00000000d6f70000,0x00000000d6f80000)
  to   space 2048K, 0% used [0x00000000d6b80000,0x00000000d6b80000,0x00000000d6d80000)
 ParOldGen       total 68608K, used 20831K [0x0000000080000000, 0x0000000084300000, 0x00000000d5580000)
  object space 68608K, 30% used [0x0000000080000000,0x0000000081457c88,0x0000000084300000)
 Metaspace       used 43738K, committed 44992K, reserved 1114112K
  class space    used 4784K, committed 5376K, reserved 1048576K
}
Event: 15.267 GC heap after
{Heap after GC invocations=19 (full 2):
 PSYoungGen      total 24064K, used 1577K [0x00000000d5580000, 0x00000000d6f00000, 0x0000000100000000)
  eden space 22016K, 0% used [0x00000000d5580000,0x00000000d5580000,0x00000000d6b00000)
  from space 2048K, 77% used [0x00000000d6b80000,0x00000000d6d0a5f0,0x00000000d6d80000)
  to   space 1536K, 0% used [0x00000000d6d80000,0x00000000d6d80000,0x00000000d6f00000)
 ParOldGen       total 68608K, used 22158K [0x0000000080000000, 0x0000000084300000, 0x00000000d5580000)
  object space 68608K, 32% used [0x0000000080000000,0x00000000815a3988,0x0000000084300000)
 Metaspace       used 43738K, committed 44992K, reserved 1114112K
  class space    used 4784K, committed 5376K, reserved 1048576K
}

Dll operation events (10 events):
Event: 0.071 Loaded shared library c:\Users\TUF GAMING A15\.vscode\extensions\redhat.java-1.50.0-win32-x64\jre\21.0.9-win32-x86_64\bin\java.dll
Event: 0.425 Loaded shared library c:\Users\TUF GAMING A15\.vscode\extensions\redhat.java-1.50.0-win32-x64\jre\21.0.9-win32-x86_64\bin\zip.dll
Event: 0.468 Loaded shared library C:\Users\TUF GAMING A15\.vscode\extensions\redhat.java-1.50.0-win32-x64\jre\21.0.9-win32-x86_64\bin\instrument.dll
Event: 0.478 Loaded shared library C:\Users\TUF GAMING A15\.vscode\extensions\redhat.java-1.50.0-win32-x64\jre\21.0.9-win32-x86_64\bin\net.dll
Event: 0.481 Loaded shared library C:\Users\TUF GAMING A15\.vscode\extensions\redhat.java-1.50.0-win32-x64\jre\21.0.9-win32-x86_64\bin\nio.dll
Event: 0.486 Loaded shared library C:\Users\TUF GAMING A15\.vscode\extensions\redhat.java-1.50.0-win32-x64\jre\21.0.9-win32-x86_64\bin\zip.dll
Event: 0.545 Loaded shared library C:\Users\TUF GAMING A15\.vscode\extensions\redhat.java-1.50.0-win32-x64\jre\21.0.9-win32-x86_64\bin\jimage.dll
Event: 0.785 Loaded shared library c:\Users\TUF GAMING A15\.vscode\extensions\redhat.java-1.50.0-win32-x64\jre\21.0.9-win32-x86_64\bin\verify.dll
Event: 3.760 Loaded shared library C:\Users\TUF GAMING A15\AppData\Roaming\Code\User\globalStorage\redhat.java\1.50.0\config_win\org.eclipse.equinox.launcher\org.eclipse.equinox.launcher.win32.win32.x86_64_1.2.1400.v20250801-0854\eclipse_11916.dll
Event: 6.536 Loaded shared library C:\Users\TUF GAMING A15\AppData\Local\Temp\jna-1218633679\jna5399491526901383986.dll

Deoptimization events (20 events):
Event: 15.252 Thread 0x000002e9ff038700 Uncommon trap: trap_request=0xffffff45 fr.pc=0x000002e9ebe45b44 relative=0x00000000000001e4
Event: 15.252 Thread 0x000002e9ff038700 Uncommon trap: reason=unstable_if action=reinterpret pc=0x000002e9ebe45b44 method=java.lang.invoke.VarHandle.accessModeType(I)Ljava/lang/invoke/MethodType; @ 26 c2
Event: 15.252 Thread 0x000002e9ff038700 DEOPT PACKING pc=0x000002e9ebe45b44 sp=0x000000fcb0efeba0
Event: 15.253 Thread 0x000002e9ff038700 DEOPT UNPACKING pc=0x000002e9eb826da2 sp=0x000000fcb0efea80 mode 2
Event: 15.253 Thread 0x000002e9ff038700 Uncommon trap: trap_request=0xffffff45 fr.pc=0x000002e9ebdb8500 relative=0x00000000000000c0
Event: 15.253 Thread 0x000002e9ff038700 Uncommon trap: reason=unstable_if action=reinterpret pc=0x000002e9ebdb8500 method=jdk.internal.misc.Unsafe.convEndian(ZI)I @ 4 c2
Event: 15.253 Thread 0x000002e9ff038700 DEOPT PACKING pc=0x000002e9ebdb8500 sp=0x000000fcb0efeb40
Event: 15.253 Thread 0x000002e9ff038700 DEOPT UNPACKING pc=0x000002e9eb826da2 sp=0x000000fcb0efe9d8 mode 2
Event: 15.259 Thread 0x000002e9ff03b4f0 Uncommon trap: trap_request=0xffffff45 fr.pc=0x000002e9ebddd4b4 relative=0x0000000000000094
Event: 15.259 Thread 0x000002e9ff03b4f0 Uncommon trap: reason=unstable_if action=reinterpret pc=0x000002e9ebddd4b4 method=org.eclipse.core.runtime.Path.lastSegment()Ljava/lang/String; @ 9 c2
Event: 15.259 Thread 0x000002e9ff03b4f0 DEOPT PACKING pc=0x000002e9ebddd4b4 sp=0x000000fcb10feb80
Event: 15.259 Thread 0x000002e9ff03b4f0 DEOPT UNPACKING pc=0x000002e9eb826da2 sp=0x000000fcb10feb10 mode 2
Event: 15.303 Thread 0x000002e9ff03b4f0 Uncommon trap: trap_request=0xffffff45 fr.pc=0x000002e9ebe61e18 relative=0x0000000000001bf8
Event: 15.303 Thread 0x000002e9ff03b4f0 Uncommon trap: reason=unstable_if action=reinterpret pc=0x000002e9ebe61e18 method=org.eclipse.core.runtime.Path.computeSegmentCount(Ljava/lang/String;)I @ 6 c2
Event: 15.303 Thread 0x000002e9ff03b4f0 DEOPT PACKING pc=0x000002e9ebe61e18 sp=0x000000fcb10fe310
Event: 15.303 Thread 0x000002e9ff03b4f0 DEOPT UNPACKING pc=0x000002e9eb826da2 sp=0x000000fcb10fe268 mode 2
Event: 15.307 Thread 0x000002e9ff03b4f0 Uncommon trap: trap_request=0xffffff45 fr.pc=0x000002e9ebf937a0 relative=0x0000000000000520
Event: 15.307 Thread 0x000002e9ff03b4f0 Uncommon trap: reason=unstable_if action=reinterpret pc=0x000002e9ebf937a0 method=org.eclipse.core.runtime.Path.computeSegmentCount(Ljava/lang/String;)I @ 6 c2
Event: 15.307 Thread 0x000002e9ff03b4f0 DEOPT PACKING pc=0x000002e9ebf937a0 sp=0x000000fcb10fe2d0
Event: 15.307 Thread 0x000002e9ff03b4f0 DEOPT UNPACKING pc=0x000002e9eb826da2 sp=0x000000fcb10fe270 mode 2

Classes loaded (20 events):
Event: 14.231 Loading class java/lang/ExceptionInInitializerError
Event: 14.232 Loading class java/lang/ExceptionInInitializerError done
Event: 14.233 Loading class sun/misc/Unsafe
Event: 14.234 Loading class sun/misc/Unsafe done
Event: 14.291 Loading class jdk/internal/org/objectweb/asm/ClassReader
Event: 14.292 Loading class jdk/internal/org/objectweb/asm/ClassReader done
Event: 15.061 Loading class java/lang/ProcessEnvironment$CheckedKeySet
Event: 15.061 Loading class java/lang/ProcessEnvironment$CheckedKeySet done
Event: 15.229 Loading class java/util/regex/Pattern$Pos
Event: 15.229 Loading class java/util/regex/Pattern$Pos done
Event: 15.252 Loading class sun/security/provider/MD5
Event: 15.252 Loading class sun/security/provider/MD5 done
Event: 15.252 Loading class sun/security/provider/ByteArrayAccess$LE
Event: 15.252 Loading class sun/security/provider/ByteArrayAccess$LE done
Event: 15.289 Loading class sun/nio/fs/WindowsException
Event: 15.289 Loading class sun/nio/fs/WindowsException done
Event: 15.301 Loading class sun/net/www/protocol/https/Handler
Event: 15.302 Loading class sun/net/www/protocol/http/Handler
Event: 15.302 Loading class sun/net/www/protocol/http/Handler done
Event: 15.302 Loading class sun/net/www/protocol/https/Handler done

Classes unloaded (7 events):
Event: 9.092 Thread 0x000002e9f7b349a0 Unloading class 0x000002e9811acc00 'java/lang/invoke/LambdaForm$MH+0x000002e9811acc00'
Event: 9.092 Thread 0x000002e9f7b349a0 Unloading class 0x000002e9811ac800 'java/lang/invoke/LambdaForm$MH+0x000002e9811ac800'
Event: 9.092 Thread 0x000002e9f7b349a0 Unloading class 0x000002e9811ac400 'java/lang/invoke/LambdaForm$MH+0x000002e9811ac400'
Event: 9.092 Thread 0x000002e9f7b349a0 Unloading class 0x000002e9811ac000 'java/lang/invoke/LambdaForm$MH+0x000002e9811ac000'
Event: 9.092 Thread 0x000002e9f7b349a0 Unloading class 0x000002e9811abc00 'java/lang/invoke/LambdaForm$BMH+0x000002e9811abc00'
Event: 9.092 Thread 0x000002e9f7b349a0 Unloading class 0x000002e9811ab800 'java/lang/invoke/LambdaForm$DMH+0x000002e9811ab800'
Event: 9.092 Thread 0x000002e9f7b349a0 Unloading class 0x000002e9811aa400 'java/lang/invoke/LambdaForm$DMH+0x000002e9811aa400'

Classes redefined (0 events):
No events

Internal exceptions (20 events):
Event: 14.294 Thread 0x000002e9ff039ab0 Implicit null exception at 0x000002e9ebeb077e to 0x000002e9ebeb09f0
Event: 14.294 Thread 0x000002e9ff039ab0 Implicit null exception at 0x000002e9ebe2421c to 0x000002e9ebe25140
Event: 14.296 Thread 0x000002e9ff039ab0 Exception <a 'java/lang/NoSuchMethodError'{0x00000000d6987960}: 'java.lang.Object java.lang.invoke.Invokers$Holder.invokeExact_MT(java.lang.Object, int, java.lang.Object)'> (0x00000000d6987960) 
thrown [s\src\hotspot\share\interpreter\linkResolver.cpp, line 773]
Event: 15.035 Thread 0x000002e9ff039ab0 Exception <a 'java/lang/NoClassDefFoundError'{0x00000000d6083558}: com/google/inject/servlet/ServletModuleTargetVisitor> (0x00000000d6083558) 
thrown [s\src\hotspot\share\classfile\systemDictionary.cpp, line 301]
Event: 15.289 Thread 0x000002e9ff03b4f0 Exception <a 'sun/nio/fs/WindowsException'{0x00000000d566fda8}> (0x00000000d566fda8) 
thrown [s\src\hotspot\share\prims\jni.cpp, line 520]
Event: 15.290 Thread 0x000002e9ff03b4f0 Exception <a 'sun/nio/fs/WindowsException'{0x00000000d5670668}> (0x00000000d5670668) 
thrown [s\src\hotspot\share\prims\jni.cpp, line 520]
Event: 15.290 Thread 0x000002e9ff03b4f0 Exception <a 'sun/nio/fs/WindowsException'{0x00000000d5671550}> (0x00000000d5671550) 
thrown [s\src\hotspot\share\prims\jni.cpp, line 520]
Event: 15.290 Thread 0x000002e9ff03b4f0 Exception <a 'sun/nio/fs/WindowsException'{0x00000000d5671df8}> (0x00000000d5671df8) 
thrown [s\src\hotspot\share\prims\jni.cpp, line 520]
Event: 15.294 Thread 0x000002e9ff03b4f0 Exception <a 'sun/nio/fs/WindowsException'{0x00000000d56884d8}> (0x00000000d56884d8) 
thrown [s\src\hotspot\share\prims\jni.cpp, line 520]
Event: 15.294 Thread 0x000002e9ff03b4f0 Exception <a 'sun/nio/fs/WindowsException'{0x00000000d5688d80}> (0x00000000d5688d80) 
thrown [s\src\hotspot\share\prims\jni.cpp, line 520]
Event: 15.303 Thread 0x000002e9ff03b4f0 Exception <a 'sun/nio/fs/WindowsException'{0x00000000d56c88c8}> (0x00000000d56c88c8) 
thrown [s\src\hotspot\share\prims\jni.cpp, line 520]
Event: 15.303 Thread 0x000002e9ff03b4f0 Exception <a 'sun/nio/fs/WindowsException'{0x00000000d56c93b0}> (0x00000000d56c93b0) 
thrown [s\src\hotspot\share\prims\jni.cpp, line 520]
Event: 15.305 Thread 0x000002e9ff03b4f0 Exception <a 'sun/nio/fs/WindowsException'{0x00000000d56ca990}> (0x00000000d56ca990) 
thrown [s\src\hotspot\share\prims\jni.cpp, line 520]
Event: 15.305 Thread 0x000002e9ff03b4f0 Exception <a 'sun/nio/fs/WindowsException'{0x00000000d56cafc0}> (0x00000000d56cafc0) 
thrown [s\src\hotspot\share\prims\jni.cpp, line 520]
Event: 15.305 Thread 0x000002e9ff03b4f0 Exception <a 'sun/nio/fs/WindowsException'{0x00000000d56cb8e0}> (0x00000000d56cb8e0) 
thrown [s\src\hotspot\share\prims\jni.cpp, line 520]
Event: 15.306 Thread 0x000002e9ff03b4f0 Exception <a 'sun/nio/fs/WindowsException'{0x00000000d56cbf10}> (0x00000000d56cbf10) 
thrown [s\src\hotspot\share\prims\jni.cpp, line 520]
Event: 15.306 Thread 0x000002e9ff03b4f0 Exception <a 'sun/nio/fs/WindowsException'{0x00000000d56cc890}> (0x00000000d56cc890) 
thrown [s\src\hotspot\share\prims\jni.cpp, line 520]
Event: 15.306 Thread 0x000002e9ff03b4f0 Exception <a 'sun/nio/fs/WindowsException'{0x00000000d56ccec0}> (0x00000000d56ccec0) 
thrown [s\src\hotspot\share\prims\jni.cpp, line 520]
Event: 15.307 Thread 0x000002e9ff03b4f0 Exception <a 'sun/nio/fs/WindowsException'{0x00000000d56ce6b8}> (0x00000000d56ce6b8) 
thrown [s\src\hotspot\share\prims\jni.cpp, line 520]
Event: 15.307 Thread 0x000002e9ff03b4f0 Exception <a 'sun/nio/fs/WindowsException'{0x00000000d56cece8}> (0x00000000d56cece8) 
thrown [s\src\hotspot\share\prims\jni.cpp, line 520]

ZGC Phase Switch (0 events):
No events

VM Operations (20 events):
Event: 12.978 Executing VM operation: ParallelGCFailedAllocation (Allocation Failure)
Event: 12.979 Executing VM operation: ParallelGCFailedAllocation (Allocation Failure) done
Event: 13.145 Executing VM operation: HandshakeAllThreads (Deoptimize)
Event: 13.145 Executing VM operation: HandshakeAllThreads (Deoptimize) done
Event: 13.517 Executing VM operation: ParallelGCFailedAllocation (Allocation Failure)
Event: 13.536 Executing VM operation: ParallelGCFailedAllocation (Allocation Failure) done
Event: 13.778 Executing VM operation: HandshakeAllThreads (Deoptimize)
Event: 13.778 Executing VM operation: HandshakeAllThreads (Deoptimize) done
Event: 14.241 Executing VM operation: ICBufferFull
Event: 14.241 Executing VM operation: ICBufferFull done
Event: 14.360 Executing VM operation: ParallelGCFailedAllocation (Allocation Failure)
Event: 14.362 Executing VM operation: ParallelGCFailedAllocation (Allocation Failure) done
Event: 14.392 Executing VM operation: HandshakeAllThreads (Deoptimize)
Event: 14.392 Executing VM operation: HandshakeAllThreads (Deoptimize) done
Event: 15.169 Executing VM operation: ICBufferFull
Event: 15.169 Executing VM operation: ICBufferFull done
Event: 15.264 Executing VM operation: ParallelGCFailedAllocation (Allocation Failure)
Event: 15.267 Executing VM operation: ParallelGCFailedAllocation (Allocation Failure) done
Event: 16.274 Executing VM operation: Cleanup
Event: 16.274 Executing VM operation: Cleanup done

Memory protections (0 events):
No events

Nmethod flushes (20 events):
Event: 12.566 Thread 0x000002e9f7b349a0 flushing  nmethod 0x000002e9e48d3090
Event: 12.566 Thread 0x000002e9f7b349a0 flushing  nmethod 0x000002e9e48d4290
Event: 12.566 Thread 0x000002e9f7b349a0 flushing  nmethod 0x000002e9e48d4a90
Event: 12.566 Thread 0x000002e9f7b349a0 flushing  nmethod 0x000002e9e48d5210
Event: 12.566 Thread 0x000002e9f7b349a0 flushing  nmethod 0x000002e9e48d6b90
Event: 12.566 Thread 0x000002e9f7b349a0 flushing  nmethod 0x000002e9e48d7710
Event: 12.566 Thread 0x000002e9f7b349a0 flushing  nmethod 0x000002e9e48d8a90
Event: 12.566 Thread 0x000002e9f7b349a0 flushing  nmethod 0x000002e9e48d9790
Event: 12.566 Thread 0x000002e9f7b349a0 flushing  nmethod 0x000002e9e48daa90
Event: 12.566 Thread 0x000002e9f7b349a0 flushing  nmethod 0x000002e9e48db290
Event: 12.566 Thread 0x000002e9f7b349a0 flushing  nmethod 0x000002e9e48dbd10
Event: 12.566 Thread 0x000002e9f7b349a0 flushing  nmethod 0x000002e9e48e8d10
Event: 12.566 Thread 0x000002e9f7b349a0 flushing  nmethod 0x000002e9e4915010
Event: 12.566 Thread 0x000002e9f7b349a0 flushing  nmethod 0x000002e9e4919990
Event: 12.566 Thread 0x000002e9f7b349a0 flushing  nmethod 0x000002e9e491ff90
Event: 12.566 Thread 0x000002e9f7b349a0 flushing  nmethod 0x000002e9e4973b90
Event: 12.566 Thread 0x000002e9f7b349a0 flushing  nmethod 0x000002e9e499b510
Event: 12.566 Thread 0x000002e9f7b349a0 flushing  nmethod 0x000002e9e49af910
Event: 12.566 Thread 0x000002e9f7b349a0 flushing  nmethod 0x000002e9e49b0290
Event: 12.566 Thread 0x000002e9f7b349a0 flushing  nmethod 0x000002e9e49dda10

Events (20 events):
Event: 12.512 Thread 0x000002e9ff039420 Thread added: 0x000002e9ff03ae60
Event: 12.611 Thread 0x000002e9e109bac0 Thread added: 0x000002e9ff038070
Event: 12.611 Thread 0x000002e9e109bac0 Thread added: 0x000002e9c2c33d40
Event: 12.611 Thread 0x000002e9e109bac0 Thread added: 0x000002e9c2c336b0
Event: 12.611 Thread 0x000002e9e109bac0 Thread added: 0x000002e9c2c364a0
Event: 12.611 Thread 0x000002e9e109bac0 Thread added: 0x000002e9c2c33020
Event: 12.612 Thread 0x000002e9e109bac0 Thread added: 0x000002e9c2c37850
Event: 12.612 Thread 0x000002e9e109bac0 Thread added: 0x000002e9c2c343d0
Event: 12.612 Thread 0x000002e9e109bac0 Thread added: 0x000002e9c2c35e10
Event: 12.612 Thread 0x000002e9e109bac0 Thread added: 0x000002e9c2c37ee0
Event: 12.613 Thread 0x000002e9e109bac0 Thread added: 0x000002e9c2c350f0
Event: 12.613 Thread 0x000002e9e109bac0 Thread added: 0x000002e9c2c36b30
Event: 12.613 Thread 0x000002e9e109bac0 Thread added: 0x000002e9c2c34a60
Event: 12.613 Thread 0x000002e9e109bac0 Thread added: 0x000002e9c2c38c00
Event: 12.658 Thread 0x000002e9e109bac0 Thread added: 0x000002e9c2c371c0
Event: 13.086 Thread 0x000002e9e109bac0 Thread added: 0x000002e9c2c35780
Event: 13.087 Thread 0x000002e9e109bac0 Thread added: 0x000002e9c2c39290
Event: 14.161 Thread 0x000002e9c143e490 Thread exited: 0x000002e9c143e490
Event: 14.161 Thread 0x000002e9fee9baa0 Thread exited: 0x000002e9fee9baa0
Event: 14.458 Thread 0x000002e9f8f27550 Thread added: 0x000002e9c151bf50


Dynamic libraries:
0x00007ff6e1940000 - 0x00007ff6e194e000 	c:\Users\TUF GAMING A15\.vscode\extensions\redhat.java-1.50.0-win32-x64\jre\21.0.9-win32-x86_64\bin\java.exe
0x00007ffbe1ca0000 - 0x00007ffbe1f08000 	C:\WINDOWS\SYSTEM32\ntdll.dll
0x00007ffbe1440000 - 0x00007ffbe1509000 	C:\WINDOWS\System32\KERNEL32.DLL
0x00007ffbdf310000 - 0x00007ffbdf708000 	C:\WINDOWS\System32\KERNELBASE.dll
0x00007ffbdf7c0000 - 0x00007ffbdf90b000 	C:\WINDOWS\System32\ucrtbase.dll
0x00007ffbca6b0000 - 0x00007ffbca6c8000 	c:\Users\TUF GAMING A15\.vscode\extensions\redhat.java-1.50.0-win32-x64\jre\21.0.9-win32-x86_64\bin\jli.dll
0x00007ffbe11f0000 - 0x00007ffbe13b7000 	C:\WINDOWS\System32\USER32.dll
0x00007ffbdedf0000 - 0x00007ffbdee17000 	C:\WINDOWS\System32\win32u.dll
0x00007ffbe1620000 - 0x00007ffbe164b000 	C:\WINDOWS\System32\GDI32.dll
0x00007ffbdf910000 - 0x00007ffbdfa3c000 	C:\WINDOWS\System32\gdi32full.dll
0x00007ffbdf030000 - 0x00007ffbdf0d3000 	C:\WINDOWS\System32\msvcp_win.dll
0x00007ffbc4d70000 - 0x00007ffbc4d8e000 	c:\Users\TUF GAMING A15\.vscode\extensions\redhat.java-1.50.0-win32-x64\jre\21.0.9-win32-x86_64\bin\VCRUNTIME140.dll
0x00007ffbc2ae0000 - 0x00007ffbc2d74000 	C:\WINDOWS\WinSxS\amd64_microsoft.windows.common-controls_6595b64144ccf1df_6.0.26100.7019_none_3e06ffa0e335b8a8\COMCTL32.dll
0x00007ffbe1bb0000 - 0x00007ffbe1c59000 	C:\WINDOWS\System32\msvcrt.dll
0x00007ffbdff50000 - 0x00007ffbdff81000 	C:\WINDOWS\System32\IMM32.DLL
0x00007ffbcd090000 - 0x00007ffbcd09c000 	c:\Users\TUF GAMING A15\.vscode\extensions\redhat.java-1.50.0-win32-x64\jre\21.0.9-win32-x86_64\bin\vcruntime140_1.dll
0x00007ffbada50000 - 0x00007ffbadadd000 	c:\Users\TUF GAMING A15\.vscode\extensions\redhat.java-1.50.0-win32-x64\jre\21.0.9-win32-x86_64\bin\msvcp140.dll
0x00007ffb60480000 - 0x00007ffb61220000 	c:\Users\TUF GAMING A15\.vscode\extensions\redhat.java-1.50.0-win32-x64\jre\21.0.9-win32-x86_64\bin\server\jvm.dll
0x00007ffbe09c0000 - 0x00007ffbe0a74000 	C:\WINDOWS\System32\ADVAPI32.dll
0x00007ffbe0a80000 - 0x00007ffbe0b26000 	C:\WINDOWS\System32\sechost.dll
0x00007ffbe0ea0000 - 0x00007ffbe0fb8000 	C:\WINDOWS\System32\RPCRT4.dll
0x00007ffbe0b30000 - 0x00007ffbe0ba4000 	C:\WINDOWS\System32\WS2_32.dll
0x00007ffbdec50000 - 0x00007ffbdecae000 	C:\WINDOWS\SYSTEM32\POWRPROF.dll
0x00007ffbd3a50000 - 0x00007ffbd3a85000 	C:\WINDOWS\SYSTEM32\WINMM.dll
0x00007ffbcc7b0000 - 0x00007ffbcc7bb000 	C:\WINDOWS\SYSTEM32\VERSION.dll
0x00007ffbdec30000 - 0x00007ffbdec44000 	C:\WINDOWS\SYSTEM32\UMPDC.dll
0x00007ffbddbb0000 - 0x00007ffbddbcb000 	C:\WINDOWS\SYSTEM32\kernel.appcore.dll
0x00007ffbccca0000 - 0x00007ffbcccaa000 	c:\Users\TUF GAMING A15\.vscode\extensions\redhat.java-1.50.0-win32-x64\jre\21.0.9-win32-x86_64\bin\jimage.dll
0x00007ffbdc470000 - 0x00007ffbdc6b2000 	C:\WINDOWS\SYSTEM32\DBGHELP.DLL
0x00007ffbe1650000 - 0x00007ffbe19db000 	C:\WINDOWS\System32\combase.dll
0x00007ffbe0bb0000 - 0x00007ffbe0c87000 	C:\WINDOWS\System32\OLEAUT32.dll
0x00007ffbafa20000 - 0x00007ffbafa5c000 	C:\WINDOWS\SYSTEM32\dbgcore.DLL
0x00007ffbdf710000 - 0x00007ffbdf7b5000 	C:\WINDOWS\System32\bcryptPrimitives.dll
0x00007ffbc4d60000 - 0x00007ffbc4d6f000 	c:\Users\TUF GAMING A15\.vscode\extensions\redhat.java-1.50.0-win32-x64\jre\21.0.9-win32-x86_64\bin\instrument.dll
0x00007ffbc1550000 - 0x00007ffbc1570000 	c:\Users\TUF GAMING A15\.vscode\extensions\redhat.java-1.50.0-win32-x64\jre\21.0.9-win32-x86_64\bin\java.dll
0x00007ffbe0090000 - 0x00007ffbe07df000 	C:\WINDOWS\System32\SHELL32.dll
0x00007ffbdf1a0000 - 0x00007ffbdf30b000 	C:\WINDOWS\System32\wintypes.dll
0x00007ffbdca30000 - 0x00007ffbdd28d000 	C:\WINDOWS\SYSTEM32\windows.storage.dll
0x00007ffbe19e0000 - 0x00007ffbe1ad2000 	C:\WINDOWS\System32\SHCORE.dll
0x00007ffbe0c90000 - 0x00007ffbe0cf7000 	C:\WINDOWS\System32\shlwapi.dll
0x00007ffbded10000 - 0x00007ffbded39000 	C:\WINDOWS\SYSTEM32\profapi.dll
0x00007ffbc1530000 - 0x00007ffbc1548000 	c:\Users\TUF GAMING A15\.vscode\extensions\redhat.java-1.50.0-win32-x64\jre\21.0.9-win32-x86_64\bin\zip.dll
0x00007ffbc4cc0000 - 0x00007ffbc4cd0000 	C:\Users\TUF GAMING A15\.vscode\extensions\redhat.java-1.50.0-win32-x64\jre\21.0.9-win32-x86_64\bin\net.dll
0x00007ffbd52d0000 - 0x00007ffbd53f8000 	C:\WINDOWS\SYSTEM32\WINHTTP.dll
0x00007ffbde120000 - 0x00007ffbde18b000 	C:\WINDOWS\system32\mswsock.dll
0x00007ffbc0690000 - 0x00007ffbc06a6000 	C:\Users\TUF GAMING A15\.vscode\extensions\redhat.java-1.50.0-win32-x64\jre\21.0.9-win32-x86_64\bin\nio.dll
0x00007ffbc39a0000 - 0x00007ffbc39b0000 	c:\Users\TUF GAMING A15\.vscode\extensions\redhat.java-1.50.0-win32-x64\jre\21.0.9-win32-x86_64\bin\verify.dll
0x00007ffba5b70000 - 0x00007ffba5bb4000 	C:\Users\TUF GAMING A15\AppData\Roaming\Code\User\globalStorage\redhat.java\1.50.0\config_win\org.eclipse.equinox.launcher\org.eclipse.equinox.launcher.win32.win32.x86_64_1.2.1400.v20250801-0854\eclipse_11916.dll
0x00007ffbe0d00000 - 0x00007ffbe0e97000 	C:\WINDOWS\System32\ole32.dll
0x00007ffbde3e0000 - 0x00007ffbde3fb000 	C:\WINDOWS\SYSTEM32\CRYPTSP.dll
0x00007ffbddb10000 - 0x00007ffbddb4a000 	C:\WINDOWS\system32\rsaenh.dll
0x00007ffbde1d0000 - 0x00007ffbde1fb000 	C:\WINDOWS\SYSTEM32\USERENV.dll
0x00007ffbdece0000 - 0x00007ffbded0a000 	C:\WINDOWS\SYSTEM32\bcrypt.dll
0x00007ffbde400000 - 0x00007ffbde40c000 	C:\WINDOWS\SYSTEM32\CRYPTBASE.dll
0x00007ffbdd670000 - 0x00007ffbdd6a4000 	C:\WINDOWS\SYSTEM32\IPHLPAPI.DLL
0x00007ffbe15a0000 - 0x00007ffbe15aa000 	C:\WINDOWS\System32\NSI.dll
0x00007ffba5ad0000 - 0x00007ffba5b19000 	C:\Users\TUF GAMING A15\AppData\Local\Temp\jna-1218633679\jna5399491526901383986.dll
0x00007ffbe07f0000 - 0x00007ffbe07f8000 	C:\WINDOWS\System32\PSAPI.DLL
0x00007ffbd5c50000 - 0x00007ffbd5c6e000 	C:\WINDOWS\SYSTEM32\dhcpcsvc6.DLL
0x00007ffbd58d0000 - 0x00007ffbd58f3000 	C:\WINDOWS\SYSTEM32\dhcpcsvc.DLL

JVMTI agents:
c:\Users\TUF GAMING A15\.vscode\extensions\redhat.java-1.50.0-win32-x64\lombok\lombok-1.18.39-4050.jar path:c:\Users\TUF GAMING A15\.vscode\extensions\redhat.java-1.50.0-win32-x64\jre\21.0.9-win32-x86_64\bin\instrument.dll, loaded, initialized, instrumentlib options:none

dbghelp: loaded successfully - version: 4.0.5 - missing functions: none
symbol engine: initialized successfully - sym options: 0x614 - pdb path: .;c:\Users\TUF GAMING A15\.vscode\extensions\redhat.java-1.50.0-win32-x64\jre\21.0.9-win32-x86_64\bin;C:\WINDOWS\SYSTEM32;C:\WINDOWS\WinSxS\amd64_microsoft.windows.common-controls_6595b64144ccf1df_6.0.26100.7019_none_3e06ffa0e335b8a8;c:\Users\TUF GAMING A15\.vscode\extensions\redhat.java-1.50.0-win32-x64\jre\21.0.9-win32-x86_64\bin\server;C:\Users\TUF GAMING A15\AppData\Roaming\Code\User\globalStorage\redhat.java\1.50.0\config_win\org.eclipse.equinox.launcher\org.eclipse.equinox.launcher.win32.win32.x86_64_1.2.1400.v20250801-0854;C:\Users\TUF GAMING A15\AppData\Local\Temp\jna-1218633679

VM Arguments:
jvm_args: --add-modules=ALL-SYSTEM --add-opens=java.base/java.util=ALL-UNNAMED --add-opens=java.base/java.lang=ALL-UNNAMED --add-opens=java.base/sun.nio.fs=ALL-UNNAMED -Declipse.application=org.eclipse.jdt.ls.core.id1 -Dosgi.bundles.defaultStartLevel=4 -Declipse.product=org.eclipse.jdt.ls.core.product -Djava.import.generatesMetadataFilesAtProjectRoot=false -DDetectVMInstallationsJob.disabled=true -Dfile.encoding=utf8 -XX:+UseParallelGC -XX:GCTimeRatio=4 -XX:AdaptiveSizePolicyWeight=90 -Dsun.zip.disableMemoryMapping=true -Xmx2G -Xms100m -Xlog:disable -javaagent:c:\Users\TUF GAMING A15\.vscode\extensions\redhat.java-1.50.0-win32-x64\lombok\lombok-1.18.39-4050.jar -XX:+HeapDumpOnOutOfMemoryError -XX:HeapDumpPath=c:\Users\TUF GAMING A15\AppData\Roaming\Code\User\workspaceStorage\783189d7cd1747ae1099046a795e131d\redhat.java -Daether.dependencyCollector.impl=bf 
java_command: c:\Users\TUF GAMING A15\.vscode\extensions\redhat.java-1.50.0-win32-x64\server\plugins\org.eclipse.equinox.launcher_1.7.100.v20251111-0406.jar -configuration c:\Users\TUF GAMING A15\AppData\Roaming\Code\User\globalStorage\redhat.java\1.50.0\config_win -data c:\Users\TUF GAMING A15\AppData\Roaming\Code\User\workspaceStorage\783189d7cd1747ae1099046a795e131d\redhat.java\jdt_ws --pipe=\\.\pipe\lsp-f76763414dcf16e17ed1c71eead4ebeb-sock
java_class_path (initial): c:\Users\TUF GAMING A15\.vscode\extensions\redhat.java-1.50.0-win32-x64\server\plugins\org.eclipse.equinox.launcher_1.7.100.v20251111-0406.jar
Launcher Type: SUN_STANDARD

[Global flags]
    uintx AdaptiveSizePolicyWeight                 = 90                                        {product} {command line}
     intx CICompilerCount                          = 4                                         {product} {ergonomic}
    uintx GCTimeRatio                              = 4                                         {product} {command line}
     bool HeapDumpOnOutOfMemoryError               = true                                   {manageable} {command line}
    ccstr HeapDumpPath                             = c:\Users\TUF GAMING A15\AppData\Roaming\Code\User\workspaceStorage\783189d7cd1747ae1099046a795e131d\redhat.java         {manageable} {command line}
   size_t InitialHeapSize                          = 104857600                                 {product} {command line}
   size_t MaxHeapSize                              = 2147483648                                {product} {command line}
   size_t MaxNewSize                               = 715653120                                 {product} {ergonomic}
   size_t MinHeapDeltaBytes                        = 524288                                    {product} {ergonomic}
   size_t MinHeapSize                              = 104857600                                 {product} {command line}
   size_t NewSize                                  = 34603008                                  {product} {ergonomic}
    uintx NonNMethodCodeHeapSize                   = 5839372                                {pd product} {ergonomic}
    uintx NonProfiledCodeHeapSize                  = 122909434                              {pd product} {ergonomic}
   size_t OldSize                                  = 70254592                                  {product} {ergonomic}
    uintx ProfiledCodeHeapSize                     = 122909434                              {pd product} {ergonomic}
    uintx ReservedCodeCacheSize                    = 251658240                              {pd product} {ergonomic}
     bool SegmentedCodeCache                       = true                                      {product} {ergonomic}
   size_t SoftMaxHeapSize                          = 2147483648                             {manageable} {ergonomic}
     bool UseCompressedOops                        = true                           {product lp64_product} {ergonomic}
     bool UseLargePagesIndividualAllocation        = false                                  {pd product} {ergonomic}
     bool UseParallelGC                            = true                                      {product} {command line}

Logging:
Log output configuration:
 #0: stdout all=off uptime,level,tags foldmultilines=false
 #1: stderr all=off uptime,level,tags foldmultilines=false

Release file:
JAVA_VERSION="21.0.9" 
MODULES="java.base java.compiler java.datatransfer java.xml java.prefs java.desktop java.instrument java.logging java.management java.security.sasl java.naming java.rmi java.management.rmi java.net.http java.scripting java.security.jgss java.transaction.xa java.sql java.sql.rowset java.xml.crypto java.se java.smartcardio jdk.accessibility jdk.internal.jvmstat jdk.attach jdk.charsets jdk.internal.opt jdk.zipfs jdk.compiler jdk.crypto.ec jdk.crypto.cryptoki jdk.crypto.mscapi jdk.dynalink jdk.internal.ed jdk.editpad jdk.hotspot.agent jdk.httpserver jdk.internal.le jdk.internal.vm.ci jdk.internal.vm.compiler jdk.internal.vm.compiler.management jdk.jartool jdk.javadoc jdk.jcmd jdk.management jdk.management.agent jdk.jconsole jdk.jdeps jdk.jdwp.agent jdk.jdi jdk.jfr jdk.jshell jdk.jsobject jdk.jstatd jdk.localedata jdk.management.jfr jdk.naming.dns jdk.naming.rmi jdk.net jdk.nio.mapmode jdk.random jdk.sctp jdk.security.auth jdk.security.jgss jdk.unsupported jdk.unsupported.desktop jdk.xml.dom" 

Environment Variables:
PATH=C:\Program Files\Common Files\Oracle\Java\javapath;C:\Windows\system32;C:\Windows;C:\Windows\System32\Wbem;C:\Windows\System32\WindowsPowerShell\v1.0\;C:\Windows\System32\OpenSSH\;C:\Program Files (x86)\NVIDIA Corporation\PhysX\Common;C:\WINDOWS\system32;C:\WINDOWS;C:\WINDOWS\System32\Wbem;C:\WINDOWS\System32\WindowsPowerShell\v1.0\;C:\WINDOWS\System32\OpenSSH\;C:\Program Files\dotnet\;C:\Program Files\Git\cmd;C:\Program Files\Java\jdk-21\bin;C:\WINDOWS\system32;C:\WINDOWS;C:\WINDOWS\System32\Wbem;C:\WINDOWS\System32\WindowsPowerShell\v1.0\;C:\WINDOWS\System32\OpenSSH\;C:\Program Files\NVIDIA Corporation\NVIDIA app\NvDLISR;C:\Program Files\nodejs\;C:\Users\TUF GAMING A15\AppData\Local\Programs\Python\Python310\Scripts\;C:\Users\TUF GAMING A15\AppData\Local\Programs\Python\Python310\;C:\Users\TUF GAMING A15\AppData\Local\Microsoft\WindowsApps;C:\Users\TUF GAMING A15\AppData\Local\Programs\Microsoft VS Code\bin;C:\Users\TUF GAMING A15\AppData\Local\GitHubDesktop\bin;C:\Users\TUF GAMING A15\.dotnet\tools;C:\Users\TUF GAMING A15\AppData\Roaming\npm
USERNAME=TUF GAMING A15
OS=Windows_NT
PROCESSOR_IDENTIFIER=Intel64 Family 6 Model 141 Stepping 1, GenuineIntel
TMP=C:\Users\TUFGAM~1\AppData\Local\Temp
TEMP=C:\Users\TUFGAM~1\AppData\Local\Temp




Periodic native trim disabled

---------------  S Y S T E M  ---------------

OS:
 Windows 11 , 64 bit Build 26100 (10.0.26100.7019)
OS uptime: 0 days 13:20 hours

CPU: total 12 (initial active 12) (6 cores per cpu, 2 threads per core) family 6 model 141 stepping 1 microcode 0x50, cx8, cmov, fxsr, ht, mmx, 3dnowpref, sse, sse2, sse3, ssse3, sse4.1, sse4.2, popcnt, lzcnt, tsc, tscinvbit, avx, avx2, aes, erms, clmul, bmi1, bmi2, adx, avx512f, avx512dq, avx512cd, avx512bw, avx512vl, sha, fma, vzeroupper, avx512_vpopcntdq, avx512_vpclmulqdq, avx512_vaes, avx512_vnni, clflush, clflushopt, clwb, avx512_vbmi2, avx512_vbmi, rdtscp, rdpid, fsrm, gfni, avx512_bitalg, f16c, pku, cet_ibt, cet_ss, avx512_ifma
Processor Information for the first 12 processors :
  Max Mhz: 2688, Current Mhz: 2688, Mhz Limit: 2688

Memory: 4k page, system-wide physical 16105M (474M free)
TotalPageFile size 31105M (AvailPageFile size 0M)
current process WorkingSet (physical memory assigned to process): 226M, peak: 228M
current process commit charge ("private bytes"): 351M, peak: 354M

vm_info: OpenJDK 64-Bit Server VM (21.0.9+10-LTS) for windows-amd64 JRE (21.0.9+10-LTS), built on 2025-10-21T00:00:00Z by "admin" with unknown MS VC++:1942

END.
